<?xml version="1.0" encoding="UTF-8"?>
<coverage generated="1778782201958" clover="3.2.0">
  <project timestamp="1778782201958" name="All files">
    <metrics statements="49" coveredstatements="49" conditionals="23" coveredconditionals="21" methods="9" coveredmethods="9" elements="81" coveredelements="79" complexity="0" loc="49" ncloc="49" packages="3" files="5" classes="5"/>
    <package name="features.profile">
      <metrics statements="11" coveredstatements="11" conditionals="8" coveredconditionals="8" methods="1" coveredmethods="1"/>
      <file name="validator.ts" path="D:\ИГЭУ\Social-Gitlab\final-project-2-semester\frontend\src\features\profile\validator.ts">
        <metrics statements="11" coveredstatements="11" conditionals="8" coveredconditionals="8" methods="1" coveredmethods="1"/>
        <line num="1" count="1" type="stmt"/>
        <line num="2" count="1" type="stmt"/>
        <line num="6" count="1" type="stmt"/>
        <line num="7" count="4" type="stmt"/>
        <line num="8" count="4" type="stmt"/>
        <line num="9" count="4" type="cond" truecount="2" falsecount="0"/>
        <line num="11" count="4" type="cond" truecount="2" falsecount="0"/>
        <line num="12" count="3" type="cond" truecount="2" falsecount="0"/>
        <line num="13" count="1" type="stmt"/>
        <line num="15" count="4" type="cond" truecount="2" falsecount="0"/>
        <line num="17" count="4" type="stmt"/>
      </file>
    </package>
    <package name="shared.lib">
      <metrics statements="16" coveredstatements="16" conditionals="3" coveredconditionals="3" methods="6" coveredmethods="6"/>
      <file name="copyToClipboard.ts" path="D:\ИГЭУ\Social-Gitlab\final-project-2-semester\frontend\src\shared\lib\copyToClipboard.ts">
        <metrics statements="5" coveredstatements="5" conditionals="0" coveredconditionals="0" methods="1" coveredmethods="1"/>
        <line num="1" count="1" type="stmt"/>
        <line num="2" count="2" type="stmt"/>
        <line num="3" count="2" type="stmt"/>
        <line num="4" count="1" type="stmt"/>
        <line num="6" count="1" type="stmt"/>
      </file>
      <file name="plural.ts" path="D:\ИГЭУ\Social-Gitlab\final-project-2-semester\frontend\src\shared\lib\plural.ts">
        <metrics statements="4" coveredstatements="4" conditionals="2" coveredconditionals="2" methods="1" coveredmethods="1"/>
        <line num="1" count="1" type="stmt"/>
        <line num="9" count="1" type="stmt"/>
        <line num="10" count="7" type="stmt"/>
        <line num="11" count="7" type="cond" truecount="2" falsecount="0"/>
      </file>
      <file name="useDebouncedValue.ts" path="D:\ИГЭУ\Social-Gitlab\final-project-2-semester\frontend\src\shared\lib\useDebouncedValue.ts">
        <metrics statements="7" coveredstatements="7" conditionals="1" coveredconditionals="1" methods="4" coveredmethods="4"/>
        <line num="1" count="1" type="stmt"/>
        <line num="3" count="1" type="cond" truecount="1" falsecount="0"/>
        <line num="4" count="8" type="stmt"/>
        <line num="6" count="8" type="stmt"/>
        <line num="7" count="6" type="stmt"/>
        <line num="8" count="6" type="stmt"/>
        <line num="11" count="8" type="stmt"/>
      </file>
    </package>
    <package name="shared.ui">
      <metrics statements="22" coveredstatements="22" conditionals="12" coveredconditionals="10" methods="2" coveredmethods="2"/>
      <file name="CharacterCounter.tsx" path="D:\ИГЭУ\Social-Gitlab\final-project-2-semester\frontend\src\shared\ui\CharacterCounter.tsx">
        <metrics statements="22" coveredstatements="22" conditionals="12" coveredconditionals="10" methods="2" coveredmethods="2"/>
        <line num="1" count="1" type="stmt"/>
        <line num="9" count="1" type="cond" truecount="1" falsecount="1"/>
        <line num="10" count="3" type="stmt"/>
        <line num="11" count="3" type="stmt"/>
        <line num="12" count="3" type="stmt"/>
        <line num="13" count="3" type="stmt"/>
        <line num="14" count="3" type="stmt"/>
        <line num="15" count="3" type="stmt"/>
        <line num="16" count="3" type="stmt"/>
        <line num="17" count="3" type="stmt"/>
        <line num="19" count="3" type="stmt"/>
        <line num="67" count="1" type="stmt"/>
        <line num="68" count="3" type="cond" truecount="2" falsecount="0"/>
        <line num="70" count="2" type="stmt"/>
        <line num="71" count="2" type="stmt"/>
        <line num="72" count="2" type="stmt"/>
        <line num="74" count="2" type="cond" truecount="2" falsecount="0"/>
        <line num="75" count="1" type="stmt"/>
        <line num="80" count="1" type="stmt"/>
        <line num="81" count="1" type="stmt"/>
        <line num="82" count="1" type="cond" truecount="1" falsecount="1"/>
        <line num="84" count="1" type="stmt"/>
      </file>
    </package>
  </project>
</coverage>
