{"D:\\ИГЭУ\\Social-Gitlab\\final-project-2-semester\\frontend\\src\\app\\App.tsx": {"path":"D:\\ИГЭУ\\Social-Gitlab\\final-project-2-semester\\frontend\\src\\app\\App.tsx","statementMap":{"0":{"start":{"line":1,"column":0},"end":{"line":1,"column":36}},"1":{"start":{"line":4,"column":2},"end":{"line":4,"column":null}},"2":{"start":{"line":7,"column":0},"end":{"line":7,"column":null}}},"fnMap":{"0":{"name":"App","decl":{"start":{"line":3,"column":9},"end":{"line":3,"column":12}},"loc":{"start":{"line":3,"column":12},"end":{"line":5,"column":1}}}},"branchMap":{},"s":{"0":0,"1":0,"2":0},"f":{"0":0},"b":{}}
,"D:\\ИГЭУ\\Social-Gitlab\\final-project-2-semester\\frontend\\src\\app\\MainLayout.tsx": {"path":"D:\\ИГЭУ\\Social-Gitlab\\final-project-2-semester\\frontend\\src\\app\\MainLayout.tsx","statementMap":{"0":{"start":{"line":1,"column":0},"end":{"line":1,"column":54}},"1":{"start":{"line":2,"column":0},"end":{"line":2,"column":46}},"2":{"start":{"line":3,"column":0},"end":{"line":3,"column":33}},"3":{"start":{"line":4,"column":0},"end":{"line":4,"column":42}},"4":{"start":{"line":5,"column":0},"end":{"line":5,"column":45}},"5":{"start":{"line":6,"column":0},"end":{"line":6,"column":52}},"6":{"start":{"line":7,"column":0},"end":{"line":7,"column":46}},"7":{"start":{"line":8,"column":0},"end":{"line":8,"column":46}},"8":{"start":{"line":9,"column":0},"end":{"line":9,"column":44}},"9":{"start":{"line":10,"column":0},"end":{"line":10,"column":43}},"10":{"start":{"line":11,"column":0},"end":{"line":11,"column":47}},"11":{"start":{"line":12,"column":0},"end":{"line":12,"column":61}},"12":{"start":{"line":15,"column":26},"end":{"line":79,"column":1}},"13":{"start":{"line":16,"column":23},"end":{"line":16,"column":36}},"14":{"start":{"line":17,"column":22},"end":{"line":17,"column":46}},"15":{"start":{"line":18,"column":23},"end":{"line":18,"column":49}},"16":{"start":{"line":19,"column":16},"end":{"line":19,"column":43}},"17":{"start":{"line":20,"column":15},"end":{"line":20,"column":41}},"18":{"start":{"line":21,"column":18},"end":{"line":21,"column":40}},"19":{"start":{"line":23,"column":2},"end":{"line":30,"column":null}},"20":{"start":{"line":24,"column":4},"end":{"line":29,"column":5}},"21":{"start":{"line":25,"column":6},"end":{"line":25,"column":null}},"22":{"start":{"line":26,"column":6},"end":{"line":28,"column":null}},"23":{"start":{"line":27,"column":8},"end":{"line":27,"column":null}},"24":{"start":{"line":32,"column":2},"end":{"line":32,"column":null}},"25":{"start":{"line":34,"column":2},"end":{"line":78,"column":null}},"26":{"start":{"line":15,"column":13},"end":{"line":15,"column":26}},"27":{"start":{"line":81,"column":41},"end":{"line":87,"column":null}}},"fnMap":{"0":{"name":"(anonymous_0)","decl":{"start":{"line":15,"column":26},"end":{"line":15,"column":29}},"loc":{"start":{"line":15,"column":31},"end":{"line":79,"column":1}}},"1":{"name":"(anonymous_1)","decl":{"start":{"line":23,"column":12},"end":{"line":23,"column":15}},"loc":{"start":{"line":23,"column":17},"end":{"line":30,"column":3}}},"2":{"name":"(anonymous_2)","decl":{"start":{"line":26,"column":13},"end":{"line":26,"column":16}},"loc":{"start":{"line":26,"column":18},"end":{"line":28,"column":7}}}},"branchMap":{"0":{"loc":{"start":{"line":24,"column":4},"end":{"line":29,"column":5}},"type":"if","locations":[{"start":{"line":24,"column":4},"end":{"line":29,"column":5}},{"start":{},"end":{}}]},"1":{"loc":{"start":{"line":39,"column":13},"end":{"line":39,"column":34}},"type":"cond-expr","locations":[{"start":{"line":39,"column":27},"end":{"line":39,"column":28}},{"start":{"line":39,"column":31},"end":{"line":39,"column":34}}]},"2":{"loc":{"start":{"line":63,"column":20},"end":{"line":63,"column":51}},"type":"cond-expr","locations":[{"start":{"line":63,"column":34},"end":{"line":63,"column":41}},{"start":{"line":63,"column":44},"end":{"line":63,"column":51}}]},"3":{"loc":{"start":{"line":75,"column":7},"end":{"line":75,"column":78}},"type":"binary-expr","locations":[{"start":{"line":75,"column":7},"end":{"line":75,"column":19}},{"start":{"line":75,"column":23},"end":{"line":75,"column":31}},{"start":{"line":75,"column":35},"end":{"line":75,"column":78}}]},"4":{"loc":{"start":{"line":76,"column":7},"end":{"line":76,"column":41}},"type":"binary-expr","locations":[{"start":{"line":76,"column":7},"end":{"line":76,"column":14}},{"start":{"line":76,"column":18},"end":{"line":76,"column":41}}]}},"s":{"0":0,"1":0,"2":0,"3":0,"4":0,"5":0,"6":0,"7":0,"8":0,"9":0,"10":0,"11":0,"12":0,"13":0,"14":0,"15":0,"16":0,"17":0,"18":0,"19":0,"20":0,"21":0,"22":0,"23":0,"24":0,"25":0,"26":0,"27":0},"f":{"0":0,"1":0,"2":0},"b":{"0":[0,0],"1":[0,0],"2":[0,0],"3":[0,0,0],"4":[0,0]}}
,"D:\\ИГЭУ\\Social-Gitlab\\final-project-2-semester\\frontend\\src\\app\\providers.tsx": {"path":"D:\\ИГЭУ\\Social-Gitlab\\final-project-2-semester\\frontend\\src\\app\\providers.tsx","statementMap":{"0":{"start":{"line":1,"column":0},"end":{"line":1,"column":72}},"1":{"start":{"line":3,"column":0},"end":{"line":3,"column":38}},"2":{"start":{"line":4,"column":0},"end":{"line":4,"column":48}},"3":{"start":{"line":5,"column":0},"end":{"line":5,"column":44}},"4":{"start":{"line":6,"column":0},"end":{"line":6,"column":31}},"5":{"start":{"line":8,"column":20},"end":{"line":12,"column":2}},"6":{"start":{"line":18,"column":25},"end":{"line":29,"column":null}},"7":{"start":{"line":19,"column":2},"end":{"line":28,"column":null}},"8":{"start":{"line":18,"column":13},"end":{"line":18,"column":25}}},"fnMap":{"0":{"name":"(anonymous_0)","decl":{"start":{"line":18,"column":25},"end":{"line":18,"column":26}},"loc":{"start":{"line":19,"column":2},"end":{"line":28,"column":null}}}},"branchMap":{},"s":{"0":0,"1":0,"2":0,"3":0,"4":0,"5":0,"6":0,"7":0,"8":0},"f":{"0":0},"b":{}}
,"D:\\ИГЭУ\\Social-Gitlab\\final-project-2-semester\\frontend\\src\\app\\router.tsx": {"path":"D:\\ИГЭУ\\Social-Gitlab\\final-project-2-semester\\frontend\\src\\app\\router.tsx","statementMap":{"0":{"start":{"line":1,"column":0},"end":{"line":1,"column":58}},"1":{"start":{"line":2,"column":0},"end":{"line":2,"column":58}},"2":{"start":{"line":3,"column":0},"end":{"line":3,"column":null}},"3":{"start":{"line":9,"column":0},"end":{"line":9,"column":42}},"4":{"start":{"line":10,"column":0},"end":{"line":10,"column":42}},"5":{"start":{"line":11,"column":0},"end":{"line":11,"column":42}},"6":{"start":{"line":12,"column":0},"end":{"line":12,"column":60}},"7":{"start":{"line":13,"column":0},"end":{"line":13,"column":42}},"8":{"start":{"line":14,"column":0},"end":{"line":14,"column":48}},"9":{"start":{"line":15,"column":0},"end":{"line":15,"column":46}},"10":{"start":{"line":16,"column":0},"end":{"line":16,"column":41}},"11":{"start":{"line":17,"column":0},"end":{"line":17,"column":61}},"12":{"start":{"line":19,"column":25},"end":{"line":65,"column":null}},"13":{"start":{"line":20,"column":2},"end":{"line":64,"column":null}},"14":{"start":{"line":19,"column":13},"end":{"line":19,"column":25}}},"fnMap":{"0":{"name":"(anonymous_0)","decl":{"start":{"line":19,"column":25},"end":{"line":19,"column":28}},"loc":{"start":{"line":20,"column":2},"end":{"line":64,"column":null}}}},"branchMap":{},"s":{"0":0,"1":0,"2":0,"3":0,"4":0,"5":0,"6":0,"7":0,"8":0,"9":0,"10":0,"11":0,"12":0,"13":0,"14":0},"f":{"0":0},"b":{}}
,"D:\\ИГЭУ\\Social-Gitlab\\final-project-2-semester\\frontend\\src\\app\\store.ts": {"path":"D:\\ИГЭУ\\Social-Gitlab\\final-project-2-semester\\frontend\\src\\app\\store.ts","statementMap":{"0":{"start":{"line":1,"column":0},"end":{"line":1,"column":49}},"1":{"start":{"line":2,"column":0},"end":{"line":2,"column":56}},"2":{"start":{"line":3,"column":0},"end":{"line":3,"column":56}},"3":{"start":{"line":6,"column":14},"end":{"line":6,"column":43}},"4":{"start":{"line":7,"column":19},"end":{"line":7,"column":47}},"5":{"start":{"line":9,"column":35},"end":{"line":9,"column":77}},"6":{"start":{"line":10,"column":38},"end":{"line":10,"column":58}},"7":{"start":{"line":12,"column":13},"end":{"line":23,"column":null}}},"fnMap":{},"branchMap":{"0":{"loc":{"start":{"line":9,"column":35},"end":{"line":9,"column":77}},"type":"cond-expr","locations":[{"start":{"line":9,"column":48},"end":{"line":9,"column":70}},{"start":{"line":9,"column":73},"end":{"line":9,"column":77}}]},"1":{"loc":{"start":{"line":10,"column":38},"end":{"line":10,"column":58}},"type":"cond-expr","locations":[{"start":{"line":10,"column":46},"end":{"line":10,"column":51}},{"start":{"line":10,"column":54},"end":{"line":10,"column":58}}]}},"s":{"0":1,"1":1,"2":1,"3":1,"4":1,"5":1,"6":1,"7":1},"f":{},"b":{"0":[0,1],"1":[0,1]}}
,"D:\\ИГЭУ\\Social-Gitlab\\final-project-2-semester\\frontend\\src\\entities\\chat\\ui\\ChatItem.tsx": {"path":"D:\\ИГЭУ\\Social-Gitlab\\final-project-2-semester\\frontend\\src\\entities\\chat\\ui\\ChatItem.tsx","statementMap":{"0":{"start":{"line":1,"column":0},"end":{"line":1,"column":47}},"1":{"start":{"line":4,"column":0},"end":{"line":4,"column":48}},"2":{"start":{"line":5,"column":0},"end":{"line":5,"column":35}},"3":{"start":{"line":6,"column":0},"end":{"line":6,"column":39}},"4":{"start":{"line":15,"column":24},"end":{"line":100,"column":1}},"5":{"start":{"line":16,"column":15},"end":{"line":16,"column":31}},"6":{"start":{"line":17,"column":19},"end":{"line":17,"column":56}},"7":{"start":{"line":19,"column":2},"end":{"line":99,"column":null}},"8":{"start":{"line":15,"column":13},"end":{"line":15,"column":24}},"9":{"start":{"line":102,"column":42},"end":{"line":114,"column":null}}},"fnMap":{"0":{"name":"(anonymous_0)","decl":{"start":{"line":15,"column":24},"end":{"line":15,"column":25}},"loc":{"start":{"line":15,"column":63},"end":{"line":100,"column":1}}}},"branchMap":{"0":{"loc":{"start":{"line":17,"column":19},"end":{"line":17,"column":56}},"type":"cond-expr","locations":[{"start":{"line":17,"column":26},"end":{"line":17,"column":38}},{"start":{"line":17,"column":41},"end":{"line":17,"column":56}}]},"1":{"loc":{"start":{"line":26,"column":25},"end":{"line":26,"column":70}},"type":"cond-expr","locations":[{"start":{"line":26,"column":36},"end":{"line":26,"column":53}},{"start":{"line":26,"column":56},"end":{"line":26,"column":70}}]},"2":{"loc":{"start":{"line":78,"column":13},"end":{"line":79,"column":null}},"type":"binary-expr","locations":[{"start":{"line":78,"column":13},"end":{"line":78,"column":33}},{"start":{"line":79,"column":14},"end":{"line":79,"column":88}}]},"3":{"loc":{"start":{"line":79,"column":33},"end":{"line":79,"column":81}},"type":"cond-expr","locations":[{"start":{"line":79,"column":57},"end":{"line":79,"column":62}},{"start":{"line":79,"column":65},"end":{"line":79,"column":81}}]},"4":{"loc":{"start":{"line":91,"column":26},"end":{"line":91,"column":58}},"type":"cond-expr","locations":[{"start":{"line":91,"column":49},"end":{"line":91,"column":52}},{"start":{"line":91,"column":55},"end":{"line":91,"column":58}}]}},"s":{"0":1,"1":1,"2":1,"3":1,"4":1,"5":7,"6":7,"7":7,"8":1,"9":1},"f":{"0":7},"b":{"0":[6,1],"1":[0,7],"2":[7,2],"3":[1,1],"4":[2,5]}}
,"D:\\ИГЭУ\\Social-Gitlab\\final-project-2-semester\\frontend\\src\\entities\\comment\\api\\getCommentsApi.ts": {"path":"D:\\ИГЭУ\\Social-Gitlab\\final-project-2-semester\\frontend\\src\\entities\\comment\\api\\getCommentsApi.ts","statementMap":{"0":{"start":{"line":1,"column":0},"end":{"line":1,"column":33}},"1":{"start":{"line":9,"column":19},"end":{"line":14,"column":1}},"2":{"start":{"line":10,"column":41},"end":{"line":10,"column":43}},"3":{"start":{"line":11,"column":2},"end":{"line":11,"column":null}},"4":{"start":{"line":11,"column":14},"end":{"line":11,"column":null}},"5":{"start":{"line":12,"column":2},"end":{"line":12,"column":null}},"6":{"start":{"line":12,"column":13},"end":{"line":12,"column":null}},"7":{"start":{"line":13,"column":2},"end":{"line":13,"column":null}},"8":{"start":{"line":16,"column":34},"end":{"line":19,"column":26}},"9":{"start":{"line":17,"column":2},"end":{"line":19,"column":26}},"10":{"start":{"line":19,"column":17},"end":{"line":19,"column":25}},"11":{"start":{"line":16,"column":13},"end":{"line":16,"column":34}}},"fnMap":{"0":{"name":"(anonymous_0)","decl":{"start":{"line":9,"column":19},"end":{"line":9,"column":20}},"loc":{"start":{"line":9,"column":55},"end":{"line":14,"column":1}}},"1":{"name":"(anonymous_1)","decl":{"start":{"line":16,"column":34},"end":{"line":16,"column":35}},"loc":{"start":{"line":17,"column":2},"end":{"line":19,"column":26}}},"2":{"name":"(anonymous_2)","decl":{"start":{"line":19,"column":10},"end":{"line":19,"column":13}},"loc":{"start":{"line":19,"column":17},"end":{"line":19,"column":25}}}},"branchMap":{"0":{"loc":{"start":{"line":11,"column":2},"end":{"line":11,"column":null}},"type":"if","locations":[{"start":{"line":11,"column":2},"end":{"line":11,"column":null}},{"start":{},"end":{}}]},"1":{"loc":{"start":{"line":12,"column":2},"end":{"line":12,"column":null}},"type":"if","locations":[{"start":{"line":12,"column":2},"end":{"line":12,"column":null}},{"start":{},"end":{}}]},"2":{"loc":{"start":{"line":13,"column":9},"end":{"line":13,"column":60}},"type":"cond-expr","locations":[{"start":{"line":13,"column":38},"end":{"line":13,"column":48}},{"start":{"line":13,"column":51},"end":{"line":13,"column":60}}]}},"s":{"0":1,"1":1,"2":3,"3":3,"4":1,"5":3,"6":2,"7":3,"8":1,"9":3,"10":3,"11":1},"f":{"0":3,"1":3,"2":3},"b":{"0":[1,2],"1":[2,1],"2":[2,1]}}
,"D:\\ИГЭУ\\Social-Gitlab\\final-project-2-semester\\frontend\\src\\entities\\comment\\ui\\CommentItem.tsx": {"path":"D:\\ИГЭУ\\Social-Gitlab\\final-project-2-semester\\frontend\\src\\entities\\comment\\ui\\CommentItem.tsx","statementMap":{"0":{"start":{"line":1,"column":0},"end":{"line":1,"column":39}},"1":{"start":{"line":2,"column":0},"end":{"line":2,"column":48}},"2":{"start":{"line":3,"column":0},"end":{"line":3,"column":48}},"3":{"start":{"line":5,"column":0},"end":{"line":5,"column":35}},"4":{"start":{"line":6,"column":0},"end":{"line":6,"column":61}},"5":{"start":{"line":7,"column":0},"end":{"line":7,"column":46}},"6":{"start":{"line":15,"column":27},"end":{"line":85,"column":1}},"7":{"start":{"line":16,"column":2},"end":{"line":84,"column":null}},"8":{"start":{"line":15,"column":13},"end":{"line":15,"column":27}}},"fnMap":{"0":{"name":"(anonymous_0)","decl":{"start":{"line":15,"column":27},"end":{"line":15,"column":28}},"loc":{"start":{"line":15,"column":56},"end":{"line":85,"column":1}}}},"branchMap":{"0":{"loc":{"start":{"line":55,"column":13},"end":{"line":66,"column":null}},"type":"binary-expr","locations":[{"start":{"line":55,"column":13},"end":{"line":55,"column":30}},{"start":{"line":56,"column":14},"end":{"line":65,"column":null}}]}},"s":{"0":2,"1":2,"2":2,"3":2,"4":2,"5":2,"6":2,"7":9,"8":2},"f":{"0":9},"b":{"0":[9,0]}}
,"D:\\ИГЭУ\\Social-Gitlab\\final-project-2-semester\\frontend\\src\\entities\\comment\\ui\\CommentsList.tsx": {"path":"D:\\ИГЭУ\\Social-Gitlab\\final-project-2-semester\\frontend\\src\\entities\\comment\\ui\\CommentsList.tsx","statementMap":{"0":{"start":{"line":1,"column":0},"end":{"line":1,"column":35}},"1":{"start":{"line":2,"column":0},"end":{"line":2,"column":57}},"2":{"start":{"line":3,"column":0},"end":{"line":3,"column":52}},"3":{"start":{"line":5,"column":0},"end":{"line":5,"column":43}},"4":{"start":{"line":15,"column":28},"end":{"line":74,"column":1}},"5":{"start":{"line":22,"column":22},"end":{"line":22,"column":57}},"6":{"start":{"line":24,"column":2},"end":{"line":38,"column":null}},"7":{"start":{"line":25,"column":15},"end":{"line":25,"column":34}},"8":{"start":{"line":26,"column":4},"end":{"line":26,"column":50}},"9":{"start":{"line":26,"column":44},"end":{"line":26,"column":50}},"10":{"start":{"line":28,"column":16},"end":{"line":34,"column":null}},"11":{"start":{"line":30,"column":8},"end":{"line":32,"column":9}},"12":{"start":{"line":31,"column":10},"end":{"line":31,"column":null}},"13":{"start":{"line":36,"column":4},"end":{"line":36,"column":null}},"14":{"start":{"line":37,"column":4},"end":{"line":37,"column":null}},"15":{"start":{"line":37,"column":17},"end":{"line":37,"column":33}},"16":{"start":{"line":40,"column":2},"end":{"line":40,"column":null}},"17":{"start":{"line":40,"column":29},"end":{"line":40,"column":null}},"18":{"start":{"line":42,"column":2},"end":{"line":73,"column":null}},"19":{"start":{"line":58,"column":10},"end":{"line":59,"column":null}},"20":{"start":{"line":15,"column":13},"end":{"line":15,"column":28}}},"fnMap":{"0":{"name":"(anonymous_0)","decl":{"start":{"line":15,"column":28},"end":{"line":15,"column":29}},"loc":{"start":{"line":21,"column":12},"end":{"line":74,"column":1}}},"1":{"name":"(anonymous_1)","decl":{"start":{"line":24,"column":12},"end":{"line":24,"column":15}},"loc":{"start":{"line":24,"column":17},"end":{"line":38,"column":3}}},"2":{"name":"(anonymous_2)","decl":{"start":{"line":29,"column":6},"end":{"line":29,"column":13}},"loc":{"start":{"line":29,"column":16},"end":{"line":33,"column":7}}},"3":{"name":"(anonymous_3)","decl":{"start":{"line":37,"column":11},"end":{"line":37,"column":14}},"loc":{"start":{"line":37,"column":17},"end":{"line":37,"column":33}}},"4":{"name":"(anonymous_4)","decl":{"start":{"line":57,"column":22},"end":{"line":57,"column":23}},"loc":{"start":{"line":58,"column":10},"end":{"line":59,"column":null}}}},"branchMap":{"0":{"loc":{"start":{"line":17,"column":2},"end":{"line":17,"column":21}},"type":"default-arg","locations":[{"start":{"line":17,"column":16},"end":{"line":17,"column":21}}]},"1":{"loc":{"start":{"line":18,"column":2},"end":{"line":18,"column":28}},"type":"default-arg","locations":[{"start":{"line":18,"column":23},"end":{"line":18,"column":28}}]},"2":{"loc":{"start":{"line":26,"column":4},"end":{"line":26,"column":50}},"type":"if","locations":[{"start":{"line":26,"column":4},"end":{"line":26,"column":50}},{"start":{},"end":{}}]},"3":{"loc":{"start":{"line":26,"column":8},"end":{"line":26,"column":42}},"type":"binary-expr","locations":[{"start":{"line":26,"column":8},"end":{"line":26,"column":11}},{"start":{"line":26,"column":15},"end":{"line":26,"column":26}},{"start":{"line":26,"column":30},"end":{"line":26,"column":42}}]},"4":{"loc":{"start":{"line":30,"column":8},"end":{"line":32,"column":9}},"type":"if","locations":[{"start":{"line":30,"column":8},"end":{"line":32,"column":9}},{"start":{},"end":{}}]},"5":{"loc":{"start":{"line":30,"column":12},"end":{"line":30,"column":60}},"type":"binary-expr","locations":[{"start":{"line":30,"column":12},"end":{"line":30,"column":37}},{"start":{"line":30,"column":41},"end":{"line":30,"column":60}}]},"6":{"loc":{"start":{"line":40,"column":2},"end":{"line":40,"column":null}},"type":"if","locations":[{"start":{"line":40,"column":2},"end":{"line":40,"column":null}},{"start":{},"end":{}}]},"7":{"loc":{"start":{"line":62,"column":14},"end":{"line":64,"column":27}},"type":"cond-expr","locations":[{"start":{"line":63,"column":18},"end":{"line":63,"column":50}},{"start":{"line":64,"column":18},"end":{"line":64,"column":27}}]},"8":{"loc":{"start":{"line":62,"column":14},"end":{"line":62,"column":55}},"type":"binary-expr","locations":[{"start":{"line":62,"column":14},"end":{"line":62,"column":39}},{"start":{"line":62,"column":43},"end":{"line":62,"column":55}}]},"9":{"loc":{"start":{"line":70,"column":9},"end":{"line":70,"column":68}},"type":"binary-expr","locations":[{"start":{"line":70,"column":9},"end":{"line":70,"column":20}},{"start":{"line":70,"column":24},"end":{"line":70,"column":68}}]}},"s":{"0":1,"1":1,"2":1,"3":1,"4":1,"5":4,"6":4,"7":4,"8":4,"9":3,"10":1,"11":0,"12":0,"13":1,"14":1,"15":1,"16":4,"17":1,"18":3,"19":4,"20":1},"f":{"0":4,"1":4,"2":0,"3":1,"4":4},"b":{"0":[3],"1":[4],"2":[3,1],"3":[4,1,1],"4":[0,0],"5":[0,0],"6":[1,3],"7":[2,2],"8":[4,3],"9":[3,1]}}
,"D:\\ИГЭУ\\Social-Gitlab\\final-project-2-semester\\frontend\\src\\entities\\comment\\ui\\skeleton\\CommentSkeleton.tsx": {"path":"D:\\ИГЭУ\\Social-Gitlab\\final-project-2-semester\\frontend\\src\\entities\\comment\\ui\\skeleton\\CommentSkeleton.tsx","statementMap":{"0":{"start":{"line":1,"column":0},"end":{"line":1,"column":42}},"1":{"start":{"line":3,"column":31},"end":{"line":8,"column":null}},"2":{"start":{"line":4,"column":2},"end":{"line":7,"column":null}},"3":{"start":{"line":3,"column":13},"end":{"line":3,"column":31}}},"fnMap":{"0":{"name":"(anonymous_0)","decl":{"start":{"line":3,"column":31},"end":{"line":3,"column":34}},"loc":{"start":{"line":4,"column":2},"end":{"line":7,"column":null}}}},"branchMap":{},"s":{"0":1,"1":1,"2":10,"3":1},"f":{"0":10},"b":{}}
,"D:\\ИГЭУ\\Social-Gitlab\\final-project-2-semester\\frontend\\src\\entities\\comment\\ui\\skeleton\\CommentSkeletonList.tsx": {"path":"D:\\ИГЭУ\\Social-Gitlab\\final-project-2-semester\\frontend\\src\\entities\\comment\\ui\\skeleton\\CommentSkeletonList.tsx","statementMap":{"0":{"start":{"line":1,"column":0},"end":{"line":1,"column":35}},"1":{"start":{"line":4,"column":0},"end":{"line":4,"column":52}},"2":{"start":{"line":5,"column":0},"end":{"line":5,"column":51}},"3":{"start":{"line":11,"column":35},"end":{"line":19,"column":1}},"4":{"start":{"line":12,"column":2},"end":{"line":18,"column":null}},"5":{"start":{"line":15,"column":8},"end":{"line":15,"column":39}},"6":{"start":{"line":11,"column":13},"end":{"line":11,"column":35}},"7":{"start":{"line":21,"column":41},"end":{"line":34,"column":null}}},"fnMap":{"0":{"name":"(anonymous_0)","decl":{"start":{"line":11,"column":35},"end":{"line":11,"column":36}},"loc":{"start":{"line":11,"column":60},"end":{"line":19,"column":1}}},"1":{"name":"(anonymous_1)","decl":{"start":{"line":14,"column":41},"end":{"line":14,"column":42}},"loc":{"start":{"line":15,"column":8},"end":{"line":15,"column":39}}}},"branchMap":{"0":{"loc":{"start":{"line":11,"column":38},"end":{"line":11,"column":47}},"type":"default-arg","locations":[{"start":{"line":11,"column":46},"end":{"line":11,"column":47}}]}},"s":{"0":1,"1":1,"2":1,"3":1,"4":2,"5":10,"6":1,"7":1},"f":{"0":2,"1":10},"b":{"0":[1]}}
,"D:\\ИГЭУ\\Social-Gitlab\\final-project-2-semester\\frontend\\src\\entities\\message\\ui\\MessageItem.tsx": {"path":"D:\\ИГЭУ\\Social-Gitlab\\final-project-2-semester\\frontend\\src\\entities\\message\\ui\\MessageItem.tsx","statementMap":{"0":{"start":{"line":1,"column":0},"end":{"line":1,"column":28}},"1":{"start":{"line":2,"column":0},"end":{"line":2,"column":35}},"2":{"start":{"line":3,"column":0},"end":{"line":3,"column":39}},"3":{"start":{"line":10,"column":13},"end":{"line":33,"column":null}},"4":{"start":{"line":11,"column":2},"end":{"line":32,"column":null}}},"fnMap":{"0":{"name":"(anonymous_0)","decl":{"start":{"line":10,"column":32},"end":{"line":10,"column":33}},"loc":{"start":{"line":10,"column":63},"end":{"line":33,"column":1}}}},"branchMap":{"0":{"loc":{"start":{"line":13,"column":60},"end":{"line":13,"column":94}},"type":"cond-expr","locations":[{"start":{"line":13,"column":69},"end":{"line":13,"column":79}},{"start":{"line":13,"column":82},"end":{"line":13,"column":94}}]},"1":{"loc":{"start":{"line":20,"column":27},"end":{"line":20,"column":61}},"type":"cond-expr","locations":[{"start":{"line":20,"column":36},"end":{"line":20,"column":49}},{"start":{"line":20,"column":52},"end":{"line":20,"column":61}}]}},"s":{"0":1,"1":1,"2":1,"3":1,"4":3},"f":{"0":3},"b":{"0":[1,2],"1":[1,2]}}
,"D:\\ИГЭУ\\Social-Gitlab\\final-project-2-semester\\frontend\\src\\entities\\notification\\ui\\NotificationItem.tsx": {"path":"D:\\ИГЭУ\\Social-Gitlab\\final-project-2-semester\\frontend\\src\\entities\\notification\\ui\\NotificationItem.tsx","statementMap":{"0":{"start":{"line":1,"column":0},"end":{"line":1,"column":47}},"1":{"start":{"line":4,"column":0},"end":{"line":4,"column":46}},"2":{"start":{"line":5,"column":0},"end":{"line":5,"column":61}},"3":{"start":{"line":6,"column":0},"end":{"line":6,"column":48}},"4":{"start":{"line":7,"column":0},"end":{"line":7,"column":60}},"5":{"start":{"line":8,"column":0},"end":{"line":8,"column":46}},"6":{"start":{"line":15,"column":55},"end":{"line":19,"column":null}},"7":{"start":{"line":21,"column":28},"end":{"line":28,"column":1}},"8":{"start":{"line":22,"column":2},"end":{"line":22,"column":null}},"9":{"start":{"line":22,"column":38},"end":{"line":22,"column":null}},"10":{"start":{"line":23,"column":2},"end":{"line":25,"column":3}},"11":{"start":{"line":24,"column":4},"end":{"line":24,"column":null}},"12":{"start":{"line":26,"column":2},"end":{"line":26,"column":null}},"13":{"start":{"line":26,"column":25},"end":{"line":26,"column":null}},"14":{"start":{"line":27,"column":2},"end":{"line":27,"column":null}},"15":{"start":{"line":30,"column":32},"end":{"line":71,"column":1}},"16":{"start":{"line":31,"column":17},"end":{"line":31,"column":48}},"17":{"start":{"line":32,"column":19},"end":{"line":32,"column":32}},"18":{"start":{"line":34,"column":2},"end":{"line":70,"column":null}},"19":{"start":{"line":36,"column":21},"end":{"line":36,"column":64}},"20":{"start":{"line":42,"column":22},"end":{"line":42,"column":41}},"21":{"start":{"line":51,"column":24},"end":{"line":51,"column":43}},"22":{"start":{"line":63,"column":16},"end":{"line":63,"column":29}},"23":{"start":{"line":30,"column":13},"end":{"line":30,"column":32}},"24":{"start":{"line":73,"column":41},"end":{"line":87,"column":null}},"25":{"start":{"line":89,"column":43},"end":{"line":91,"column":null}},"26":{"start":{"line":93,"column":44},"end":{"line":99,"column":null}},"27":{"start":{"line":101,"column":41},"end":{"line":105,"column":null}},"28":{"start":{"line":107,"column":48},"end":{"line":113,"column":null}},"29":{"start":{"line":115,"column":51},"end":{"line":124,"column":null}},"30":{"start":{"line":126,"column":45},"end":{"line":131,"column":null}},"31":{"start":{"line":133,"column":42},"end":{"line":139,"column":null}}},"fnMap":{"0":{"name":"(anonymous_0)","decl":{"start":{"line":21,"column":28},"end":{"line":21,"column":29}},"loc":{"start":{"line":21,"column":67},"end":{"line":28,"column":1}}},"1":{"name":"(anonymous_1)","decl":{"start":{"line":30,"column":32},"end":{"line":30,"column":33}},"loc":{"start":{"line":30,"column":60},"end":{"line":71,"column":1}}},"2":{"name":"(anonymous_2)","decl":{"start":{"line":36,"column":15},"end":{"line":36,"column":18}},"loc":{"start":{"line":36,"column":21},"end":{"line":36,"column":64}}},"3":{"name":"(anonymous_3)","decl":{"start":{"line":42,"column":17},"end":{"line":42,"column":18}},"loc":{"start":{"line":42,"column":22},"end":{"line":42,"column":41}}},"4":{"name":"(anonymous_4)","decl":{"start":{"line":51,"column":19},"end":{"line":51,"column":20}},"loc":{"start":{"line":51,"column":24},"end":{"line":51,"column":43}}},"5":{"name":"(anonymous_5)","decl":{"start":{"line":62,"column":26},"end":{"line":62,"column":27}},"loc":{"start":{"line":63,"column":16},"end":{"line":63,"column":29}}}},"branchMap":{"0":{"loc":{"start":{"line":22,"column":2},"end":{"line":22,"column":null}},"type":"if","locations":[{"start":{"line":22,"column":2},"end":{"line":22,"column":null}},{"start":{},"end":{}}]},"1":{"loc":{"start":{"line":23,"column":2},"end":{"line":25,"column":3}},"type":"if","locations":[{"start":{"line":23,"column":2},"end":{"line":25,"column":3}},{"start":{},"end":{}}]},"2":{"loc":{"start":{"line":23,"column":6},"end":{"line":23,"column":82}},"type":"binary-expr","locations":[{"start":{"line":23,"column":6},"end":{"line":23,"column":37}},{"start":{"line":23,"column":41},"end":{"line":23,"column":61}},{"start":{"line":23,"column":65},"end":{"line":23,"column":82}}]},"3":{"loc":{"start":{"line":26,"column":2},"end":{"line":26,"column":null}},"type":"if","locations":[{"start":{"line":26,"column":2},"end":{"line":26,"column":null}},{"start":{},"end":{}}]},"4":{"loc":{"start":{"line":31,"column":17},"end":{"line":31,"column":48}},"type":"binary-expr","locations":[{"start":{"line":31,"column":17},"end":{"line":31,"column":42}},{"start":{"line":31,"column":46},"end":{"line":31,"column":48}}]},"5":{"loc":{"start":{"line":37,"column":19},"end":{"line":37,"column":51}},"type":"binary-expr","locations":[{"start":{"line":37,"column":19},"end":{"line":37,"column":39}},{"start":{"line":37,"column":43},"end":{"line":37,"column":51}}]},"6":{"loc":{"start":{"line":56,"column":11},"end":{"line":57,"column":null}},"type":"binary-expr","locations":[{"start":{"line":56,"column":11},"end":{"line":56,"column":37}},{"start":{"line":56,"column":41},"end":{"line":56,"column":69}},{"start":{"line":57,"column":12},"end":{"line":57,"column":69}}]},"7":{"loc":{"start":{"line":60,"column":11},"end":{"line":65,"column":null}},"type":"binary-expr","locations":[{"start":{"line":60,"column":11},"end":{"line":60,"column":28}},{"start":{"line":60,"column":32},"end":{"line":60,"column":60}},{"start":{"line":61,"column":12},"end":{"line":64,"column":null}}]}},"s":{"0":1,"1":1,"2":1,"3":1,"4":1,"5":1,"6":1,"7":1,"8":0,"9":0,"10":0,"11":0,"12":0,"13":0,"14":0,"15":1,"16":8,"17":8,"18":8,"19":0,"20":0,"21":0,"22":0,"23":1,"24":1,"25":1,"26":1,"27":1,"28":1,"29":1,"30":1,"31":1},"f":{"0":0,"1":8,"2":0,"3":0,"4":0,"5":0},"b":{"0":[0,0],"1":[0,0],"2":[0,0,0],"3":[0,0],"4":[8,7],"5":[8,0],"6":[8,1,1],"7":[8,0,0]}}
,"D:\\ИГЭУ\\Social-Gitlab\\final-project-2-semester\\frontend\\src\\entities\\post\\api\\getPostApi.ts": {"path":"D:\\ИГЭУ\\Social-Gitlab\\final-project-2-semester\\frontend\\src\\entities\\post\\api\\getPostApi.ts","statementMap":{"0":{"start":{"line":1,"column":0},"end":{"line":1,"column":33}},"1":{"start":{"line":9,"column":19},"end":{"line":14,"column":1}},"2":{"start":{"line":10,"column":41},"end":{"line":10,"column":43}},"3":{"start":{"line":11,"column":2},"end":{"line":11,"column":null}},"4":{"start":{"line":11,"column":14},"end":{"line":11,"column":null}},"5":{"start":{"line":12,"column":2},"end":{"line":12,"column":null}},"6":{"start":{"line":12,"column":13},"end":{"line":12,"column":null}},"7":{"start":{"line":13,"column":2},"end":{"line":13,"column":null}},"8":{"start":{"line":16,"column":31},"end":{"line":17,"column":79}},"9":{"start":{"line":17,"column":2},"end":{"line":17,"column":79}},"10":{"start":{"line":17,"column":70},"end":{"line":17,"column":78}},"11":{"start":{"line":16,"column":13},"end":{"line":16,"column":31}},"12":{"start":{"line":19,"column":30},"end":{"line":20,"column":84}},"13":{"start":{"line":20,"column":2},"end":{"line":20,"column":84}},"14":{"start":{"line":20,"column":75},"end":{"line":20,"column":83}},"15":{"start":{"line":19,"column":13},"end":{"line":19,"column":30}},"16":{"start":{"line":22,"column":35},"end":{"line":23,"column":90}},"17":{"start":{"line":23,"column":2},"end":{"line":23,"column":90}},"18":{"start":{"line":23,"column":81},"end":{"line":23,"column":89}},"19":{"start":{"line":22,"column":13},"end":{"line":22,"column":35}},"20":{"start":{"line":25,"column":30},"end":{"line":25,"column":97}},"21":{"start":{"line":25,"column":46},"end":{"line":25,"column":97}},"22":{"start":{"line":25,"column":88},"end":{"line":25,"column":96}},"23":{"start":{"line":25,"column":13},"end":{"line":25,"column":30}}},"fnMap":{"0":{"name":"(anonymous_0)","decl":{"start":{"line":9,"column":19},"end":{"line":9,"column":20}},"loc":{"start":{"line":9,"column":55},"end":{"line":14,"column":1}}},"1":{"name":"(anonymous_1)","decl":{"start":{"line":16,"column":31},"end":{"line":16,"column":32}},"loc":{"start":{"line":17,"column":2},"end":{"line":17,"column":79}}},"2":{"name":"(anonymous_2)","decl":{"start":{"line":17,"column":63},"end":{"line":17,"column":66}},"loc":{"start":{"line":17,"column":70},"end":{"line":17,"column":78}}},"3":{"name":"(anonymous_3)","decl":{"start":{"line":19,"column":30},"end":{"line":19,"column":31}},"loc":{"start":{"line":20,"column":2},"end":{"line":20,"column":84}}},"4":{"name":"(anonymous_4)","decl":{"start":{"line":20,"column":68},"end":{"line":20,"column":71}},"loc":{"start":{"line":20,"column":75},"end":{"line":20,"column":83}}},"5":{"name":"(anonymous_5)","decl":{"start":{"line":22,"column":35},"end":{"line":22,"column":36}},"loc":{"start":{"line":23,"column":2},"end":{"line":23,"column":90}}},"6":{"name":"(anonymous_6)","decl":{"start":{"line":23,"column":74},"end":{"line":23,"column":77}},"loc":{"start":{"line":23,"column":81},"end":{"line":23,"column":89}}},"7":{"name":"(anonymous_7)","decl":{"start":{"line":25,"column":30},"end":{"line":25,"column":31}},"loc":{"start":{"line":25,"column":46},"end":{"line":25,"column":97}}},"8":{"name":"(anonymous_8)","decl":{"start":{"line":25,"column":81},"end":{"line":25,"column":84}},"loc":{"start":{"line":25,"column":88},"end":{"line":25,"column":96}}}},"branchMap":{"0":{"loc":{"start":{"line":11,"column":2},"end":{"line":11,"column":null}},"type":"if","locations":[{"start":{"line":11,"column":2},"end":{"line":11,"column":null}},{"start":{},"end":{}}]},"1":{"loc":{"start":{"line":12,"column":2},"end":{"line":12,"column":null}},"type":"if","locations":[{"start":{"line":12,"column":2},"end":{"line":12,"column":null}},{"start":{},"end":{}}]},"2":{"loc":{"start":{"line":13,"column":9},"end":{"line":13,"column":60}},"type":"cond-expr","locations":[{"start":{"line":13,"column":38},"end":{"line":13,"column":48}},{"start":{"line":13,"column":51},"end":{"line":13,"column":60}}]}},"s":{"0":1,"1":1,"2":5,"3":5,"4":2,"5":5,"6":1,"7":5,"8":1,"9":2,"10":2,"11":1,"12":1,"13":2,"14":2,"15":1,"16":1,"17":1,"18":1,"19":1,"20":1,"21":1,"22":1,"23":1},"f":{"0":5,"1":2,"2":2,"3":2,"4":2,"5":1,"6":1,"7":1,"8":1},"b":{"0":[2,3],"1":[1,4],"2":[2,3]}}
,"D:\\ИГЭУ\\Social-Gitlab\\final-project-2-semester\\frontend\\src\\entities\\post\\ui\\PostComponent.tsx": {"path":"D:\\ИГЭУ\\Social-Gitlab\\final-project-2-semester\\frontend\\src\\entities\\post\\ui\\PostComponent.tsx","statementMap":{"0":{"start":{"line":1,"column":0},"end":{"line":1,"column":57}},"1":{"start":{"line":2,"column":0},"end":{"line":2,"column":35}},"2":{"start":{"line":5,"column":0},"end":{"line":5,"column":80}},"3":{"start":{"line":6,"column":0},"end":{"line":6,"column":39}},"4":{"start":{"line":7,"column":0},"end":{"line":7,"column":48}},"5":{"start":{"line":8,"column":0},"end":{"line":8,"column":48}},"6":{"start":{"line":10,"column":0},"end":{"line":10,"column":41}},"7":{"start":{"line":11,"column":0},"end":{"line":11,"column":46}},"8":{"start":{"line":19,"column":29},"end":{"line":92,"column":1}},"9":{"start":{"line":20,"column":42},"end":{"line":20,"column":71}},"10":{"start":{"line":21,"column":17},"end":{"line":21,"column":79}},"11":{"start":{"line":21,"column":31},"end":{"line":21,"column":63}},"12":{"start":{"line":23,"column":2},"end":{"line":91,"column":null}},"13":{"start":{"line":87,"column":25},"end":{"line":87,"column":46}},"14":{"start":{"line":19,"column":13},"end":{"line":19,"column":29}},"15":{"start":{"line":94,"column":45},"end":{"line":100,"column":null}}},"fnMap":{"0":{"name":"(anonymous_0)","decl":{"start":{"line":19,"column":29},"end":{"line":19,"column":30}},"loc":{"start":{"line":19,"column":77},"end":{"line":92,"column":1}}},"1":{"name":"(anonymous_1)","decl":{"start":{"line":21,"column":25},"end":{"line":21,"column":28}},"loc":{"start":{"line":21,"column":31},"end":{"line":21,"column":63}}},"2":{"name":"(anonymous_2)","decl":{"start":{"line":87,"column":19},"end":{"line":87,"column":22}},"loc":{"start":{"line":87,"column":25},"end":{"line":87,"column":46}}}},"branchMap":{"0":{"loc":{"start":{"line":77,"column":9},"end":{"line":77,"column":91}},"type":"binary-expr","locations":[{"start":{"line":77,"column":9},"end":{"line":77,"column":26}},{"start":{"line":77,"column":30},"end":{"line":77,"column":91}}]},"1":{"loc":{"start":{"line":82,"column":7},"end":{"line":88,"column":null}},"type":"binary-expr","locations":[{"start":{"line":82,"column":7},"end":{"line":82,"column":28}},{"start":{"line":83,"column":8},"end":{"line":87,"column":null}}]}},"s":{"0":1,"1":1,"2":1,"3":1,"4":1,"5":1,"6":1,"7":1,"8":1,"9":12,"10":12,"11":9,"12":12,"13":1,"14":1,"15":1},"f":{"0":12,"1":9,"2":1},"b":{"0":[12,6],"1":[12,2]}}
,"D:\\ИГЭУ\\Social-Gitlab\\final-project-2-semester\\frontend\\src\\entities\\post\\ui\\PostImages.tsx": {"path":"D:\\ИГЭУ\\Social-Gitlab\\final-project-2-semester\\frontend\\src\\entities\\post\\ui\\PostImages.tsx","statementMap":{"0":{"start":{"line":1,"column":0},"end":{"line":1,"column":35}},"1":{"start":{"line":4,"column":0},"end":{"line":4,"column":39}},"2":{"start":{"line":11,"column":26},"end":{"line":90,"column":1}},"3":{"start":{"line":12,"column":21},"end":{"line":12,"column":34}},"4":{"start":{"line":14,"column":2},"end":{"line":46,"column":3}},"5":{"start":{"line":15,"column":4},"end":{"line":45,"column":null}},"6":{"start":{"line":30,"column":25},"end":{"line":30,"column":40}},"7":{"start":{"line":48,"column":22},"end":{"line":64,"column":15}},"8":{"start":{"line":66,"column":2},"end":{"line":89,"column":null}},"9":{"start":{"line":74,"column":8},"end":{"line":75,"column":null}},"10":{"start":{"line":81,"column":25},"end":{"line":81,"column":44}},"11":{"start":{"line":11,"column":13},"end":{"line":11,"column":26}},"12":{"start":{"line":92,"column":28},"end":{"line":98,"column":null}},"13":{"start":{"line":100,"column":50},"end":{"line":107,"column":null}}},"fnMap":{"0":{"name":"(anonymous_0)","decl":{"start":{"line":11,"column":26},"end":{"line":11,"column":27}},"loc":{"start":{"line":11,"column":83},"end":{"line":90,"column":1}}},"1":{"name":"(anonymous_1)","decl":{"start":{"line":11,"column":52},"end":{"line":11,"column":55}},"loc":{"start":{"line":11,"column":57},"end":{"line":11,"column":60}}},"2":{"name":"(anonymous_2)","decl":{"start":{"line":30,"column":19},"end":{"line":30,"column":22}},"loc":{"start":{"line":30,"column":25},"end":{"line":30,"column":40}}},"3":{"name":"(anonymous_3)","decl":{"start":{"line":73,"column":18},"end":{"line":73,"column":19}},"loc":{"start":{"line":74,"column":8},"end":{"line":75,"column":null}}},"4":{"name":"(anonymous_4)","decl":{"start":{"line":81,"column":19},"end":{"line":81,"column":22}},"loc":{"start":{"line":81,"column":25},"end":{"line":81,"column":44}}}},"branchMap":{"0":{"loc":{"start":{"line":11,"column":37},"end":{"line":11,"column":60}},"type":"default-arg","locations":[{"start":{"line":11,"column":52},"end":{"line":11,"column":60}}]},"1":{"loc":{"start":{"line":14,"column":2},"end":{"line":46,"column":3}},"type":"if","locations":[{"start":{"line":14,"column":2},"end":{"line":46,"column":3}},{"start":{},"end":{}}]},"2":{"loc":{"start":{"line":84,"column":21},"end":{"line":84,"column":72}},"type":"cond-expr","locations":[{"start":{"line":84,"column":55},"end":{"line":84,"column":63}},{"start":{"line":84,"column":66},"end":{"line":84,"column":72}}]},"3":{"loc":{"start":{"line":84,"column":21},"end":{"line":84,"column":52}},"type":"binary-expr","locations":[{"start":{"line":84,"column":21},"end":{"line":84,"column":37}},{"start":{"line":84,"column":41},"end":{"line":84,"column":52}}]}},"s":{"0":2,"1":2,"2":2,"3":12,"4":12,"5":8,"6":3,"7":4,"8":4,"9":11,"10":1,"11":2,"12":2,"13":2},"f":{"0":12,"1":0,"2":3,"3":11,"4":1},"b":{"0":[0],"1":[8,4],"2":[1,10],"3":[11,3]}}
,"D:\\ИГЭУ\\Social-Gitlab\\final-project-2-semester\\frontend\\src\\entities\\post\\ui\\butons\\ButtonComment.tsx": {"path":"D:\\ИГЭУ\\Social-Gitlab\\final-project-2-semester\\frontend\\src\\entities\\post\\ui\\butons\\ButtonComment.tsx","statementMap":{"0":{"start":{"line":1,"column":0},"end":{"line":1,"column":47}},"1":{"start":{"line":2,"column":0},"end":{"line":2,"column":59}},"2":{"start":{"line":3,"column":0},"end":{"line":3,"column":69}},"3":{"start":{"line":4,"column":0},"end":{"line":4,"column":45}},"4":{"start":{"line":11,"column":29},"end":{"line":36,"column":1}},"5":{"start":{"line":12,"column":2},"end":{"line":35,"column":null}},"6":{"start":{"line":11,"column":13},"end":{"line":11,"column":29}}},"fnMap":{"0":{"name":"(anonymous_1)","decl":{"start":{"line":11,"column":29},"end":{"line":11,"column":30}},"loc":{"start":{"line":11,"column":75},"end":{"line":36,"column":1}}}},"branchMap":{},"s":{"0":1,"1":1,"2":1,"3":1,"4":1,"5":4,"6":1},"f":{"0":4},"b":{}}
,"D:\\ИГЭУ\\Social-Gitlab\\final-project-2-semester\\frontend\\src\\entities\\post\\ui\\butons\\ButtonLike.tsx": {"path":"D:\\ИГЭУ\\Social-Gitlab\\final-project-2-semester\\frontend\\src\\entities\\post\\ui\\butons\\ButtonLike.tsx","statementMap":{"0":{"start":{"line":1,"column":0},"end":{"line":1,"column":47}},"1":{"start":{"line":2,"column":0},"end":{"line":2,"column":59}},"2":{"start":{"line":3,"column":0},"end":{"line":3,"column":64}},"3":{"start":{"line":4,"column":0},"end":{"line":4,"column":77}},"4":{"start":{"line":5,"column":0},"end":{"line":5,"column":45}},"5":{"start":{"line":14,"column":26},"end":{"line":43,"column":1}},"6":{"start":{"line":15,"column":2},"end":{"line":42,"column":null}},"7":{"start":{"line":14,"column":13},"end":{"line":14,"column":26}}},"fnMap":{"0":{"name":"(anonymous_1)","decl":{"start":{"line":14,"column":26},"end":{"line":14,"column":27}},"loc":{"start":{"line":14,"column":92},"end":{"line":43,"column":1}}}},"branchMap":{"0":{"loc":{"start":{"line":14,"column":41},"end":{"line":14,"column":56}},"type":"default-arg","locations":[{"start":{"line":14,"column":51},"end":{"line":14,"column":56}}]},"1":{"loc":{"start":{"line":21,"column":12},"end":{"line":23,"column":10}},"type":"binary-expr","locations":[{"start":{"line":21,"column":12},"end":{"line":21,"column":19}},{"start":{"line":21,"column":23},"end":{"line":23,"column":10}}]},"2":{"loc":{"start":{"line":31,"column":19},"end":{"line":31,"column":56}},"type":"cond-expr","locations":[{"start":{"line":31,"column":29},"end":{"line":31,"column":44}},{"start":{"line":31,"column":47},"end":{"line":31,"column":56}}]}},"s":{"0":1,"1":1,"2":1,"3":1,"4":1,"5":1,"6":4,"7":1},"f":{"0":4},"b":{"0":[3],"1":[4,1],"2":[1,3]}}
,"D:\\ИГЭУ\\Social-Gitlab\\final-project-2-semester\\frontend\\src\\entities\\post\\ui\\butons\\ButtonReport.tsx": {"path":"D:\\ИГЭУ\\Social-Gitlab\\final-project-2-semester\\frontend\\src\\entities\\post\\ui\\butons\\ButtonReport.tsx","statementMap":{"0":{"start":{"line":1,"column":0},"end":{"line":1,"column":47}},"1":{"start":{"line":2,"column":0},"end":{"line":2,"column":72}},"2":{"start":{"line":3,"column":0},"end":{"line":3,"column":67}},"3":{"start":{"line":9,"column":28},"end":{"line":29,"column":1}},"4":{"start":{"line":10,"column":2},"end":{"line":28,"column":null}},"5":{"start":{"line":9,"column":13},"end":{"line":9,"column":28}}},"fnMap":{"0":{"name":"(anonymous_1)","decl":{"start":{"line":9,"column":28},"end":{"line":9,"column":29}},"loc":{"start":{"line":9,"column":57},"end":{"line":29,"column":1}}}},"branchMap":{},"s":{"0":1,"1":1,"2":1,"3":1,"4":2,"5":1},"f":{"0":2},"b":{}}
,"D:\\ИГЭУ\\Social-Gitlab\\final-project-2-semester\\frontend\\src\\entities\\post\\ui\\butons\\styles.ts": {"path":"D:\\ИГЭУ\\Social-Gitlab\\final-project-2-semester\\frontend\\src\\entities\\post\\ui\\butons\\styles.ts","statementMap":{"0":{"start":{"line":3,"column":0},"end":{"line":3,"column":67}},"1":{"start":{"line":5,"column":13},"end":{"line":16,"column":null}}},"fnMap":{},"branchMap":{},"s":{"0":2,"1":2},"f":{},"b":{}}
,"D:\\ИГЭУ\\Social-Gitlab\\final-project-2-semester\\frontend\\src\\entities\\post\\ui\\skeleton\\PostSkeleton.tsx": {"path":"D:\\ИГЭУ\\Social-Gitlab\\final-project-2-semester\\frontend\\src\\entities\\post\\ui\\skeleton\\PostSkeleton.tsx","statementMap":{"0":{"start":{"line":1,"column":0},"end":{"line":1,"column":35}},"1":{"start":{"line":4,"column":0},"end":{"line":4,"column":42}},"2":{"start":{"line":5,"column":0},"end":{"line":5,"column":39}},"3":{"start":{"line":6,"column":0},"end":{"line":6,"column":69}},"4":{"start":{"line":7,"column":0},"end":{"line":7,"column":64}},"5":{"start":{"line":11,"column":28},"end":{"line":22,"column":null}},"6":{"start":{"line":12,"column":2},"end":{"line":20,"column":null}},"7":{"start":{"line":11,"column":13},"end":{"line":11,"column":28}},"8":{"start":{"line":25,"column":41},"end":{"line":31,"column":null}}},"fnMap":{"0":{"name":"(anonymous_1)","decl":{"start":{"line":11,"column":28},"end":{"line":11,"column":29}},"loc":{"start":{"line":12,"column":2},"end":{"line":20,"column":null}}}},"branchMap":{"0":{"loc":{"start":{"line":11,"column":31},"end":{"line":11,"column":47}},"type":"default-arg","locations":[{"start":{"line":11,"column":42},"end":{"line":11,"column":47}}]}},"s":{"0":2,"1":2,"2":2,"3":2,"4":2,"5":2,"6":12,"7":2,"8":2},"f":{"0":12},"b":{"0":[1]}}
,"D:\\ИГЭУ\\Social-Gitlab\\final-project-2-semester\\frontend\\src\\entities\\post\\ui\\skeleton\\PostSkeletonList.tsx": {"path":"D:\\ИГЭУ\\Social-Gitlab\\final-project-2-semester\\frontend\\src\\entities\\post\\ui\\skeleton\\PostSkeletonList.tsx","statementMap":{"0":{"start":{"line":1,"column":0},"end":{"line":1,"column":35}},"1":{"start":{"line":4,"column":0},"end":{"line":4,"column":52}},"2":{"start":{"line":5,"column":0},"end":{"line":5,"column":45}},"3":{"start":{"line":11,"column":32},"end":{"line":19,"column":1}},"4":{"start":{"line":12,"column":2},"end":{"line":18,"column":null}},"5":{"start":{"line":15,"column":8},"end":{"line":15,"column":34}},"6":{"start":{"line":11,"column":13},"end":{"line":11,"column":32}},"7":{"start":{"line":21,"column":41},"end":{"line":34,"column":null}}},"fnMap":{"0":{"name":"(anonymous_0)","decl":{"start":{"line":11,"column":32},"end":{"line":11,"column":33}},"loc":{"start":{"line":11,"column":57},"end":{"line":19,"column":1}}},"1":{"name":"(anonymous_1)","decl":{"start":{"line":14,"column":41},"end":{"line":14,"column":42}},"loc":{"start":{"line":15,"column":8},"end":{"line":15,"column":34}}}},"branchMap":{"0":{"loc":{"start":{"line":11,"column":35},"end":{"line":11,"column":44}},"type":"default-arg","locations":[{"start":{"line":11,"column":43},"end":{"line":11,"column":44}}]}},"s":{"0":1,"1":1,"2":1,"3":1,"4":2,"5":10,"6":1,"7":1},"f":{"0":2,"1":10},"b":{"0":[1]}}
,"D:\\ИГЭУ\\Social-Gitlab\\final-project-2-semester\\frontend\\src\\entities\\user\\api\\getUserApi.ts": {"path":"D:\\ИГЭУ\\Social-Gitlab\\final-project-2-semester\\frontend\\src\\entities\\user\\api\\getUserApi.ts","statementMap":{"0":{"start":{"line":1,"column":0},"end":{"line":1,"column":33}},"1":{"start":{"line":4,"column":30},"end":{"line":4,"column":97}},"2":{"start":{"line":4,"column":46},"end":{"line":4,"column":97}},"3":{"start":{"line":4,"column":88},"end":{"line":4,"column":96}},"4":{"start":{"line":4,"column":13},"end":{"line":4,"column":30}},"5":{"start":{"line":6,"column":41},"end":{"line":7,"column":61}},"6":{"start":{"line":7,"column":2},"end":{"line":7,"column":61}},"7":{"start":{"line":7,"column":52},"end":{"line":7,"column":60}},"8":{"start":{"line":6,"column":13},"end":{"line":6,"column":41}}},"fnMap":{"0":{"name":"(anonymous_0)","decl":{"start":{"line":4,"column":30},"end":{"line":4,"column":31}},"loc":{"start":{"line":4,"column":46},"end":{"line":4,"column":97}}},"1":{"name":"(anonymous_1)","decl":{"start":{"line":4,"column":81},"end":{"line":4,"column":84}},"loc":{"start":{"line":4,"column":88},"end":{"line":4,"column":96}}},"2":{"name":"(anonymous_2)","decl":{"start":{"line":6,"column":41},"end":{"line":6,"column":44}},"loc":{"start":{"line":7,"column":2},"end":{"line":7,"column":61}}},"3":{"name":"(anonymous_3)","decl":{"start":{"line":7,"column":45},"end":{"line":7,"column":48}},"loc":{"start":{"line":7,"column":52},"end":{"line":7,"column":60}}}},"branchMap":{},"s":{"0":8,"1":8,"2":0,"3":0,"4":8,"5":8,"6":0,"7":0,"8":8},"f":{"0":0,"1":0,"2":0,"3":0},"b":{}}
,"D:\\ИГЭУ\\Social-Gitlab\\final-project-2-semester\\frontend\\src\\entities\\user\\hooks\\useUserSuggestions.ts": {"path":"D:\\ИГЭУ\\Social-Gitlab\\final-project-2-semester\\frontend\\src\\entities\\user\\hooks\\useUserSuggestions.ts","statementMap":{"0":{"start":{"line":1,"column":0},"end":{"line":1,"column":48}},"1":{"start":{"line":2,"column":0},"end":{"line":2,"column":61}},"2":{"start":{"line":4,"column":34},"end":{"line":12,"column":4}},"3":{"start":{"line":5,"column":2},"end":{"line":12,"column":4}},"4":{"start":{"line":4,"column":13},"end":{"line":4,"column":34}}},"fnMap":{"0":{"name":"(anonymous_0)","decl":{"start":{"line":4,"column":34},"end":{"line":4,"column":37}},"loc":{"start":{"line":5,"column":2},"end":{"line":12,"column":4}}}},"branchMap":{},"s":{"0":8,"1":8,"2":8,"3":0,"4":8},"f":{"0":0},"b":{}}
,"D:\\ИГЭУ\\Social-Gitlab\\final-project-2-semester\\frontend\\src\\entities\\user\\model\\selectors.ts": {"path":"D:\\ИГЭУ\\Social-Gitlab\\final-project-2-semester\\frontend\\src\\entities\\user\\model\\selectors.ts","statementMap":{"0":{"start":{"line":3,"column":26},"end":{"line":3,"column":58}},"1":{"start":{"line":3,"column":48},"end":{"line":3,"column":58}},"2":{"start":{"line":3,"column":13},"end":{"line":3,"column":26}}},"fnMap":{"0":{"name":"(anonymous_0)","decl":{"start":{"line":3,"column":26},"end":{"line":3,"column":27}},"loc":{"start":{"line":3,"column":48},"end":{"line":3,"column":58}}}},"branchMap":{},"s":{"0":10,"1":108,"2":10},"f":{"0":108},"b":{}}
,"D:\\ИГЭУ\\Social-Gitlab\\final-project-2-semester\\frontend\\src\\entities\\user\\model\\userSlice.ts": {"path":"D:\\ИГЭУ\\Social-Gitlab\\final-project-2-semester\\frontend\\src\\entities\\user\\model\\userSlice.ts","statementMap":{"0":{"start":{"line":1,"column":0},"end":{"line":1,"column":46}},"1":{"start":{"line":7,"column":32},"end":{"line":7,"column":36}},"2":{"start":{"line":9,"column":13},"end":{"line":20,"column":null}},"3":{"start":{"line":13,"column":49},"end":{"line":13,"column":63}},"4":{"start":{"line":15,"column":6},"end":{"line":15,"column":24}},"5":{"start":{"line":15,"column":18},"end":{"line":15,"column":24}},"6":{"start":{"line":16,"column":6},"end":{"line":16,"column":null}},"7":{"start":{"line":18,"column":21},"end":{"line":18,"column":25}},"8":{"start":{"line":22,"column":13},"end":{"line":22,"column":50}},"9":{"start":{"line":23,"column":0},"end":{"line":23,"column":null}}},"fnMap":{"0":{"name":"(anonymous_0)","decl":{"start":{"line":13,"column":13},"end":{"line":13,"column":14}},"loc":{"start":{"line":13,"column":49},"end":{"line":13,"column":63}}},"1":{"name":"(anonymous_1)","decl":{"start":{"line":14,"column":16},"end":{"line":14,"column":17}},"loc":{"start":{"line":14,"column":64},"end":{"line":17,"column":5}}},"2":{"name":"(anonymous_2)","decl":{"start":{"line":18,"column":15},"end":{"line":18,"column":18}},"loc":{"start":{"line":18,"column":21},"end":{"line":18,"column":25}}}},"branchMap":{"0":{"loc":{"start":{"line":15,"column":6},"end":{"line":15,"column":24}},"type":"if","locations":[{"start":{"line":15,"column":6},"end":{"line":15,"column":24}},{"start":{},"end":{}}]}},"s":{"0":12,"1":12,"2":12,"3":3,"4":2,"5":1,"6":1,"7":2,"8":12,"9":12},"f":{"0":3,"1":2,"2":2},"b":{"0":[1,1]}}
,"D:\\ИГЭУ\\Social-Gitlab\\final-project-2-semester\\frontend\\src\\entities\\user\\ui\\UserCard.tsx": {"path":"D:\\ИГЭУ\\Social-Gitlab\\final-project-2-semester\\frontend\\src\\entities\\user\\ui\\UserCard.tsx","statementMap":{"0":{"start":{"line":1,"column":0},"end":{"line":1,"column":47}},"1":{"start":{"line":2,"column":0},"end":{"line":2,"column":39}},"2":{"start":{"line":3,"column":0},"end":{"line":3,"column":35}},"3":{"start":{"line":5,"column":0},"end":{"line":5,"column":42}},"4":{"start":{"line":6,"column":0},"end":{"line":6,"column":46}},"5":{"start":{"line":16,"column":24},"end":{"line":83,"column":1}},"6":{"start":{"line":17,"column":2},"end":{"line":82,"column":null}},"7":{"start":{"line":16,"column":13},"end":{"line":16,"column":24}}},"fnMap":{"0":{"name":"(anonymous_0)","decl":{"start":{"line":16,"column":24},"end":{"line":16,"column":25}},"loc":{"start":{"line":16,"column":95},"end":{"line":83,"column":1}}}},"branchMap":{"0":{"loc":{"start":{"line":16,"column":33},"end":{"line":16,"column":39}},"type":"default-arg","locations":[{"start":{"line":16,"column":38},"end":{"line":16,"column":39}}]},"1":{"loc":{"start":{"line":16,"column":41},"end":{"line":16,"column":47}},"type":"default-arg","locations":[{"start":{"line":16,"column":46},"end":{"line":16,"column":47}}]},"2":{"loc":{"start":{"line":16,"column":49},"end":{"line":16,"column":65}},"type":"default-arg","locations":[{"start":{"line":16,"column":60},"end":{"line":16,"column":65}}]},"3":{"loc":{"start":{"line":16,"column":67},"end":{"line":16,"column":82}},"type":"default-arg","locations":[{"start":{"line":16,"column":80},"end":{"line":16,"column":82}}]},"4":{"loc":{"start":{"line":32,"column":16},"end":{"line":32,"column":64}},"type":"cond-expr","locations":[{"start":{"line":32,"column":27},"end":{"line":32,"column":55}},{"start":{"line":32,"column":58},"end":{"line":32,"column":64}}]}},"s":{"0":9,"1":9,"2":9,"3":9,"4":9,"5":9,"6":6,"7":9},"f":{"0":6},"b":{"0":[6],"1":[6],"2":[5],"3":[5],"4":[1,5]}}
,"D:\\ИГЭУ\\Social-Gitlab\\final-project-2-semester\\frontend\\src\\features\\auth\\api\\authApi.ts": {"path":"D:\\ИГЭУ\\Social-Gitlab\\final-project-2-semester\\frontend\\src\\features\\auth\\api\\authApi.ts","statementMap":{"0":{"start":{"line":1,"column":0},"end":{"line":1,"column":33}},"1":{"start":{"line":10,"column":28},"end":{"line":11,"column":67}},"2":{"start":{"line":11,"column":2},"end":{"line":11,"column":67}},"3":{"start":{"line":11,"column":58},"end":{"line":11,"column":66}},"4":{"start":{"line":10,"column":13},"end":{"line":10,"column":28}},"5":{"start":{"line":13,"column":31},"end":{"line":14,"column":70}},"6":{"start":{"line":14,"column":2},"end":{"line":14,"column":70}},"7":{"start":{"line":14,"column":61},"end":{"line":14,"column":69}},"8":{"start":{"line":13,"column":13},"end":{"line":13,"column":31}}},"fnMap":{"0":{"name":"(anonymous_0)","decl":{"start":{"line":10,"column":28},"end":{"line":10,"column":29}},"loc":{"start":{"line":11,"column":2},"end":{"line":11,"column":67}}},"1":{"name":"(anonymous_1)","decl":{"start":{"line":11,"column":51},"end":{"line":11,"column":54}},"loc":{"start":{"line":11,"column":58},"end":{"line":11,"column":66}}},"2":{"name":"(anonymous_2)","decl":{"start":{"line":13,"column":31},"end":{"line":13,"column":32}},"loc":{"start":{"line":14,"column":2},"end":{"line":14,"column":70}}},"3":{"name":"(anonymous_3)","decl":{"start":{"line":14,"column":54},"end":{"line":14,"column":57}},"loc":{"start":{"line":14,"column":61},"end":{"line":14,"column":69}}}},"branchMap":{},"s":{"0":3,"1":3,"2":2,"3":1,"4":3,"5":3,"6":1,"7":1,"8":3},"f":{"0":2,"1":1,"2":1,"3":1},"b":{}}
,"D:\\ИГЭУ\\Social-Gitlab\\final-project-2-semester\\frontend\\src\\features\\auth\\hooks\\useAuth.ts": {"path":"D:\\ИГЭУ\\Social-Gitlab\\final-project-2-semester\\frontend\\src\\features\\auth\\hooks\\useAuth.ts","statementMap":{"0":{"start":{"line":1,"column":0},"end":{"line":1,"column":51}},"1":{"start":{"line":2,"column":0},"end":{"line":2,"column":46}},"2":{"start":{"line":3,"column":0},"end":{"line":3,"column":54}},"3":{"start":{"line":4,"column":0},"end":{"line":4,"column":45}},"4":{"start":{"line":6,"column":0},"end":{"line":6,"column":56}},"5":{"start":{"line":8,"column":20},"end":{"line":11,"column":1}},"6":{"start":{"line":9,"column":2},"end":{"line":9,"column":null}},"7":{"start":{"line":10,"column":2},"end":{"line":10,"column":null}},"8":{"start":{"line":13,"column":24},"end":{"line":24,"column":1}},"9":{"start":{"line":14,"column":19},"end":{"line":14,"column":35}},"10":{"start":{"line":16,"column":2},"end":{"line":23,"column":null}},"11":{"start":{"line":17,"column":37},"end":{"line":17,"column":55}},"12":{"start":{"line":19,"column":6},"end":{"line":19,"column":null}},"13":{"start":{"line":20,"column":6},"end":{"line":20,"column":null}},"14":{"start":{"line":21,"column":6},"end":{"line":21,"column":null}},"15":{"start":{"line":13,"column":13},"end":{"line":13,"column":24}},"16":{"start":{"line":26,"column":27},"end":{"line":37,"column":1}},"17":{"start":{"line":27,"column":19},"end":{"line":27,"column":35}},"18":{"start":{"line":29,"column":2},"end":{"line":36,"column":null}},"19":{"start":{"line":30,"column":40},"end":{"line":30,"column":61}},"20":{"start":{"line":32,"column":6},"end":{"line":32,"column":null}},"21":{"start":{"line":33,"column":6},"end":{"line":33,"column":null}},"22":{"start":{"line":34,"column":6},"end":{"line":34,"column":null}},"23":{"start":{"line":26,"column":13},"end":{"line":26,"column":27}}},"fnMap":{"0":{"name":"(anonymous_0)","decl":{"start":{"line":8,"column":20},"end":{"line":8,"column":21}},"loc":{"start":{"line":8,"column":63},"end":{"line":11,"column":1}}},"1":{"name":"(anonymous_1)","decl":{"start":{"line":13,"column":24},"end":{"line":13,"column":27}},"loc":{"start":{"line":13,"column":29},"end":{"line":24,"column":1}}},"2":{"name":"(anonymous_2)","decl":{"start":{"line":17,"column":16},"end":{"line":17,"column":17}},"loc":{"start":{"line":17,"column":37},"end":{"line":17,"column":55}}},"3":{"name":"(anonymous_3)","decl":{"start":{"line":18,"column":15},"end":{"line":18,"column":19}},"loc":{"start":{"line":18,"column":22},"end":{"line":22,"column":5}}},"4":{"name":"(anonymous_4)","decl":{"start":{"line":26,"column":27},"end":{"line":26,"column":30}},"loc":{"start":{"line":26,"column":32},"end":{"line":37,"column":1}}},"5":{"name":"(anonymous_5)","decl":{"start":{"line":30,"column":16},"end":{"line":30,"column":17}},"loc":{"start":{"line":30,"column":40},"end":{"line":30,"column":61}}},"6":{"name":"(anonymous_6)","decl":{"start":{"line":31,"column":15},"end":{"line":31,"column":19}},"loc":{"start":{"line":31,"column":22},"end":{"line":35,"column":5}}}},"branchMap":{},"s":{"0":2,"1":2,"2":2,"3":2,"4":2,"5":2,"6":0,"7":0,"8":2,"9":0,"10":0,"11":0,"12":0,"13":0,"14":0,"15":2,"16":2,"17":0,"18":0,"19":0,"20":0,"21":0,"22":0,"23":2},"f":{"0":0,"1":0,"2":0,"3":0,"4":0,"5":0,"6":0},"b":{}}
,"D:\\ИГЭУ\\Social-Gitlab\\final-project-2-semester\\frontend\\src\\features\\auth\\model\\authSlice.ts": {"path":"D:\\ИГЭУ\\Social-Gitlab\\final-project-2-semester\\frontend\\src\\features\\auth\\model\\authSlice.ts","statementMap":{"0":{"start":{"line":1,"column":0},"end":{"line":1,"column":46}},"1":{"start":{"line":8,"column":32},"end":{"line":10,"column":null}},"2":{"start":{"line":12,"column":13},"end":{"line":23,"column":null}},"3":{"start":{"line":17,"column":6},"end":{"line":17,"column":null}},"4":{"start":{"line":20,"column":6},"end":{"line":20,"column":null}},"5":{"start":{"line":25,"column":13},"end":{"line":25,"column":40}},"6":{"start":{"line":27,"column":0},"end":{"line":27,"column":null}}},"fnMap":{"0":{"name":"(anonymous_0)","decl":{"start":{"line":16,"column":14},"end":{"line":16,"column":15}},"loc":{"start":{"line":16,"column":55},"end":{"line":18,"column":5}}},"1":{"name":"(anonymous_1)","decl":{"start":{"line":19,"column":16},"end":{"line":19,"column":21}},"loc":{"start":{"line":19,"column":24},"end":{"line":21,"column":5}}}},"branchMap":{},"s":{"0":12,"1":12,"2":12,"3":4,"4":2,"5":12,"6":12},"f":{"0":4,"1":2},"b":{}}
,"D:\\ИГЭУ\\Social-Gitlab\\final-project-2-semester\\frontend\\src\\features\\auth\\model\\selectors.ts": {"path":"D:\\ИГЭУ\\Social-Gitlab\\final-project-2-semester\\frontend\\src\\features\\auth\\model\\selectors.ts","statementMap":{"0":{"start":{"line":3,"column":27},"end":{"line":3,"column":65}},"1":{"start":{"line":3,"column":49},"end":{"line":3,"column":65}},"2":{"start":{"line":3,"column":13},"end":{"line":3,"column":27}}},"fnMap":{"0":{"name":"(anonymous_0)","decl":{"start":{"line":3,"column":27},"end":{"line":3,"column":28}},"loc":{"start":{"line":3,"column":49},"end":{"line":3,"column":65}}}},"branchMap":{},"s":{"0":4,"1":14,"2":4},"f":{"0":14},"b":{}}
,"D:\\ИГЭУ\\Social-Gitlab\\final-project-2-semester\\frontend\\src\\features\\auth\\ui\\AdminRoute.tsx": {"path":"D:\\ИГЭУ\\Social-Gitlab\\final-project-2-semester\\frontend\\src\\features\\auth\\ui\\AdminRoute.tsx","statementMap":{"0":{"start":{"line":2,"column":0},"end":{"line":2,"column":43}},"1":{"start":{"line":3,"column":0},"end":{"line":3,"column":46}},"2":{"start":{"line":4,"column":0},"end":{"line":4,"column":43}},"3":{"start":{"line":5,"column":0},"end":{"line":5,"column":46}},"4":{"start":{"line":11,"column":26},"end":{"line":19,"column":1}},"5":{"start":{"line":12,"column":15},"end":{"line":12,"column":41}},"6":{"start":{"line":14,"column":2},"end":{"line":16,"column":3}},"7":{"start":{"line":15,"column":4},"end":{"line":15,"column":null}},"8":{"start":{"line":18,"column":2},"end":{"line":18,"column":null}},"9":{"start":{"line":11,"column":13},"end":{"line":11,"column":26}}},"fnMap":{"0":{"name":"(anonymous_0)","decl":{"start":{"line":11,"column":26},"end":{"line":11,"column":27}},"loc":{"start":{"line":11,"column":50},"end":{"line":19,"column":1}}}},"branchMap":{"0":{"loc":{"start":{"line":14,"column":2},"end":{"line":16,"column":3}},"type":"if","locations":[{"start":{"line":14,"column":2},"end":{"line":16,"column":3}},{"start":{},"end":{}}]}},"s":{"0":3,"1":3,"2":3,"3":3,"4":3,"5":3,"6":3,"7":2,"8":1,"9":3},"f":{"0":3},"b":{"0":[2,1]}}
,"D:\\ИГЭУ\\Social-Gitlab\\final-project-2-semester\\frontend\\src\\features\\auth\\ui\\AuthForm.tsx": {"path":"D:\\ИГЭУ\\Social-Gitlab\\final-project-2-semester\\frontend\\src\\features\\auth\\ui\\AuthForm.tsx","statementMap":{"0":{"start":{"line":1,"column":0},"end":{"line":1,"column":65}},"1":{"start":{"line":4,"column":0},"end":{"line":4,"column":52}},"2":{"start":{"line":5,"column":0},"end":{"line":5,"column":43}},"3":{"start":{"line":6,"column":0},"end":{"line":6,"column":59}},"4":{"start":{"line":7,"column":0},"end":{"line":7,"column":63}},"5":{"start":{"line":8,"column":0},"end":{"line":8,"column":59}},"6":{"start":{"line":9,"column":0},"end":{"line":9,"column":56}},"7":{"start":{"line":18,"column":24},"end":{"line":206,"column":1}},"8":{"start":{"line":19,"column":26},"end":{"line":24,"column":4}},"9":{"start":{"line":25,"column":24},"end":{"line":25,"column":34}},"10":{"start":{"line":26,"column":27},"end":{"line":26,"column":40}},"11":{"start":{"line":28,"column":21},"end":{"line":28,"column":40}},"12":{"start":{"line":29,"column":20},"end":{"line":29,"column":73}},"13":{"start":{"line":30,"column":21},"end":{"line":30,"column":64}},"14":{"start":{"line":31,"column":16},"end":{"line":31,"column":52}},"15":{"start":{"line":32,"column":19},"end":{"line":32,"column":95}},"16":{"start":{"line":35,"column":4},"end":{"line":35,"column":null}},"17":{"start":{"line":37,"column":4},"end":{"line":40,"column":5}},"18":{"start":{"line":38,"column":6},"end":{"line":38,"column":null}},"19":{"start":{"line":39,"column":6},"end":{"line":39,"column":12}},"20":{"start":{"line":42,"column":4},"end":{"line":45,"column":5}},"21":{"start":{"line":43,"column":6},"end":{"line":43,"column":null}},"22":{"start":{"line":44,"column":6},"end":{"line":44,"column":12}},"23":{"start":{"line":47,"column":4},"end":{"line":50,"column":5}},"24":{"start":{"line":48,"column":6},"end":{"line":48,"column":null}},"25":{"start":{"line":49,"column":6},"end":{"line":49,"column":12}},"26":{"start":{"line":52,"column":4},"end":{"line":78,"column":5}},"27":{"start":{"line":53,"column":6},"end":{"line":56,"column":7}},"28":{"start":{"line":54,"column":8},"end":{"line":54,"column":null}},"29":{"start":{"line":55,"column":8},"end":{"line":55,"column":14}},"30":{"start":{"line":58,"column":6},"end":{"line":61,"column":7}},"31":{"start":{"line":59,"column":8},"end":{"line":59,"column":null}},"32":{"start":{"line":60,"column":8},"end":{"line":60,"column":14}},"33":{"start":{"line":63,"column":6},"end":{"line":66,"column":7}},"34":{"start":{"line":64,"column":8},"end":{"line":64,"column":null}},"35":{"start":{"line":65,"column":8},"end":{"line":65,"column":14}},"36":{"start":{"line":68,"column":6},"end":{"line":72,"column":null}},"37":{"start":{"line":74,"column":6},"end":{"line":77,"column":null}},"38":{"start":{"line":82,"column":4},"end":{"line":82,"column":null}},"39":{"start":{"line":83,"column":4},"end":{"line":83,"column":null}},"40":{"start":{"line":84,"column":4},"end":{"line":84,"column":null}},"41":{"start":{"line":85,"column":4},"end":{"line":85,"column":null}},"42":{"start":{"line":88,"column":2},"end":{"line":205,"column":null}},"43":{"start":{"line":136,"column":27},"end":{"line":136,"column":70}},"44":{"start":{"line":149,"column":29},"end":{"line":149,"column":70}},"45":{"start":{"line":162,"column":27},"end":{"line":162,"column":73}},"46":{"start":{"line":175,"column":29},"end":{"line":175,"column":82}},"47":{"start":{"line":18,"column":13},"end":{"line":18,"column":24}},"48":{"start":{"line":208,"column":42},"end":{"line":213,"column":null}},"49":{"start":{"line":215,"column":42},"end":{"line":239,"column":null}},"50":{"start":{"line":241,"column":38},"end":{"line":245,"column":null}},"51":{"start":{"line":247,"column":49},"end":{"line":263,"column":null}},"52":{"start":{"line":265,"column":52},"end":{"line":281,"column":null}}},"fnMap":{"0":{"name":"(anonymous_1)","decl":{"start":{"line":18,"column":24},"end":{"line":18,"column":25}},"loc":{"start":{"line":18,"column":58},"end":{"line":206,"column":1}}},"1":{"name":"handleSubmit","decl":{"start":{"line":34,"column":11},"end":{"line":34,"column":23}},"loc":{"start":{"line":34,"column":59},"end":{"line":79,"column":3}}},"2":{"name":"handleChangeMode","decl":{"start":{"line":81,"column":11},"end":{"line":81,"column":27}},"loc":{"start":{"line":81,"column":27},"end":{"line":86,"column":3}}},"3":{"name":"(anonymous_4)","decl":{"start":{"line":136,"column":22},"end":{"line":136,"column":23}},"loc":{"start":{"line":136,"column":27},"end":{"line":136,"column":70}}},"4":{"name":"(anonymous_5)","decl":{"start":{"line":149,"column":24},"end":{"line":149,"column":25}},"loc":{"start":{"line":149,"column":29},"end":{"line":149,"column":70}}},"5":{"name":"(anonymous_6)","decl":{"start":{"line":162,"column":22},"end":{"line":162,"column":23}},"loc":{"start":{"line":162,"column":27},"end":{"line":162,"column":73}}},"6":{"name":"(anonymous_7)","decl":{"start":{"line":175,"column":24},"end":{"line":175,"column":25}},"loc":{"start":{"line":175,"column":29},"end":{"line":175,"column":82}}}},"branchMap":{"0":{"loc":{"start":{"line":29,"column":20},"end":{"line":29,"column":73}},"type":"binary-expr","locations":[{"start":{"line":29,"column":20},"end":{"line":29,"column":43}},{"start":{"line":29,"column":47},"end":{"line":29,"column":73}}]},"1":{"loc":{"start":{"line":30,"column":21},"end":{"line":30,"column":64}},"type":"cond-expr","locations":[{"start":{"line":30,"column":34},"end":{"line":30,"column":54}},{"start":{"line":30,"column":57},"end":{"line":30,"column":64}}]},"2":{"loc":{"start":{"line":31,"column":16},"end":{"line":31,"column":52}},"type":"cond-expr","locations":[{"start":{"line":31,"column":29},"end":{"line":31,"column":42}},{"start":{"line":31,"column":45},"end":{"line":31,"column":52}}]},"3":{"loc":{"start":{"line":32,"column":19},"end":{"line":32,"column":95}},"type":"cond-expr","locations":[{"start":{"line":32,"column":32},"end":{"line":32,"column":68}},{"start":{"line":32,"column":71},"end":{"line":32,"column":95}}]},"4":{"loc":{"start":{"line":37,"column":4},"end":{"line":40,"column":5}},"type":"if","locations":[{"start":{"line":37,"column":4},"end":{"line":40,"column":5}},{"start":{},"end":{}}]},"5":{"loc":{"start":{"line":37,"column":8},"end":{"line":37,"column":44}},"type":"binary-expr","locations":[{"start":{"line":37,"column":8},"end":{"line":37,"column":26}},{"start":{"line":37,"column":30},"end":{"line":37,"column":44}}]},"6":{"loc":{"start":{"line":42,"column":4},"end":{"line":45,"column":5}},"type":"if","locations":[{"start":{"line":42,"column":4},"end":{"line":45,"column":5}},{"start":{},"end":{}}]},"7":{"loc":{"start":{"line":47,"column":4},"end":{"line":50,"column":5}},"type":"if","locations":[{"start":{"line":47,"column":4},"end":{"line":50,"column":5}},{"start":{},"end":{}}]},"8":{"loc":{"start":{"line":52,"column":4},"end":{"line":78,"column":5}},"type":"if","locations":[{"start":{"line":52,"column":4},"end":{"line":78,"column":5}},{"start":{"line":73,"column":11},"end":{"line":78,"column":5}}]},"9":{"loc":{"start":{"line":53,"column":6},"end":{"line":56,"column":7}},"type":"if","locations":[{"start":{"line":53,"column":6},"end":{"line":56,"column":7}},{"start":{},"end":{}}]},"10":{"loc":{"start":{"line":58,"column":6},"end":{"line":61,"column":7}},"type":"if","locations":[{"start":{"line":58,"column":6},"end":{"line":61,"column":7}},{"start":{},"end":{}}]},"11":{"loc":{"start":{"line":63,"column":6},"end":{"line":66,"column":7}},"type":"if","locations":[{"start":{"line":63,"column":6},"end":{"line":66,"column":7}},{"start":{},"end":{}}]},"12":{"loc":{"start":{"line":84,"column":17},"end":{"line":84,"column":50}},"type":"cond-expr","locations":[{"start":{"line":84,"column":30},"end":{"line":84,"column":37}},{"start":{"line":84,"column":40},"end":{"line":84,"column":50}}]},"13":{"loc":{"start":{"line":142,"column":9},"end":{"line":153,"column":null}},"type":"binary-expr","locations":[{"start":{"line":142,"column":9},"end":{"line":142,"column":19}},{"start":{"line":143,"column":10},"end":{"line":152,"column":null}}]},"14":{"loc":{"start":{"line":168,"column":9},"end":{"line":179,"column":null}},"type":"binary-expr","locations":[{"start":{"line":168,"column":9},"end":{"line":168,"column":19}},{"start":{"line":169,"column":10},"end":{"line":178,"column":null}}]},"15":{"loc":{"start":{"line":196,"column":13},"end":{"line":196,"column":49}},"type":"cond-expr","locations":[{"start":{"line":196,"column":26},"end":{"line":196,"column":33}},{"start":{"line":196,"column":36},"end":{"line":196,"column":49}}]},"16":{"loc":{"start":{"line":200,"column":13},"end":{"line":200,"column":52}},"type":"cond-expr","locations":[{"start":{"line":200,"column":25},"end":{"line":200,"column":39}},{"start":{"line":200,"column":42},"end":{"line":200,"column":52}}]}},"s":{"0":2,"1":2,"2":2,"3":2,"4":2,"5":2,"6":2,"7":2,"8":0,"9":0,"10":0,"11":0,"12":0,"13":0,"14":0,"15":0,"16":0,"17":0,"18":0,"19":0,"20":0,"21":0,"22":0,"23":0,"24":0,"25":0,"26":0,"27":0,"28":0,"29":0,"30":0,"31":0,"32":0,"33":0,"34":0,"35":0,"36":0,"37":0,"38":0,"39":0,"40":0,"41":0,"42":0,"43":0,"44":0,"45":0,"46":0,"47":2,"48":2,"49":2,"50":2,"51":2,"52":2},"f":{"0":0,"1":0,"2":0,"3":0,"4":0,"5":0,"6":0},"b":{"0":[0,0],"1":[0,0],"2":[0,0],"3":[0,0],"4":[0,0],"5":[0,0],"6":[0,0],"7":[0,0],"8":[0,0],"9":[0,0],"10":[0,0],"11":[0,0],"12":[0,0],"13":[0,0],"14":[0,0],"15":[0,0],"16":[0,0]}}
,"D:\\ИГЭУ\\Social-Gitlab\\final-project-2-semester\\frontend\\src\\features\\auth\\ui\\PrivateRouter.tsx": {"path":"D:\\ИГЭУ\\Social-Gitlab\\final-project-2-semester\\frontend\\src\\features\\auth\\ui\\PrivateRouter.tsx","statementMap":{"0":{"start":{"line":2,"column":0},"end":{"line":2,"column":43}},"1":{"start":{"line":3,"column":0},"end":{"line":3,"column":46}},"2":{"start":{"line":4,"column":0},"end":{"line":4,"column":48}},"3":{"start":{"line":5,"column":0},"end":{"line":5,"column":46}},"4":{"start":{"line":11,"column":29},"end":{"line":19,"column":1}},"5":{"start":{"line":12,"column":16},"end":{"line":12,"column":43}},"6":{"start":{"line":14,"column":2},"end":{"line":16,"column":3}},"7":{"start":{"line":15,"column":4},"end":{"line":15,"column":null}},"8":{"start":{"line":18,"column":2},"end":{"line":18,"column":null}},"9":{"start":{"line":11,"column":13},"end":{"line":11,"column":29}}},"fnMap":{"0":{"name":"(anonymous_0)","decl":{"start":{"line":11,"column":29},"end":{"line":11,"column":30}},"loc":{"start":{"line":11,"column":53},"end":{"line":19,"column":1}}}},"branchMap":{"0":{"loc":{"start":{"line":14,"column":2},"end":{"line":16,"column":3}},"type":"if","locations":[{"start":{"line":14,"column":2},"end":{"line":16,"column":3}},{"start":{},"end":{}}]}},"s":{"0":3,"1":3,"2":3,"3":3,"4":3,"5":2,"6":2,"7":1,"8":1,"9":3},"f":{"0":2},"b":{"0":[1,1]}}
,"D:\\ИГЭУ\\Social-Gitlab\\final-project-2-semester\\frontend\\src\\features\\chats\\api\\chatsApi.ts": {"path":"D:\\ИГЭУ\\Social-Gitlab\\final-project-2-semester\\frontend\\src\\features\\chats\\api\\chatsApi.ts","statementMap":{"0":{"start":{"line":1,"column":0},"end":{"line":1,"column":33}},"1":{"start":{"line":11,"column":19},"end":{"line":17,"column":1}},"2":{"start":{"line":12,"column":52},"end":{"line":12,"column":54}},"3":{"start":{"line":13,"column":2},"end":{"line":15,"column":null}},"4":{"start":{"line":14,"column":4},"end":{"line":14,"column":null}},"5":{"start":{"line":14,"column":37},"end":{"line":14,"column":null}},"6":{"start":{"line":16,"column":2},"end":{"line":16,"column":null}},"7":{"start":{"line":19,"column":32},"end":{"line":20,"column":87}},"8":{"start":{"line":20,"column":2},"end":{"line":20,"column":87}},"9":{"start":{"line":20,"column":80},"end":{"line":20,"column":86}},"10":{"start":{"line":19,"column":13},"end":{"line":19,"column":32}},"11":{"start":{"line":22,"column":39},"end":{"line":23,"column":65}},"12":{"start":{"line":23,"column":2},"end":{"line":23,"column":65}},"13":{"start":{"line":23,"column":58},"end":{"line":23,"column":64}},"14":{"start":{"line":22,"column":13},"end":{"line":22,"column":39}},"15":{"start":{"line":25,"column":35},"end":{"line":28,"column":22}},"16":{"start":{"line":26,"column":2},"end":{"line":28,"column":22}},"17":{"start":{"line":28,"column":15},"end":{"line":28,"column":21}},"18":{"start":{"line":25,"column":13},"end":{"line":25,"column":35}},"19":{"start":{"line":30,"column":34},"end":{"line":31,"column":71}},"20":{"start":{"line":31,"column":2},"end":{"line":31,"column":71}},"21":{"start":{"line":31,"column":64},"end":{"line":31,"column":70}},"22":{"start":{"line":30,"column":13},"end":{"line":30,"column":34}},"23":{"start":{"line":33,"column":35},"end":{"line":40,"column":22}},"24":{"start":{"line":34,"column":2},"end":{"line":40,"column":22}},"25":{"start":{"line":40,"column":15},"end":{"line":40,"column":21}},"26":{"start":{"line":33,"column":13},"end":{"line":33,"column":35}},"27":{"start":{"line":42,"column":47},"end":{"line":43,"column":66}},"28":{"start":{"line":43,"column":2},"end":{"line":43,"column":66}},"29":{"start":{"line":43,"column":59},"end":{"line":43,"column":65}},"30":{"start":{"line":42,"column":13},"end":{"line":42,"column":47}}},"fnMap":{"0":{"name":"(anonymous_0)","decl":{"start":{"line":11,"column":19},"end":{"line":11,"column":20}},"loc":{"start":{"line":11,"column":75},"end":{"line":17,"column":1}}},"1":{"name":"(anonymous_1)","decl":{"start":{"line":13,"column":33},"end":{"line":13,"column":34}},"loc":{"start":{"line":13,"column":44},"end":{"line":15,"column":3}}},"2":{"name":"(anonymous_2)","decl":{"start":{"line":19,"column":32},"end":{"line":19,"column":33}},"loc":{"start":{"line":20,"column":2},"end":{"line":20,"column":87}}},"3":{"name":"(anonymous_3)","decl":{"start":{"line":20,"column":75},"end":{"line":20,"column":76}},"loc":{"start":{"line":20,"column":80},"end":{"line":20,"column":86}}},"4":{"name":"(anonymous_4)","decl":{"start":{"line":22,"column":39},"end":{"line":22,"column":40}},"loc":{"start":{"line":23,"column":2},"end":{"line":23,"column":65}}},"5":{"name":"(anonymous_5)","decl":{"start":{"line":23,"column":53},"end":{"line":23,"column":54}},"loc":{"start":{"line":23,"column":58},"end":{"line":23,"column":64}}},"6":{"name":"(anonymous_6)","decl":{"start":{"line":25,"column":35},"end":{"line":25,"column":36}},"loc":{"start":{"line":26,"column":2},"end":{"line":28,"column":22}}},"7":{"name":"(anonymous_7)","decl":{"start":{"line":28,"column":10},"end":{"line":28,"column":11}},"loc":{"start":{"line":28,"column":15},"end":{"line":28,"column":21}}},"8":{"name":"(anonymous_8)","decl":{"start":{"line":30,"column":34},"end":{"line":30,"column":35}},"loc":{"start":{"line":31,"column":2},"end":{"line":31,"column":71}}},"9":{"name":"(anonymous_9)","decl":{"start":{"line":31,"column":59},"end":{"line":31,"column":60}},"loc":{"start":{"line":31,"column":64},"end":{"line":31,"column":70}}},"10":{"name":"(anonymous_10)","decl":{"start":{"line":33,"column":35},"end":{"line":33,"column":36}},"loc":{"start":{"line":34,"column":2},"end":{"line":40,"column":22}}},"11":{"name":"(anonymous_11)","decl":{"start":{"line":40,"column":10},"end":{"line":40,"column":11}},"loc":{"start":{"line":40,"column":15},"end":{"line":40,"column":21}}},"12":{"name":"(anonymous_12)","decl":{"start":{"line":42,"column":47},"end":{"line":42,"column":50}},"loc":{"start":{"line":43,"column":2},"end":{"line":43,"column":66}}},"13":{"name":"(anonymous_13)","decl":{"start":{"line":43,"column":54},"end":{"line":43,"column":55}},"loc":{"start":{"line":43,"column":59},"end":{"line":43,"column":65}}}},"branchMap":{"0":{"loc":{"start":{"line":14,"column":4},"end":{"line":14,"column":null}},"type":"if","locations":[{"start":{"line":14,"column":4},"end":{"line":14,"column":null}},{"start":{},"end":{}}]},"1":{"loc":{"start":{"line":14,"column":8},"end":{"line":14,"column":35}},"type":"binary-expr","locations":[{"start":{"line":14,"column":8},"end":{"line":14,"column":23}},{"start":{"line":14,"column":27},"end":{"line":14,"column":35}}]},"2":{"loc":{"start":{"line":16,"column":9},"end":{"line":16,"column":72}},"type":"cond-expr","locations":[{"start":{"line":16,"column":40},"end":{"line":16,"column":60}},{"start":{"line":16,"column":63},"end":{"line":16,"column":72}}]}},"s":{"0":1,"1":1,"2":4,"3":4,"4":10,"5":2,"6":4,"7":1,"8":2,"9":2,"10":1,"11":1,"12":1,"13":1,"14":1,"15":1,"16":2,"17":2,"18":1,"19":1,"20":1,"21":1,"22":1,"23":1,"24":1,"25":1,"26":1,"27":1,"28":1,"29":1,"30":1},"f":{"0":4,"1":10,"2":2,"3":2,"4":1,"5":1,"6":2,"7":2,"8":1,"9":1,"10":1,"11":1,"12":1,"13":1},"b":{"0":[2,8],"1":[10,2],"2":[2,2]}}
,"D:\\ИГЭУ\\Social-Gitlab\\final-project-2-semester\\frontend\\src\\features\\chats\\hooks\\useChats.ts": {"path":"D:\\ИГЭУ\\Social-Gitlab\\final-project-2-semester\\frontend\\src\\features\\chats\\hooks\\useChats.ts","statementMap":{"0":{"start":{"line":1,"column":0},"end":{"line":1,"column":null}},"1":{"start":{"line":9,"column":0},"end":{"line":9,"column":null}},"2":{"start":{"line":22,"column":13},"end":{"line":22,"column":null}},"3":{"start":{"line":23,"column":30},"end":{"line":23,"column":84}},"4":{"start":{"line":23,"column":50},"end":{"line":23,"column":84}},"5":{"start":{"line":23,"column":13},"end":{"line":23,"column":30}},"6":{"start":{"line":24,"column":31},"end":{"line":24,"column":85}},"7":{"start":{"line":24,"column":51},"end":{"line":24,"column":85}},"8":{"start":{"line":24,"column":13},"end":{"line":24,"column":31}},"9":{"start":{"line":25,"column":27},"end":{"line":25,"column":85}},"10":{"start":{"line":25,"column":47},"end":{"line":25,"column":85}},"11":{"start":{"line":25,"column":13},"end":{"line":25,"column":27}},"12":{"start":{"line":26,"column":13},"end":{"line":26,"column":null}},"13":{"start":{"line":28,"column":24},"end":{"line":28,"column":26}},"14":{"start":{"line":29,"column":27},"end":{"line":29,"column":29}},"15":{"start":{"line":34,"column":24},"end":{"line":44,"column":1}},"16":{"start":{"line":35,"column":18},"end":{"line":35,"column":31}},"17":{"start":{"line":36,"column":2},"end":{"line":43,"column":null}},"18":{"start":{"line":39,"column":6},"end":{"line":39,"column":85}},"19":{"start":{"line":41,"column":47},"end":{"line":41,"column":66}},"20":{"start":{"line":34,"column":13},"end":{"line":34,"column":24}},"21":{"start":{"line":46,"column":31},"end":{"line":51,"column":4}},"22":{"start":{"line":47,"column":2},"end":{"line":51,"column":4}},"23":{"start":{"line":49,"column":19},"end":{"line":49,"column":50}},"24":{"start":{"line":46,"column":13},"end":{"line":46,"column":31}},"25":{"start":{"line":53,"column":31},"end":{"line":61,"column":4}},"26":{"start":{"line":54,"column":2},"end":{"line":61,"column":4}},"27":{"start":{"line":57,"column":6},"end":{"line":57,"column":77}},"28":{"start":{"line":59,"column":50},"end":{"line":59,"column":69}},"29":{"start":{"line":53,"column":13},"end":{"line":53,"column":31}},"30":{"start":{"line":63,"column":38},"end":{"line":69,"column":4}},"31":{"start":{"line":64,"column":2},"end":{"line":69,"column":4}},"32":{"start":{"line":63,"column":13},"end":{"line":63,"column":38}},"33":{"start":{"line":71,"column":29},"end":{"line":89,"column":1}},"34":{"start":{"line":75,"column":2},"end":{"line":82,"column":3}},"35":{"start":{"line":76,"column":4},"e
[...]
4}},"loc":{"start":{"line":37,"column":17},"end":{"line":37,"column":33}}},"4":{"name":"(anonymous_4)","decl":{"start":{"line":42,"column":17},"end":{"line":42,"column":21}},"loc":{"start":{"line":43,"column":8},"end":{"line":43,"column":27}}}},"branchMap":{"0":{"loc":{"start":{"line":18,"column":2},"end":{"line":18,"column":21}},"type":"default-arg","locations":[{"start":{"line":18,"column":16},"end":{"line":18,"column":21}}]},"1":{"loc":{"start":{"line":19,"column":2},"end":{"line":19,"column":28}},"type":"default-arg","locations":[{"start":{"line":19,"column":23},"end":{"line":19,"column":28}}]},"2":{"loc":{"start":{"line":26,"column":4},"end":{"line":26,"column":50}},"type":"if","locations":[{"start":{"line":26,"column":4},"end":{"line":26,"column":50}},{"start":{},"end":{}}]},"3":{"loc":{"start":{"line":26,"column":8},"end":{"line":26,"column":42}},"type":"binary-expr","locations":[{"start":{"line":26,"column":8},"end":{"line":26,"column":11}},{"start":{"line":26,"column":15},"end":{"line":26,"column":26}},{"start":{"line":26,"column":30},"end":{"line":26,"column":42}}]},"4":{"loc":{"start":{"line":30,"column":8},"end":{"line":32,"column":9}},"type":"if","locations":[{"start":{"line":30,"column":8},"end":{"line":32,"column":9}},{"start":{},"end":{}}]},"5":{"loc":{"start":{"line":30,"column":12},"end":{"line":30,"column":60}},"type":"binary-expr","locations":[{"start":{"line":30,"column":12},"end":{"line":30,"column":37}},{"start":{"line":30,"column":41},"end":{"line":30,"column":60}}]},"6":{"loc":{"start":{"line":47,"column":7},"end":{"line":47,"column":66}},"type":"binary-expr","locations":[{"start":{"line":47,"column":7},"end":{"line":47,"column":18}},{"start":{"line":47,"column":22},"end":{"line":47,"column":66}}]}},"s":{"0":0,"1":0,"2":0,"3":0,"4":0,"5":0,"6":0,"7":0,"8":0,"9":0,"10":0,"11":0,"12":0,"13":0,"14":0,"15":0,"16":0,"17":0,"18":0,"19":0,"20":0},"f":{"0":0,"1":0,"2":0,"3":0,"4":0},"b":{"0":[0],"1":[0],"2":[0,0],"3":[0,0,0],"4":[0,0],"5":[0,0],"6":[0,0]}}
,"D:\\ИГЭУ\\Social-Gitlab\\final-project-2-semester\\frontend\\src\\widgets\\sidebar\\SideBar.tsx": {"path":"D:\\ИГЭУ\\Social-Gitlab\\final-project-2-semester\\frontend\\src\\widgets\\sidebar\\SideBar.tsx","statementMap":{"0":{"start":{"line":1,"column":0},"end":{"line":1,"column":47}},"1":{"start":{"line":4,"column":0},"end":{"line":4,"column":32}},"2":{"start":{"line":5,"column":0},"end":{"line":5,"column":46}},"3":{"start":{"line":6,"column":0},"end":{"line":6,"column":62}},"4":{"start":{"line":7,"column":0},"end":{"line":7,"column":43}},"5":{"start":{"line":8,"column":0},"end":{"line":8,"column":42}},"6":{"start":{"line":9,"column":0},"end":{"line":9,"column":43}},"7":{"start":{"line":10,"column":0},"end":{"line":10,"column":49}},"8":{"start":{"line":11,"column":0},"end":{"line":11,"column":56}},"9":{"start":{"line":12,"column":0},"end":{"line":12,"column":56}},"10":{"start":{"line":13,"column":0},"end":{"line":13,"column":58}},"11":{"start":{"line":14,"column":0},"end":{"line":14,"column":86}},"12":{"start":{"line":15,"column":0},"end":{"line":15,"column":67}},"13":{"start":{"line":16,"column":0},"end":{"line":16,"column":41}},"14":{"start":{"line":17,"column":0},"end":{"line":17,"column":49}},"15":{"start":{"line":18,"column":0},"end":{"line":18,"column":46}},"16":{"start":{"line":24,"column":23},"end":{"line":101,"column":1}},"17":{"start":{"line":25,"column":19},"end":{"line":25,"column":35}},"18":{"start":{"line":26,"column":19},"end":{"line":26,"column":32}},"19":{"start":{"line":27,"column":15},"end":{"line":27,"column":41}},"20":{"start":{"line":28,"column":50},"end":{"line":28,"column":65}},"21":{"start":{"line":29,"column":52},"end":{"line":29,"column":67}},"22":{"start":{"line":30,"column":27},"end":{"line":30,"column":74}},"23":{"start":{"line":31,"column":30},"end":{"line":31,"column":85}},"24":{"start":{"line":32,"column":30},"end":{"line":32,"column":85}},"25":{"start":{"line":33,"column":2},"end":{"line":33,"column":null}},"26":{"start":{"line":33,"column":13},"end":{"line":33,"column":null}},"27":{"start":{"line":34,"column":18},"end":{"line":34,"column":40}},"28":{"start":{"line":35,"column":29},"end":{"line":35,"column":62}},"29":{"start":{"line":36,"column":24},"end":{"line":36,"column":60}},"30":{"start":{"line":37,"column":23},"end":{"line":37,"column":59}},"31":{"start":{"line":39,"column":23},"end":{"line":48,"column":3}},"32":{"start":{"line":40,"column":4},"end":{"line":40,"column":null}},"33":{"start":{"line":41,"column":4},"end":{"line":41,"column":null}},"34":{"start":{"line":43,"column":4},"end":{"line":43,"column":null}},"35":{"start":{"line":44,"column":4},"end":{"line":44,"column":null}},"36":{"start":{"line":45,"column":4},"end":{"line":45,"column":null}},"37":{"start":{"line":47,"column":4},"end":{"line":47,"column":null}},"38":{"start":{"line":50,"column":2},"end":{"line":100,"column":null}},"39":{"start":{"line":79,"column":29},"end":{"line":79,"column":54}},"40":{"start":{"line":93,"column":26},"end":{"line":93,"column":67}},"41":{"start":{"line":93,"column":58},"end":{"line":93,"column":66}},"42":{"start":{"line":24,"column":13},"end":{"line":24,"column":23}},"43":{"start":{"line":103,"column":41},"end":{"line":132,"column":null}},"44":{"start":{"line":134,"column":42},"end":{"line":158,"column":null}},"45":{"start":{"line":160,"column":47},"end":{"line":174,"column":null}},"46":{"start":{"line":176,"column":41},"end":{"line":192,"column":null}},"47":{"start":{"line":194,"column":53},"end":{"line":223,"column":null}},"48":{"start":{"line":225,"column":51},"end":{"line":255,"column":null}},"49":{"start":{"line":257,"column":19},"end":{"line":261,"column":null}}},"fnMap":{"0":{"name":"(anonymous_1)","decl":{"start":{"line":24,"column":23},"end":{"line":24,"column":24}},"loc":{"start":{"line":24,"column":50},"end":{"line":101,"column":1}}},"1":{"name":"(anonymous_2)","decl":{"start":{"line":39,"column":23},"end":{"line":39,"column":26}},"loc":{"start":{"line":39,"column":28},"end":{"line":48,"column":3}}},"2":{"name":"(anonymous_3)","decl":{"start":{"line":79,"column":23},"end":{"line":79,"column":26}},"loc":{"start":{"line":79,"column":29},"end":{"line":79,"column":54}}},"3":{"name":"(anonymous_4)","decl":{"start":{"line":93,"column":20},"end":{"line":93,"column":23}},"loc":{"start":{"line":93,"column":26},"end":{"line":93,"column":67}}},"4":{"name":"(anonymous_5)","decl":{"start":{"line":93,"column":47},"end":{"line":93,"column":54}},"loc":{"start":{"line":93,"column":58},"end":{"line":93,"column":66}}}},"branchMap":{"0":{"loc":{"start":{"line":30,"column":42},"end":{"line":30,"column":73}},"type":"binary-expr","locations":[{"start":{"line":30,"column":42},"end":{"line":30,"column":48}},{"start":{"line":30,"column":52},"end":{"line":30,"column":73}}]},"1":{"loc":{"start":{"line":31,"column":53},"end":{"line":31,"column":84}},"type":"binary-expr","locations":[{"start":{"line":31,"column":53},"end":{"line":31,"column":59}},{"start":{"line":31,"column":63},"end":{"line":31,"column":84}}]},"2":{"loc":{"start":{"line":32,"column":53},"end":{"line":32,"column":84}},"type":"binary-expr","locations":[{"start":{"line":32,"column":53},"end":{"line":32,"column":59}},{"start":{"line":32,"column":63},"end":{"line":32,"column":84}}]},"3":{"loc":{"start":{"line":33,"column":2},"end":{"line":33,"column":null}},"type":"if","locations":[{"start":{"line":33,"column":2},"end":{"line":33,"column":null}},{"start":{},"end":{}}]},"4":{"loc":{"start":{"line":35,"column":29},"end":{"line":35,"column":62}},"type":"binary-expr","locations":[{"start":{"line":35,"column":29},"end":{"line":35,"column":57}},{"start":{"line":35,"column":61},"end":{"line":35,"column":62}}]},"5":{"loc":{"start":{"line":36,"column":24},"end":{"line":36,"column":60}},"type":"binary-expr","locations":[{"start":{"line":36,"column":24},"end":{"line":36,"column":55}},{"start":{"line":36,"column":59},"end":{"line":36,"column":60}}]},"6":{"loc":{"start":{"line":37,"column":23},"end":{"line":37,"column":59}},"type":"binary-expr","locations":[{"start":{"line":37,"column":23},"end":{"line":37,"column":54}},{"start":{"line":37,"column":58},"end":{"line":37,"column":59}}]},"7":{"loc":{"start":{"line":56,"column":26},"end":{"line":56,"column":63}},"type":"cond-expr","locations":[{"start":{"line":56,"column":40},"end":{"line":56,"column":59}},{"start":{"line":56,"column":62},"end":{"line":56,"column":63}}]},"8":{"loc":{"start":{"line":76,"column":11},"end":{"line":86,"column":null}},"type":"binary-expr","locations":[{"start":{"line":76,"column":11},"end":{"line":76,"column":19}},{"start":{"line":77,"column":12},"end":{"line":85,"column":null}}]},"9":{"loc":{"start":{"line":98,"column":7},"end":{"line":98,"column":78}},"type":"binary-expr","locations":[{"start":{"line":98,"column":7},"end":{"line":98,"column":23}},{"start":{"line":98,"column":27},"end":{"line":98,"column":78}}]}},"s":{"0":1,"1":1,"2":1,"3":1,"4":1,"5":1,"6":1,"7":1,"8":1,"9":1,"10":1,"11":1,"12":1,"13":1,"14":1,"15":1,"16":1,"17":12,"18":12,"19":12,"20":12,"21":12,"22":12,"23":12,"24":12,"25":12,"26":3,"27":9,"28":9,"29":9,"30":9,"31":9,"32":1,"33":1,"34":1,"35":1,"36":1,"37":1,"38":9,"39":1,"40":1,"41":1,"42":1,"43":1,"44":1,"45":1,"46":1,"47":1,"48":1,"49":1},"f":{"0":12,"1":1,"2":1,"3":1,"4":1},"b":{"0":[12,9],"1":[12,9],"2":[12,9],"3":[3,9],"4":[9,0],"5":[9,0],"6":[9,0],"7":[0,9],"8":[9,8],"9":[9,1]}}
,"D:\\ИГЭУ\\Social-Gitlab\\final-project-2-semester\\frontend\\src\\widgets\\sidebar\\SideBarNav.tsx": {"path":"D:\\ИГЭУ\\Social-Gitlab\\final-project-2-semester\\frontend\\src\\widgets\\sidebar\\SideBarNav.tsx","statementMap":{"0":{"start":{"line":1,"column":0},"end":{"line":1,"column":47}},"1":{"start":{"line":4,"column":0},"end":{"line":4,"column":52}},"2":{"start":{"line":5,"column":0},"end":{"line":5,"column":73}},"3":{"start":{"line":6,"column":0},"end":{"line":6,"column":67}},"4":{"start":{"line":7,"column":0},"end":{"line":7,"column":46}},"5":{"start":{"line":8,"column":0},"end":{"line":8,"column":46}},"6":{"start":{"line":9,"column":0},"end":{"line":9,"column":43}},"7":{"start":{"line":23,"column":16},"end":{"line":43,"column":1}},"8":{"start":{"line":24,"column":19},"end":{"line":24,"column":40}},"9":{"start":{"line":25,"column":15},"end":{"line":25,"column":72}},"10":{"start":{"line":27,"column":2},"end":{"line":42,"column":null}},"11":{"start":{"line":45,"column":17},"end":{"line":50,"column":1}},"12":{"start":{"line":46,"column":2},"end":{"line":46,"column":null}},"13":{"start":{"line":46,"column":33},"end":{"line":46,"column":null}},"14":{"start":{"line":47,"column":2},"end":{"line":47,"column":null}},"15":{"start":{"line":47,"column":24},"end":{"line":47,"column":null}},"16":{"start":{"line":48,"column":2},"end":{"line":48,"column":null}},"17":{"start":{"line":48,"column":33},"end":{"line":48,"column":null}},"18":{"start":{"line":49,"column":2},"end":{"line":49,"column":null}},"19":{"start":{"line":52,"column":26},"end":{"line":82,"column":1}},"20":{"start":{"line":58,"column":15},"end":{"line":58,"column":41}},"21":{"start":{"line":59,"column":18},"end":{"line":59,"column":40}},"22":{"start":{"line":61,"column":2},"end":{"line":81,"column":null}},"23":{"start":{"line":65,"column":10},"end":{"line":65,"column":null}},"24":{"start":{"line":65,"column":42},"end":{"line":65,"column":null}},"25":{"start":{"line":66,"column":10},"end":{"line":66,"column":null}},"26":{"start":{"line":66,"column":40},"end":{"line":66,"column":null}},"27":{"start":{"line":67,"column":10},"end":{"line":67,"column":null}},"28":{"start":{"line":70,"column":10},"end":{"line":70,"column":null}},"29":{"start":{"line":70,"column":44},"end":{"line":70,"column":null}},"30":{"start":{"line":72,"column":10},"end":{"line":78,"column":null}},"31":{"start":{"line":52,"column":13},"end":{"line":52,"column":26}},"32":{"start":{"line":84,"column":44},"end":{"line":96,"column":null}},"33":{"start":{"line":98,"column":44},"end":{"line":139,"column":null}},"34":{"start":{"line":141,"column":45},"end":{"line":146,"column":null}},"35":{"start":{"line":148,"column":42},"end":{"line":164,"column":null}},"36":{"start":{"line":166,"column":19},"end":{"line":170,"column":null}}},"fnMap":{"0":{"name":"(anonymous_0)","decl":{"start":{"line":23,"column":16},"end":{"line":23,"column":17}},"loc":{"start":{"line":23,"column":55},"end":{"line":43,"column":1}}},"1":{"name":"(anonymous_1)","decl":{"start":{"line":45,"column":17},"end":{"line":45,"column":18}},"loc":{"start":{"line":45,"column":92},"end":{"line":50,"column":1}}},"2":{"name":"(anonymous_2)","decl":{"start":{"line":52,"column":26},"end":{"line":52,"column":27}},"loc":{"start":{"line":57,"column":22},"end":{"line":82,"column":1}}},"3":{"name":"(anonymous_3)","decl":{"start":{"line":64,"column":16},"end":{"line":64,"column":20}},"loc":{"start":{"line":64,"column":23},"end":{"line":68,"column":9}}},"4":{"name":"(anonymous_4)","decl":{"start":{"line":69,"column":13},"end":{"line":69,"column":17}},"loc":{"start":{"line":69,"column":20},"end":{"line":79,"column":9}}}},"branchMap":{"0":{"loc":{"start":{"line":25,"column":15},"end":{"line":25,"column":72}},"type":"cond-expr","locations":[{"start":{"line":25,"column":45},"end":{"line":25,"column":60}},{"start":{"line":25,"column":63},"end":{"line":25,"column":72}}]},"1":{"loc":{"start":{"line":25,"column":15},"end":{"line":25,"column":42}},"type":"binary-expr","locations":[{"start":{"line":25,"column":15},"end":{"line":25,"column":23}},{"start":{"line":25,"column":27},"end":{"line":25,"column":42}}]},"2":{"loc":{"start":{"line":32,"column":9},"end":{"line":35,"column":null}},"type":"binary-expr","locations":[{"start":{"line":32,"column":9},"end":{"line":32,"column":23}},{"start":{"line":33,"column":10},"end":{"line":34,"column":null}}]},"3":{"loc":{"start":{"line":34,"column":13},"end":{"line":34,"column":49}},"type":"cond-expr","locations":[{"start":{"line":34,"column":31},"end":{"line":34,"column":36}},{"start":{"line":34,"column":39},"end":{"line":34,"column":49}}]},"4":{"loc":{"start":{"line":46,"column":2},"end":{"line":46,"column":null}},"type":"if","locations":[{"start":{"line":46,"column":2},"end":{"line":46,"column":null}},{"start":{},"end":{}}]},"5":{"loc":{"start":{"line":47,"column":2},"end":{"line":47,"column":null}},"type":"if","locations":[{"start":{"line":47,"column":2},"end":{"line":47,"column":null}},{"start":{},"end":{}}]},"6":{"loc":{"start":{"line":48,"column":2},"end":{"line":48,"column":null}},"type":"if","locations":[{"start":{"line":48,"column":2},"end":{"line":48,"column":null}},{"start":{},"end":{}}]},"7":{"loc":{"start":{"line":65,"column":10},"end":{"line":65,"column":null}},"type":"if","locations":[{"start":{"line":65,"column":10},"end":{"line":65,"column":null}},{"start":{},"end":{}}]},"8":{"loc":{"start":{"line":65,"column":14},"end":{"line":65,"column":40}},"type":"binary-expr","locations":[{"start":{"line":65,"column":14},"end":{"line":65,"column":28}},{"start":{"line":65,"column":32},"end":{"line":65,"column":40}}]},"9":{"loc":{"start":{"line":66,"column":10},"end":{"line":66,"column":null}},"type":"if","locations":[{"start":{"line":66,"column":10},"end":{"line":66,"column":null}},{"start":{},"end":{}}]},"10":{"loc":{"start":{"line":66,"column":14},"end":{"line":66,"column":38}},"type":"binary-expr","locations":[{"start":{"line":66,"column":14},"end":{"line":66,"column":27}},{"start":{"line":66,"column":31},"end":{"line":66,"column":38}}]},"11":{"loc":{"start":{"line":70,"column":10},"end":{"line":70,"column":null}},"type":"if","locations":[{"start":{"line":70,"column":10},"end":{"line":70,"column":null}},{"start":{},"end":{}}]}},"s":{"0":2,"1":2,"2":2,"3":2,"4":2,"5":2,"6":2,"7":2,"8":77,"9":77,"10":77,"11":2,"12":77,"13":13,"14":64,"15":13,"16":51,"17":3,"18":48,"19":2,"20":16,"21":16,"22":16,"23":112,"24":26,"25":86,"26":9,"27":77,"28":77,"29":2,"30":77,"31":2,"32":2,"33":2,"34":2,"35":2,"36":2},"f":{"0":77,"1":77,"2":16,"3":112,"4":77},"b":{"0":[16,61],"1":[77,16],"2":[77,19],"3":[1,18],"4":[13,64],"5":[13,51],"6":[3,48],"7":[26,86],"8":[112,32],"9":[9,77],"10":[86,48],"11":[2,75]}}
,"D:\\ИГЭУ\\Social-Gitlab\\final-project-2-semester\\frontend\\src\\widgets\\sidebar\\SideBarProfile.tsx": {"path":"D:\\ИГЭУ\\Social-Gitlab\\final-project-2-semester\\frontend\\src\\widgets\\sidebar\\SideBarProfile.tsx","statementMap":{"0":{"start":{"line":1,"column":0},"end":{"line":1,"column":66}},"1":{"start":{"line":4,"column":0},"end":{"line":4,"column":63}},"2":{"start":{"line":5,"column":0},"end":{"line":5,"column":48}},"3":{"start":{"line":7,"column":0},"end":{"line":7,"column":81}},"4":{"start":{"line":8,"column":0},"end":{"line":8,"column":35}},"5":{"start":{"line":17,"column":30},"end":{"line":61,"column":1}},"6":{"start":{"line":18,"column":18},"end":{"line":18,"column":26}},"7":{"start":{"line":20,"column":26},"end":{"line":22,"column":3}},"8":{"start":{"line":21,"column":4},"end":{"line":21,"column":null}},"9":{"start":{"line":21,"column":16},"end":{"line":21,"column":null}},"10":{"start":{"line":24,"column":2},"end":{"line":60,"column":null}},"11":{"start":{"line":17,"column":13},"end":{"line":17,"column":30}},"12":{"start":{"line":63,"column":41},"end":{"line":79,"column":null}},"13":{"start":{"line":81,"column":49},"end":{"line":121,"column":null}},"14":{"start":{"line":123,"column":50},"end":{"line":147,"column":null}},"15":{"start":{"line":149,"column":48},"end":{"line":158,"column":null}},"16":{"start":{"line":160,"column":45},"end":{"line":166,"column":null}},"17":{"start":{"line":168,"column":19},"end":{"line":172,"column":null}}},"fnMap":{"0":{"name":"(anonymous_1)","decl":{"start":{"line":17,"column":30},"end":{"line":17,"column":31}},"loc":{"start":{"line":17,"column":92},"end":{"line":61,"column":1}}},"1":{"name":"(anonymous_2)","decl":{"start":{"line":20,"column":26},"end":{"line":20,"column":29}},"loc":{"start":{"line":20,"column":31},"end":{"line":22,"column":3}}}},"branchMap":{"0":{"loc":{"start":{"line":21,"column":4},"end":{"line":21,"column":null}},"type":"if","locations":[{"start":{"line":21,"column":4},"end":{"line":21,"column":null}},{"start":{},"end":{}}]},"1":{"loc":{"start":{"line":37,"column":9},"end":{"line":42,"column":null}},"type":"binary-expr","locations":[{"start":{"line":37,"column":9},"end":{"line":37,"column":15}},{"start":{"line":38,"column":10},"end":{"line":41,"column":null}}]}},"s":{"0":2,"1":2,"2":2,"3":2,"4":2,"5":2,"6":15,"7":15,"8":1,"9":0,"10":15,"11":2,"12":2,"13":2,"14":2,"15":2,"16":2,"17":2},"f":{"0":15,"1":1},"b":{"0":[0,1],"1":[15,3]}}
,"D:\\ИГЭУ\\Social-Gitlab\\final-project-2-semester\\frontend\\src\\widgets\\sidebar\\model\\menuItems.ts": {"path":"D:\\ИГЭУ\\Social-Gitlab\\final-project-2-semester\\frontend\\src\\widgets\\sidebar\\model\\menuItems.ts","statementMap":{"0":{"start":{"line":2,"column":0},"end":{"line":2,"column":63}},"1":{"start":{"line":3,"column":0},"end":{"line":3,"column":76}},"2":{"start":{"line":4,"column":0},"end":{"line":4,"column":63}},"3":{"start":{"line":5,"column":0},"end":{"line":5,"column":76}},"4":{"start":{"line":6,"column":0},"end":{"line":6,"column":79}},"5":{"start":{"line":7,"column":0},"end":{"line":7,"column":92}},"6":{"start":{"line":8,"column":0},"end":{"line":8,"column":69}},"7":{"start":{"line":9,"column":0},"end":{"line":9,"column":82}},"8":{"start":{"line":10,"column":0},"end":{"line":10,"column":67}},"9":{"start":{"line":11,"column":0},"end":{"line":11,"column":80}},"10":{"start":{"line":12,"column":0},"end":{"line":12,"column":67}},"11":{"start":{"line":13,"column":0},"end":{"line":13,"column":80}},"12":{"start":{"line":14,"column":0},"end":{"line":14,"column":65}},"13":{"start":{"line":15,"column":0},"end":{"line":15,"column":78}},"14":{"start":{"line":16,"column":0},"end":{"line":16,"column":46}},"15":{"start":{"line":29,"column":13},"end":{"line":55,"column":null}}},"fnMap":{},"branchMap":{},"s":{"0":3,"1":3,"2":3,"3":3,"4":3,"5":3,"6":3,"7":3,"8":3,"9":3,"10":3,"11":3,"12":3,"13":3,"14":3,"15":3},"f":{},"b":{}}
}
