{"D:\\ИГЭУ\\Social-Gitlab\\final-project-2-semester\\frontend\\src\\features\\profile\\validator.ts": {"path":"D:\\ИГЭУ\\Social-Gitlab\\final-project-2-semester\\frontend\\src\\features\\profile\\validator.ts","statementMap":{"0":{"start":{"line":6,"column":0},"end":{"line":6,"column":16}},"1":{"start":{"line":1,"column":21},"end":{"line":1,"column":23}},"2":{"start":{"line":2,"column":16},"end":{"line":2,"column":19}},"3":{"start":{"line":7,"column":36},"end":{"line":7,"column":38}},"4":{"start":{"line":8,"column":19},"end":{"line":8,"column":39}},"5":{"start":{"line":9,"column":14},"end":{"line":9,"column":28}},"6":{"start":{"line":11,"column":2},"end":{"line":13,"column":null}},"7":{"start":{"line":11,"column":17},"end":{"line":11,"column":null}},"8":{"start":{"line":12,"column":7},"end":{"line":13,"column":null}},"9":{"start":{"line":13,"column":4},"end":{"line":13,"column":null}},"10":{"start":{"line":15,"column":2},"end":{"line":15,"column":null}},"11":{"start":{"line":15,"column":28},"end":{"line":15,"column":null}},"12":{"start":{"line":17,"column":2},"end":{"line":17,"column":null}}},"fnMap":{"0":{"name":"validateProfile","decl":{"start":{"line":6,"column":16},"end":{"line":6,"column":31}},"loc":{"start":{"line":6,"column":72},"end":{"line":18,"column":1}}}},"branchMap":{"0":{"loc":{"start":{"line":9,"column":14},"end":{"line":9,"column":28}},"type":"binary-expr","locations":[{"start":{"line":9,"column":14},"end":{"line":9,"column":22}},{"start":{"line":9,"column":26},"end":{"line":9,"column":28}}]},"1":{"loc":{"start":{"line":11,"column":2},"end":{"line":13,"column":null}},"type":"if","locations":[{"start":{"line":11,"column":2},"end":{"line":13,"column":null}},{"start":{"line":12,"column":7},"end":{"line":13,"column":null}}]},"2":{"loc":{"start":{"line":12,"column":7},"end":{"line":13,"column":null}},"type":"if","locations":[{"start":{"line":12,"column":7},"end":{"line":13,"column":null}},{"start":{},"end":{}}]},"3":{"loc":{"start":{"line":15,"column":2},"end":{"line":15,"column":null}},"type":"if","locations":[{"start":{"line":15,"column":2},"end":{"line":15,"column":null}},{"start":{},"end":{}}]}},"s":{"0":1,"1":1,"2":1,"3":4,"4":4,"5":4,"6":4,"7":1,"8":3,"9":1,"10":4,"11":1,"12":4},"f":{"0":4},"b":{"0":[4,2],"1":[1,3],"2":[1,2],"3":[1,3]}}
,"D:\\ИГЭУ\\Social-Gitlab\\final-project-2-semester\\frontend\\src\\shared\\lib\\copyToClipboard.ts": {"path":"D:\\ИГЭУ\\Social-Gitlab\\final-project-2-semester\\frontend\\src\\shared\\lib\\copyToClipboard.ts","statementMap":{"0":{"start":{"line":1,"column":31},"end":{"line":8,"column":1}},"1":{"start":{"line":2,"column":2},"end":{"line":7,"column":3}},"2":{"start":{"line":3,"column":4},"end":{"line":3,"column":null}},"3":{"start":{"line":4,"column":4},"end":{"line":4,"column":null}},"4":{"start":{"line":6,"column":4},"end":{"line":6,"column":null}},"5":{"start":{"line":1,"column":13},"end":{"line":1,"column":31}}},"fnMap":{"0":{"name":"(anonymous_0)","decl":{"start":{"line":1,"column":31},"end":{"line":1,"column":36}},"loc":{"start":{"line":1,"column":72},"end":{"line":8,"column":1}}}},"branchMap":{},"s":{"0":1,"1":2,"2":2,"3":1,"4":1,"5":1},"f":{"0":2},"b":{}}
,"D:\\ИГЭУ\\Social-Gitlab\\final-project-2-semester\\frontend\\src\\shared\\lib\\plural.ts": {"path":"D:\\ИГЭУ\\Social-Gitlab\\final-project-2-semester\\frontend\\src\\shared\\lib\\plural.ts","statementMap":{"0":{"start":{"line":1,"column":22},"end":{"line":1,"column":51}},"1":{"start":{"line":9,"column":22},"end":{"line":12,"column":1}},"2":{"start":{"line":10,"column":15},"end":{"line":10,"column":63}},"3":{"start":{"line":11,"column":2},"end":{"line":11,"column":null}},"4":{"start":{"line":9,"column":13},"end":{"line":9,"column":22}}},"fnMap":{"0":{"name":"(anonymous_0)","decl":{"start":{"line":9,"column":22},"end":{"line":9,"column":23}},"loc":{"start":{"line":9,"column":68},"end":{"line":12,"column":1}}}},"branchMap":{"0":{"loc":{"start":{"line":11,"column":9},"end":{"line":11,"column":34}},"type":"binary-expr","locations":[{"start":{"line":11,"column":9},"end":{"line":11,"column":20}},{"start":{"line":11,"column":24},"end":{"line":11,"column":34}}]}},"s":{"0":1,"1":1,"2":7,"3":7,"4":1},"f":{"0":7},"b":{"0":[7,1]}}
,"D:\\ИГЭУ\\Social-Gitlab\\final-project-2-semester\\frontend\\src\\shared\\lib\\useDebouncedValue.ts": {"path":"D:\\ИГЭУ\\Social-Gitlab\\final-project-2-semester\\frontend\\src\\shared\\lib\\useDebouncedValue.ts","statementMap":{"0":{"start":{"line":1,"column":0},"end":{"line":1,"column":43}},"1":{"start":{"line":3,"column":33},"end":{"line":12,"column":1}},"2":{"start":{"line":4,"column":36},"end":{"line":4,"column":51}},"3":{"start":{"line":6,"column":2},"end":{"line":9,"column":null}},"4":{"start":{"line":7,"column":15},"end":{"line":7,"column":59}},"5":{"start":{"line":7,"column":32},"end":{"line":7,"column":51}},"6":{"start":{"line":8,"column":4},"end":{"line":8,"column":null}},"7":{"start":{"line":8,"column":17},"end":{"line":8,"column":33}},"8":{"start":{"line":11,"column":2},"end":{"line":11,"column":null}},"9":{"start":{"line":3,"column":13},"end":{"line":3,"column":33}}},"fnMap":{"0":{"name":"(anonymous_0)","decl":{"start":{"line":3,"column":33},"end":{"line":3,"column":37}},"loc":{"start":{"line":3,"column":62},"end":{"line":12,"column":1}}},"1":{"name":"(anonymous_1)","decl":{"start":{"line":6,"column":12},"end":{"line":6,"column":15}},"loc":{"start":{"line":6,"column":17},"end":{"line":9,"column":3}}},"2":{"name":"(anonymous_2)","decl":{"start":{"line":7,"column":26},"end":{"line":7,"column":29}},"loc":{"start":{"line":7,"column":32},"end":{"line":7,"column":51}}},"3":{"name":"(anonymous_3)","decl":{"start":{"line":8,"column":11},"end":{"line":8,"column":14}},"loc":{"start":{"line":8,"column":17},"end":{"line":8,"column":33}}}},"branchMap":{"0":{"loc":{"start":{"line":3,"column":47},"end":{"line":3,"column":58}},"type":"default-arg","locations":[{"start":{"line":3,"column":55},"end":{"line":3,"column":58}}]}},"s":{"0":1,"1":1,"2":8,"3":8,"4":6,"5":3,"6":6,"7":6,"8":8,"9":1},"f":{"0":8,"1":6,"2":3,"3":6},"b":{"0":[1]}}
,"D:\\ИГЭУ\\Social-Gitlab\\final-project-2-semester\\frontend\\src\\shared\\ui\\CharacterCounter.tsx": {"path":"D:\\ИГЭУ\\Social-Gitlab\\final-project-2-semester\\frontend\\src\\shared\\ui\\CharacterCounter.tsx","statementMap":{"0":{"start":{"line":1,"column":0},"end":{"line":1,"column":35}},"1":{"start":{"line":9,"column":32},"end":{"line":65,"column":1}},"2":{"start":{"line":10,"column":30},"end":{"line":10,"column":41}},"3":{"start":{"line":11,"column":29},"end":{"line":11,"column":53}},"4":{"start":{"line":12,"column":19},"end":{"line":12,"column":43}},"5":{"start":{"line":13,"column":27},"end":{"line":13,"column":78}},"6":{"start":{"line":14,"column":21},"end":{"line":14,"column":23}},"7":{"start":{"line":15,"column":28},"end":{"line":15,"column":52}},"8":{"start":{"line":16,"column":21},"end":{"line":16,"column":55}},"9":{"start":{"line":17,"column":29},"end":{"line":17,"column":86}},"10":{"start":{"line":19,"column":2},"end":{"line":64,"column":null}},"11":{"start":{"line":9,"column":13},"end":{"line":9,"column":32}},"12":{"start":{"line":67,"column":22},"end":{"line":85,"column":1}},"13":{"start":{"line":68,"column":2},"end":{"line":68,"column":null}},"14":{"start":{"line":68,"column":21},"end":{"line":68,"column":null}},"15":{"start":{"line":70,"column":16},"end":{"line":70,"column":51}},"16":{"start":{"line":71,"column":17},"end":{"line":71,"column":19}},"17":{"start":{"line":72,"column":17},"end":{"line":72,"column":28}},"18":{"start":{"line":74,"column":2},"end":{"line":78,"column":3}},"19":{"start":{"line":75,"column":4},"end":{"line":77,"column":null}},"20":{"start":{"line":80,"column":15},"end":{"line":80,"column":44}},"21":{"start":{"line":81,"column":15},"end":{"line":81,"column":44}},"22":{"start":{"line":82,"column":23},"end":{"line":82,"column":46}},"23":{"start":{"line":84,"column":2},"end":{"line":84,"column":null}}},"fnMap":{"0":{"name":"(anonymous_0)","decl":{"start":{"line":9,"column":32},"end":{"line":9,"column":33}},"loc":{"start":{"line":9,"column":89},"end":{"line":65,"column":1}}},"1":{"name":"(anonymous_1)","decl":{"start":{"line":67,"column":22},"end":{"line":67,"column":23}},"loc":{"start":{"line":67,"column":83},"end":{"line":85,"column":1}}}},"branchMap":{"0":{"loc":{"start":{"line":9,"column":42},"end":{"line":9,"column":51}},"type":"default-arg","locations":[{"start":{"line":9,"column":48},"end":{"line":9,"column":51}}]},"1":{"loc":{"start":{"line":9,"column":53},"end":{"line":9,"column":76}},"type":"default-arg","locations":[{"start":{"line":9,"column":73},"end":{"line":9,"column":76}}]},"2":{"loc":{"start":{"line":25,"column":17},"end":{"line":25,"column":65}},"type":"cond-expr","locations":[{"start":{"line":25,"column":44},"end":{"line":25,"column":53}},{"start":{"line":25,"column":56},"end":{"line":25,"column":65}}]},"3":{"loc":{"start":{"line":41,"column":11},"end":{"line":59,"column":null}},"type":"cond-expr","locations":[{"start":{"line":42,"column":12},"end":{"line":44,"column":null}},{"start":{"line":47,"column":12},"end":{"line":58,"column":null}}]},"4":{"loc":{"start":{"line":68,"column":2},"end":{"line":68,"column":null}},"type":"if","locations":[{"start":{"line":68,"column":2},"end":{"line":68,"column":null}},{"start":{},"end":{}}]},"5":{"loc":{"start":{"line":74,"column":2},"end":{"line":78,"column":3}},"type":"if","locations":[{"start":{"line":74,"column":2},"end":{"line":78,"column":3}},{"start":{},"end":{}}]},"6":{"loc":{"start":{"line":82,"column":23},"end":{"line":82,"column":46}},"type":"cond-expr","locations":[{"start":{"line":82,"column":41},"end":{"line":82,"column":42}},{"start":{"line":82,"column":45},"end":{"line":82,"column":46}}]}},"s":{"0":1,"1":1,"2":3,"3":3,"4":3,"5":3,"6":3,"7":3,"8":3,"9":3,"10":3,"11":1,"12":1,"13":3,"14":1,"15":2,"16":2,"17":2,"18":2,"19":1,"20":1,"21":1,"22":1,"23":1},"f":{"0":3,"1":3},"b":{"0":[0],"1":[2],"2":[2,1],"3":[2,1],"4":[1,2],"5":[1,1],"6":[0,1]}}
}
