TN:
SF:src\app\App.tsx
FN:3,App
FNF:1
FNH:0
FNDA:0,App
DA:1,0
DA:4,0
DA:7,0
LF:3
LH:0
BRF:0
BRH:0
end_of_record
TN:
SF:src\app\MainLayout.tsx
FN:15,(anonymous_0)
FN:23,(anonymous_1)
FN:26,(anonymous_2)
FNF:3
FNH:0
FNDA:0,(anonymous_0)
FNDA:0,(anonymous_1)
FNDA:0,(anonymous_2)
DA:1,0
DA:2,0
DA:3,0
DA:4,0
DA:5,0
DA:6,0
DA:7,0
DA:8,0
DA:9,0
DA:10,0
DA:11,0
DA:12,0
DA:15,0
DA:16,0
DA:17,0
DA:18,0
DA:19,0
DA:20,0
DA:21,0
DA:23,0
DA:24,0
DA:25,0
DA:26,0
DA:27,0
DA:32,0
DA:34,0
DA:81,0
LF:27
LH:0
BRDA:24,0,0,0
BRDA:24,0,1,0
BRDA:39,1,0,0
BRDA:39,1,1,0
BRDA:63,2,0,0
BRDA:63,2,1,0
BRDA:75,3,0,0
BRDA:75,3,1,0
BRDA:75,3,2,0
BRDA:76,4,0,0
BRDA:76,4,1,0
BRF:11
BRH:0
end_of_record
TN:
SF:src\app\providers.tsx
FN:18,(anonymous_0)
FNF:1
FNH:0
FNDA:0,(anonymous_0)
DA:1,0
DA:3,0
DA:4,0
DA:5,0
DA:6,0
DA:8,0
DA:18,0
DA:19,0
LF:8
LH:0
BRF:0
BRH:0
end_of_record
TN:
SF:src\app\router.tsx
FN:19,(anonymous_0)
FNF:1
FNH:0
FNDA:0,(anonymous_0)
DA:1,0
DA:2,0
DA:3,0
DA:9,0
DA:10,0
DA:11,0
DA:12,0
DA:13,0
DA:14,0
DA:15,0
DA:16,0
DA:17,0
DA:19,0
DA:20,0
LF:14
LH:0
BRF:0
BRH:0
end_of_record
TN:
SF:src\app\store.ts
FNF:0
FNH:0
DA:1,1
DA:2,1
DA:3,1
DA:6,1
DA:7,1
DA:9,1
DA:10,1
DA:12,1
LF:8
LH:8
BRDA:9,0,0,0
BRDA:9,0,1,1
BRDA:10,1,0,0
BRDA:10,1,1,1
BRF:4
BRH:2
end_of_record
TN:
SF:src\entities\chat\ui\ChatItem.tsx
FN:15,(anonymous_0)
FNF:1
FNH:1
FNDA:7,(anonymous_0)
DA:1,1
DA:4,1
DA:5,1
DA:6,1
DA:15,1
DA:16,7
DA:17,7
DA:19,7
DA:102,1
LF:9
LH:9
BRDA:17,0,0,6
BRDA:17,0,1,1
BRDA:26,1,0,0
BRDA:26,1,1,7
BRDA:78,2,0,7
BRDA:78,2,1,2
BRDA:79,3,0,1
BRDA:79,3,1,1
BRDA:91,4,0,2
BRDA:91,4,1,5
BRF:10
BRH:9
end_of_record
TN:
SF:src\entities\comment\api\getCommentsApi.ts
FN:9,(anonymous_0)
FN:16,(anonymous_1)
FN:19,(anonymous_2)
FNF:3
FNH:3
FNDA:3,(anonymous_0)
FNDA:3,(anonymous_1)
FNDA:3,(anonymous_2)
DA:1,1
DA:9,1
DA:10,3
DA:11,3
DA:12,3
DA:13,3
DA:16,1
DA:17,3
DA:19,3
LF:9
LH:9
BRDA:11,0,0,1
BRDA:11,0,1,2
BRDA:12,1,0,2
BRDA:12,1,1,1
BRDA:13,2,0,2
BRDA:13,2,1,1
BRF:6
BRH:6
end_of_record
TN:
SF:src\entities\comment\ui\CommentItem.tsx
FN:15,(anonymous_0)
FNF:1
FNH:1
FNDA:9,(anonymous_0)
DA:1,2
DA:2,2
DA:3,2
DA:5,2
DA:6,2
DA:7,2
DA:15,2
DA:16,9
LF:8
LH:8
BRDA:55,0,0,9
BRDA:55,0,1,0
BRF:2
BRH:1
end_of_record
TN:
SF:src\entities\comment\ui\CommentsList.tsx
FN:15,(anonymous_0)
FN:24,(anonymous_1)
FN:29,(anonymous_2)
FN:37,(anonymous_3)
FN:57,(anonymous_4)
FNF:5
FNH:4
FNDA:4,(anonymous_0)
FNDA:4,(anonymous_1)
FNDA:0,(anonymous_2)
FNDA:1,(anonymous_3)
FNDA:4,(anonymous_4)
DA:1,1
DA:2,1
DA:3,1
DA:5,1
DA:15,1
DA:22,4
DA:24,4
DA:25,4
DA:26,4
DA:28,1
DA:30,0
DA:31,0
DA:36,1
DA:37,1
DA:40,4
DA:42,3
DA:58,4
LF:17
LH:15
BRDA:17,0,0,3
BRDA:18,1,0,4
BRDA:26,2,0,3
BRDA:26,2,1,1
BRDA:26,3,0,4
BRDA:26,3,1,1
BRDA:26,3,2,1
BRDA:30,4,0,0
BRDA:30,4,1,0
BRDA:30,5,0,0
BRDA:30,5,1,0
BRDA:40,6,0,1
BRDA:40,6,1,3
BRDA:62,7,0,2
BRDA:62,7,1,2
BRDA:62,8,0,4
BRDA:62,8,1,3
BRDA:70,9,0,3
BRDA:70,9,1,1
BRF:19
BRH:15
end_of_record
TN:
SF:src\entities\comment\ui\skeleton\CommentSkeleton.tsx
FN:3,(anonymous_0)
FNF:1
FNH:1
FNDA:10,(anonymous_0)
DA:1,1
DA:3,1
DA:4,10
LF:3
LH:3
BRF:0
BRH:0
end_of_record
TN:
SF:src\entities\comment\ui\skeleton\CommentSkeletonList.tsx
FN:11,(anonymous_0)
FN:14,(anonymous_1)
FNF:2
FNH:2
FNDA:2,(anonymous_0)
FNDA:10,(anonymous_1)
DA:1,1
DA:4,1
DA:5,1
DA:11,1
DA:12,2
DA:15,10
DA:21,1
LF:7
LH:7
BRDA:11,0,0,1
BRF:1
BRH:1
end_of_record
TN:
SF:src\entities\message\ui\MessageItem.tsx
FN:10,(anonymous_0)
FNF:1
FNH:1
FNDA:3,(anonymous_0)
DA:1,1
DA:2,1
DA:3,1
DA:10,1
DA:11,3
LF:5
LH:5
BRDA:13,0,0,1
BRDA:13,0,1,2
BRDA:20,1,0,1
BRDA:20,1,1,2
BRF:4
BRH:4
end_of_record
TN:
SF:src\entities\notification\ui\NotificationItem.tsx
FN:21,(anonymous_0)
FN:30,(anonymous_1)
FN:36,(anonymous_2)
FN:42,(anonymous_3)
FN:51,(anonymous_4)
FN:62,(anonymous_5)
FNF:6
FNH:1
FNDA:0,(anonymous_0)
FNDA:8,(anonymous_1)
FNDA:0,(anonymous_2)
FNDA:0,(anonymous_3)
FNDA:0,(anonymous_4)
FNDA:0,(anonymous_5)
DA:1,1
DA:4,1
DA:5,1
DA:6,1
DA:7,1
DA:8,1
DA:15,1
DA:21,1
DA:22,0
DA:23,0
DA:24,0
DA:26,0
DA:27,0
DA:30,1
DA:31,8
DA:32,8
DA:34,8
DA:36,0
DA:42,0
DA:51,0
DA:63,0
DA:73,1
DA:89,1
DA:93,1
DA:101,1
DA:107,1
DA:115,1
DA:126,1
DA:133,1
LF:29
LH:20
BRDA:22,0,0,0
BRDA:22,0,1,0
BRDA:23,1,0,0
BRDA:23,1,1,0
BRDA:23,2,0,0
BRDA:23,2,1,0
BRDA:23,2,2,0
BRDA:26,3,0,0
BRDA:26,3,1,0
BRDA:31,4,0,8
BRDA:31,4,1,7
BRDA:37,5,0,8
BRDA:37,5,1,0
BRDA:56,6,0,8
BRDA:56,6,1,1
BRDA:56,6,2,1
BRDA:60,7,0,8
BRDA:60,7,1,0
BRDA:60,7,2,0
BRF:19
BRH:7
end_of_record
TN:
SF:src\entities\post\api\getPostApi.ts
FN:9,(anonymous_0)
FN:16,(anonymous_1)
FN:17,(anonymous_2)
FN:19,(anonymous_3)
FN:20,(anonymous_4)
FN:22,(anonymous_5)
FN:23,(anonymous_6)
FN:25,(anonymous_7)
FN:25,(anonymous_8)
FNF:9
FNH:9
FNDA:5,(anonymous_0)
FNDA:2,(anonymous_1)
FNDA:2,(anonymous_2)
FNDA:2,(anonymous_3)
FNDA:2,(anonymous_4)
FNDA:1,(anonymous_5)
FNDA:1,(anonymous_6)
FNDA:1,(anonymous_7)
FNDA:1,(anonymous_8)
DA:1,1
DA:9,1
DA:10,5
DA:11,5
DA:12,5
DA:13,5
DA:16,1
DA:17,2
DA:19,1
DA:20,2
DA:22,1
DA:23,1
DA:25,1
LF:13
LH:13
BRDA:11,0,0,2
BRDA:11,0,1,3
BRDA:12,1,0,1
BRDA:12,1,1,4
BRDA:13,2,0,2
BRDA:13,2,1,3
BRF:6
BRH:6
end_of_record
TN:
SF:src\entities\post\ui\PostComponent.tsx
FN:19,(anonymous_0)
FN:21,(anonymous_1)
FN:87,(anonymous_2)
FNF:3
FNH:3
FNDA:12,(anonymous_0)
FNDA:9,(anonymous_1)
FNDA:1,(anonymous_2)
DA:1,1
DA:2,1
DA:5,1
DA:6,1
DA:7,1
DA:8,1
DA:10,1
DA:11,1
DA:19,1
DA:20,12
DA:21,12
DA:23,12
DA:87,1
DA:94,1
LF:14
LH:14
BRDA:77,0,0,12
BRDA:77,0,1,6
BRDA:82,1,0,12
BRDA:82,1,1,2
BRF:4
BRH:4
end_of_record
TN:
SF:src\entities\post\ui\PostImages.tsx
FN:11,(anonymous_0)
FN:11,(anonymous_1)
FN:30,(anonymous_2)
FN:73,(anonymous_3)
FN:81,(anonymous_4)
FNF:5
FNH:4
FNDA:12,(anonymous_0)
FNDA:0,(anonymous_1)
FNDA:3,(anonymous_2)
FNDA:11,(anonymous_3)
FNDA:1,(anonymous_4)
DA:1,2
DA:4,2
DA:11,2
DA:12,12
DA:14,12
DA:15,8
DA:30,3
DA:48,4
DA:66,4
DA:74,11
DA:81,1
DA:92,2
DA:100,2
LF:13
LH:13
BRDA:11,0,0,0
BRDA:14,1,0,8
BRDA:14,1,1,4
BRDA:84,2,0,1
BRDA:84,2,1,10
BRDA:84,3,0,11
BRDA:84,3,1,3
BRF:7
BRH:6
end_of_record
TN:
SF:src\entities\post\ui\butons\ButtonComment.tsx
FN:11,(anonymous_1)
FNF:1
FNH:1
FNDA:4,(anonymous_1)
DA:1,1
DA:2,1
DA:3,1
DA:4,1
DA:11,1
DA:12,4
LF:6
LH:6
BRF:0
BRH:0
end_of_record
TN:
SF:src\entities\post\ui\butons\ButtonLike.tsx
FN:14,(anonymous_1)
FNF:1
FNH:1
FNDA:4,(anonymous_1)
DA:1,1
DA:2,1
DA:3,1
DA:4,1
DA:5,1
DA:14,1
DA:15,4
LF:7
LH:7
BRDA:14,0,0,3
BRDA:21,1,0,4
BRDA:21,1,1,1
BRDA:31,2,0,1
BRDA:31,2,1,3
BRF:5
BRH:5
end_of_record
TN:
SF:src\entities\post\ui\butons\ButtonReport.tsx
FN:9,(anonymous_1)
FNF:1
FNH:1
FNDA:2,(anonymous_1)
DA:1,1
DA:2,1
DA:3,1
DA:9,1
DA:10,2
LF:5
LH:5
BRF:0
BRH:0
end_of_record
TN:
SF:src\entities\post\ui\butons\styles.ts
FNF:0
FNH:0
DA:3,2
DA:5,2
LF:2
LH:2
BRF:0
BRH:0
end_of_record
TN:
SF:src\entities\post\ui\skeleton\PostSkeleton.tsx
FN:11,(anonymous_1)
FNF:1
FNH:1
FNDA:12,(anonymous_1)
DA:1,2
DA:4,2
DA:5,2
DA:6,2
DA:7,2
DA:11,2
DA:12,12
DA:25,2
LF:8
LH:8
BRDA:11,0,0,1
BRF:1
BRH:1
end_of_record
TN:
SF:src\entities\post\ui\skeleton\PostSkeletonList.tsx
FN:11,(anonymous_0)
FN:14,(anonymous_1)
FNF:2
FNH:2
FNDA:2,(anonymous_0)
FNDA:10,(anonymous_1)
DA:1,1
DA:4,1
DA:5,1
DA:11,1
DA:12,2
DA:15,10
DA:21,1
LF:7
LH:7
BRDA:11,0,0,1
BRF:1
BRH:1
end_of_record
TN:
SF:src\entities\user\api\getUserApi.ts
FN:4,(anonymous_0)
FN:4,(anonymous_1)
FN:6,(anonymous_2)
FN:7,(anonymous_3)
FNF:4
FNH:0
FNDA:0,(anonymous_0)
FNDA:0,(anonymous_1)
FNDA:0,(anonymous_2)
FNDA:0,(anonymous_3)
DA:1,8
DA:4,8
DA:6,8
DA:7,0
LF:4
LH:3
BRF:0
BRH:0
end_of_record
TN:
SF:src\entities\user\hooks\useUserSuggestions.ts
FN:4,(anonymous_0)
FNF:1
FNH:0
FNDA:0,(anonymous_0)
DA:1,8
DA:2,8
DA:4,8
DA:5,0
LF:4
LH:3
BRF:0
BRH:0
end_of_record
TN:
SF:src\entities\user\model\selectors.ts
FN:3,(anonymous_0)
FNF:1
FNH:1
FNDA:108,(anonymous_0)
DA:3,108
LF:1
LH:1
BRF:0
BRH:0
end_of_record
TN:
SF:src\entities\user\model\userSlice.ts
FN:13,(anonymous_0)
FN:14,(anonymous_1)
FN:18,(anonymous_2)
FNF:3
FNH:3
FNDA:3,(anonymous_0)
FNDA:2,(anonymous_1)
FNDA:2,(anonymous_2)
DA:1,12
DA:7,12
DA:9,12
DA:13,3
DA:15,2
DA:16,1
DA:18,2
DA:22,12
DA:23,12
LF:9
LH:9
BRDA:15,0,0,1
BRDA:15,0,1,1
BRF:2
BRH:2
end_of_record
TN:
SF:src\entities\user\ui\UserCard.tsx
FN:16,(anonymous_0)
FNF:1
FNH:1
FNDA:6,(anonymous_0)
DA:1,9
DA:2,9
DA:3,9
DA:5,9
DA:6,9
DA:16,9
DA:17,6
LF:7
LH:7
BRDA:16,0,0,6
BRDA:16,1,0,6
BRDA:16,2,0,5
BRDA:16,3,0,5
BRDA:32,4,0,1
BRDA:32,4,1,5
BRF:6
BRH:6
end_of_record
TN:
SF:src\features\auth\api\authApi.ts
FN:10,(anonymous_0)
FN:11,(anonymous_1)
FN:13,(anonymous_2)
FN:14,(anonymous_3)
FNF:4
FNH:4
FNDA:2,(anonymous_0)
FNDA:1,(anonymous_1)
FNDA:1,(anonymous_2)
FNDA:1,(anonymous_3)
DA:1,3
DA:10,3
DA:11,2
DA:13,3
DA:14,1
LF:5
LH:5
BRF:0
BRH:0
end_of_record
TN:
SF:src\features\auth\hooks\useAuth.ts
FN:8,(anonymous_0)
FN:13,(anonymous_1)
FN:17,(anonymous_2)
FN:18,(anonymous_3)
FN:26,(anonymous_4)
FN:30,(anonymous_5)
FN:31,(anonymous_6)
FNF:7
FNH:0
FNDA:0,(anonymous_0)
FNDA:0,(anonymous_1)
FNDA:0,(anonymous_2)
FNDA:0,(anonymous_3)
FNDA:0,(anonymous_4)
FNDA:0,(anonymous_5)
FNDA:0,(anonymous_6)
DA:1,2
DA:2,2
DA:3,2
DA:4,2
DA:6,2
DA:8,2
DA:9,0
DA:10,0
DA:13,2
DA:14,0
DA:16,0
DA:17,0
DA:19,0
DA:20,0
DA:21,0
DA:26,2
DA:27,0
DA:29,0
DA:30,0
DA:32,0
DA:33,0
DA:34,0
LF:22
LH:8
BRF:0
BRH:0
end_of_record
TN:
SF:src\features\auth\model\authSlice.ts
FN:16,(anonymous_0)
FN:19,(anonymous_1)
FNF:2
FNH:2
FNDA:4,(anonymous_0)
FNDA:2,(anonymous_1)
DA:1,12
DA:8,12
DA:12,12
DA:17,4
DA:20,2
DA:25,12
DA:27,12
LF:7
LH:7
BRF:0
BRH:0
end_of_record
TN:
SF:src\features\auth\model\selectors.ts
FN:3,(anonymous_0)
FNF:1
FNH:1
FNDA:14,(anonymous_0)
DA:3,14
LF:1
LH:1
BRF:0
BRH:0
end_of_record
TN:
SF:src\features\auth\ui\AdminRoute.tsx
FN:11,(anonymous_0)
FNF:1
FNH:1
FNDA:3,(anonymous_0)
DA:2,3
DA:3,3
DA:4,3
DA:5,3
DA:11,3
DA:12,3
DA:14,3
DA:15,2
DA:18,1
LF:9
LH:9
BRDA:14,0,0,2
BRDA:14,0,1,1
BRF:2
BRH:2
end_of_record
TN:
SF:src\features\auth\ui\AuthForm.tsx
FN:18,(anonymous_1)
FN:34,handleSubmit
FN:81,handleChangeMode
FN:136,(anonymous_4)
FN:149,(anonymous_5)
FN:162,(anonymous_6)
FN:175,(anonymous_7)
FNF:7
FNH:0
FNDA:0,(anonymous_1)
FNDA:0,handleSubmit
FNDA:0,handleChangeMode
FNDA:0,(anonymous_4)
FNDA:0,(anonymous_5)
FNDA:0,(anonymous_6)
FNDA:0,(anonymous_7)
DA:1,2
DA:4,2
DA:5,2
DA:6,2
DA:7,2
DA:8,2
DA:9,2
DA:18,2
DA:19,0
DA:25,0
DA:26,0
DA:28,0
DA:29,0
DA:30,0
DA:31,0
DA:32,0
DA:35,0
DA:37,0
DA:38,0
DA:39,0
DA:42,0
DA:43,0
DA:44,0
DA:47,0
DA:48,0
DA:49,0
DA:52,0
DA:53,0
DA:54,0
DA:55,0
DA:58,0
DA:59,0
DA:60,0
DA:63,0
DA:64,0
DA:65,0
DA:68,0
DA:74,0
DA:82,0
DA:83,0
DA:84,0
DA:85,0
DA:88,0
DA:136,0
DA:149,0
DA:162,0
DA:175,0
DA:208,2
DA:215,2
DA:241,2
DA:247,2
DA:265,2
LF:52
LH:13
BRDA:29,0,0,0
BRDA:29,0,1,0
BRDA:30,1,0,0
BRDA:30,1,1,0
BRDA:31,2,0,0
BRDA:31,2,1,0
BRDA:32,3,0,0
BRDA:32,3,1,0
BRDA:37,4,0,0
BRDA:37,4,1,0
BRDA:37,5,0,0
BRDA:37,5,1,0
BRDA:42,6,0,0
BRDA:42,6,1,0
BRDA:47,7,0,0
BRDA:47,7,1,0
BRDA:52,8,0,0
BRDA:52,8,1,0
BRDA:53,9,0,0
BRDA:53,9,1,0
BRDA:58,10,0,0
BRDA:58,10,1,0
BRDA:63,11,0,0
BRDA:63,11,1,0
BRDA:84,12,0,0
BRDA:84,12,1,0
BRDA:142,13,0,0
BRDA:142,13,1,0
BRDA:168,14,0,0
BRDA:168,14,1,0
BRDA:196,15,0,0
BRDA:196,15,1,0
BRDA:200,16,0,0
BRDA:200,16,1,0
BRF:34
BRH:0
end_of_record
TN:
SF:src\features\auth\ui\PrivateRouter.tsx
FN:11,(anonymous_0)
FNF:1
FNH:1
FNDA:2,(anonymous_0)
DA:2,3
DA:3,3
DA:4,3
DA:5,3
DA:11,3
DA:12,2
DA:14,2
DA:15,1
DA:18,1
LF:9
LH:9
BRDA:14,0,0,1
BRDA:14,0,1,1
BRF:2
BRH:2
end_of_record
TN:
SF:src\features\chats\api\chatsApi.ts
FN:11,(anonymous_0)
FN:13,(anonymous_1)
FN:19,(anonymous_2)
FN:20,(anonymous_3)
FN:22,(anonymous_4)
FN:23,(anonymous_5)
FN:25,(anonymous_6)
FN:28,(anonymous_7)
FN:30,(anonymous_8)
FN:31,(anonymous_9)
FN:33,(anonymous_10)
FN:40,(anonymous_11)
FN:42,(anonymous_12)
FN:43,(anonymous_13)
FNF:14
FNH:14
FNDA:4,(anonymous_0)
FNDA:10,(anonymous_1)
FNDA:2,(anonymous_2)
FNDA:2,(anonymous_3)
FNDA:1,(anonymous_4)
FNDA:1,(anonymous_5)
FNDA:2,(anonymous_6)
FNDA:2,(anonymous_7)
FNDA:1,(anonymous_8)
FNDA:1,(anonymous_9)
FNDA:1,(anonymous_10)
FNDA:1,(anonymous_11)
FNDA:1,(anonymous_12)
FNDA:1,(anonymous_13)
DA:1,1
DA:11,1
DA:12,4
DA:13,4
DA:14,10
DA:16,4
DA:19,1
DA:20,2
DA:22,1
DA:23,1
DA:25,1
DA:26,2
DA:28,2
DA:30,1
DA:31,1
DA:33,1
DA:34,1
DA:40,1
DA:42,1
DA:43,1
LF:20
LH:20
BRDA:14,0,0,2
BRDA:14,0,1,8
BRDA:14,1,0,10
BRDA:14,1,1,2
BRDA:16,2,0,2
BRDA:16,2,1,2
BRF:6
BRH:6
end_of_record
TN:
SF:src\features\chats\hooks\useChats.ts
FN:23,(anonymous_0)
FN:24,(anonymous_1)
FN:25,(anonymous_2)
FN:34,(anonymous_3)
FN:38,(anonymous_4)
FN:41,(anonymous_5)
FN:46,(anonymous_6)
FN:49,(anonymous_7)
FN:53,(anonymous_8)
FN:56,(anonymous_9)
FN:59,(anonymous_10)
FN:63,(anonymous_11)
FN:71,(anonymous_12)
FN:83,(anonymous_13)
FN:83,(anonymous_14)
FN:91,(anonymous_15)
FN:95,(anonymous_16)
FN:96,(anonymous_17)
FN:97,(anonymous_18)
FN:105,(anonymous_19)
FN:109,(anonymous_20)
FN:110,(anonymous_21)
FN:118,(anonymous_22)
FN:122,(anonymous_23)
FN:124,(anonymous_24)
FN:143,(anonymous_25)
FNF:26
FNH:0
FNDA:0,(anonymous_0)
FNDA:0,(anonymous_1)
FNDA:0,(anonymous_2)
FNDA:0,(anonymous_3)
FNDA:0,(anonymous_4)
FNDA:0,(anonymous_5)
FNDA:0,(anonymous_6)
FNDA:0,(anonymous_7)
FNDA:0,(anonymous_8)
FNDA:0,(anonymous_9)
FNDA:0,(anonymous_10)
FNDA:0,(anonymous_11)
FNDA:0,(anonymous_12)
FNDA:0,(anonymous_13)
FNDA:0,(anonymous_14)
FNDA:0,(anonymous_15)
FNDA:0,(anonymous_16)
FNDA:0,(anonymous_17)
FNDA:0,(anonymous_18)
FNDA:0,(anonymous_19)
FNDA:0,(anonymous_20)
FNDA:0,(anonymous_21)
FNDA:0,(anonymous_22)
FNDA:0,(anonymous_23)
FNDA:0,(anonymous_24)
FNDA:0,(anonymous_25)
DA:1,0
DA:9,0
DA:22,0
DA:23,0
DA:24,0
DA:25,0
DA:26,0
DA:28,0
DA:29,0
DA:34,0
DA:35,0
DA:36,0
DA:39,0
DA:41,0
DA:46,0
DA:47,0
DA:49,0
DA:53,0
DA:54,0
DA:57,0
DA:59,0
DA:63,0
DA:64,0
DA:71,0
DA:75,0
DA:76,0
DA:83,0
DA:84,0
DA:85,0
DA:91,0
DA:92,0
DA:94,0
DA:95,0
DA:97,0
DA:98,0
DA:100,0
DA:105,0
DA:106,0
DA:108,0
DA:109,0
DA:111,0
DA:113,0
DA:114,0
DA:116,0
DA:117,0
DA:118,0
DA:119,0
DA:120,0
DA:122,0
DA:125,0
DA:126,0
DA:127,0
DA:129,0
DA:135,0
DA:136,0
DA:141,0
DA:144,0
DA:145,0
DA:146,0
DA:152,0
LF:60
LH:0
BRDA:34,0,0,0
BRDA:34,1,0,0
BRDA:37,2,0,0
BRDA:37,2,1,0
BRDA:39,3,0,0
BRDA:39,3,1,0
BRDA:39,4,0,0
BRDA:39,4,1,0
BRDA:50,5,0,0
BRDA:50,5,1,0
BRDA:57,6,0,0
BRDA:57,6,1,0
BRDA:60,7,0,0
BRDA:60,7,1,0
BRDA:63,8,0,0
BRDA:75,9,0,0
BRDA:75,9,1,0
BRDA:75,10,0,0
BRDA:75,10,1,0
BRDA:76,11,0,0
BRDA:76,11,1,0
BRDA:83,12,0,0
BRDA:83,12,1,0
BRDA:117,13,0,0
BRDA:117,13,1,0
BRDA:119,14,0,0
BRDA:119,14,1,0
BRDA:125,15,0,0
BRDA:125,15,1,0
BRDA:125,16,0,0
BRDA:125,16,1,0
BRDA:135,17,0,0
BRDA:135,17,1,0
BRDA:144,18,0,0
BRDA:144,18,1,0
BRDA:145,19,0,0
BRDA:145,19,1,0
BRF:37
BRH:0
end_of_record
TN:
SF:src\features\chats\hooks\useSocketSync.ts
FN:21,(anonymous_0)
FN:26,(anonymous_1)
FN:30,(anonymous_2)
FN:31,(anonymous_3)
FN:38,(anonymous_4)
FN:44,(anonymous_5)
FN:45,(anonymous_6)
FN:49,(anonymous_7)
FN:51,(anonymous_8)
FN:58,(anonymous_9)
FN:62,(anonymous_10)
FN:64,(anonymous_11)
FN:74,(anonymous_12)
FN:83,(anonymous_13)
FNF:14
FNH:0
FNDA:0,(anonymous_0)
FNDA:0,(anonymous_1)
FNDA:0,(anonymous_2)
FNDA:0,(anonymous_3)
FNDA:0,(anonymous_4)
FNDA:0,(anonymous_5)
FNDA:0,(anonymous_6)
FNDA:0,(anonymous_7)
FNDA:0,(anonymous_8)
FNDA:0,(anonymous_9)
FNDA:0,(anonymous_10)
FNDA:0,(anonymous_11)
FNDA:0,(anonymous_12)
FNDA:0,(anonymous_13)
DA:1,0
DA:2,0
DA:3,0
DA:4,0
DA:5,0
DA:7,0
DA:21,0
DA:22,0
DA:23,0
DA:24,0
DA:26,0
DA:27,0
DA:28,0
DA:30,0
DA:31,0
DA:32,0
DA:35,0
DA:37,0
DA:38,0
DA:39,0
DA:44,0
DA:45,0
DA:46,0
DA:47,0
DA:49,0
DA:52,0
DA:58,0
DA:59,0
DA:60,0
DA:62,0
DA:65,0
DA:66,0
DA:67,0
DA:74,0
DA:75,0
DA:76,0
DA:79,0
DA:80,0
DA:81,0
DA:83,0
DA:84,0
DA:85,0
DA:86,0
LF:43
LH:0
BRDA:27,0,0,0
BRDA:27,0,1,0
BRDA:37,1,0,0
BRDA:37,1,1,0
BRDA:39,2,0,0
BRDA:39,2,1,0
BRDA:46,3,0,0
BRDA:46,3,1,0
BRDA:52,4,0,0
BRDA:52,4,1,0
BRDA:52,5,0,0
BRDA:52,5,1,0
BRDA:59,6,0,0
BRDA:59,6,1,0
BRDA:65,7,0,0
BRDA:65,7,1,0
BRDA:65,8,0,0
BRDA:65,8,1,0
BRDA:66,9,0,0
BRDA:66,9,1,0
BRF:20
BRH:0
end_of_record
TN:
SF:src\features\chats\ui\ChatDialog.tsx
FN:25,(anonymous_1)
FN:38,(anonymous_2)
FN:41,(anonymous_3)
FN:44,(anonymous_4)
FN:47,(anonymous_5)
FN:58,(anonymous_6)
FN:59,(anonymous_7)
FN:65,(anonymous_8)
FN:69,(anonymous_9)
FN:73,(anonymous_10)
FN:88,(anonymous_11)
FN:94,(anonymous_12)
FN:99,(anonymous_13)
FN:112,(anonymous_14)
FN:116,(anonymous_15)
FN:120,(anonymous_16)
FN:126,(anonymous_17)
FN:137,(anonymous_18)
FN:140,(anonymous_19)
FN:157,(anonymous_20)
FN:196,(anonymous_21)
FN:203,(anonymous_22)
FN:234,(anonymous_23)
FN:244,(anonymous_24)
FN:263,(anonymous_25)
FN:263,(anonymous_26)
FN:282,(anonymous_27)
FN:287,(anonymous_28)
FNF:28
FNH:0
FNDA:0,(anonymous_1)
FNDA:0,(anonymous_2)
FNDA:0,(anonymous_3)
FNDA:0,(anonymous_4)
FNDA:0,(anonymous_5)
FNDA:0,(anonymous_6)
FNDA:0,(anonymous_7)
FNDA:0,(anonymous_8)
FNDA:0,(anonymous_9)
FNDA:0,(anonymous_10)
FNDA:0,(anonymous_11)
FNDA:0,(anonymous_12)
FNDA:0,(anonymous_13)
FNDA:0,(anonymous_14)
FNDA:0,(anonymous_15)
FNDA:0,(anonymous_16)
FNDA:0,(anonymous_17)
FNDA:0,(anonymous_18)
FNDA:0,(anonymous_19)
FNDA:0,(anonymous_20)
FNDA:0,(anonymous_21)
FNDA:0,(anonymous_22)
FNDA:0,(anonymous_23)
FNDA:0,(anonymous_24)
FNDA:0,(anonymous_25)
FNDA:0,(anonymous_26)
FNDA:0,(anonymous_27)
FNDA:0,(anonymous_28)
DA:1,0
DA:4,0
DA:5,0
DA:6,0
DA:7,0
DA:8,0
DA:9,0
DA:11,0
DA:12,0
DA:13,0
DA:14,0
DA:15,0
DA:25,0
DA:32,0
DA:33,0
DA:34,0
DA:35,0
DA:36,0
DA:38,0
DA:39,0
DA:40,0
DA:41,0
DA:42,0
DA:43,0
DA:44,0
DA:47,0
DA:48,0
DA:49,0
DA:50,0
DA:51,0
DA:52,0
DA:53,0
DA:54,0
DA:58,0
DA:59,0
DA:61,0
DA:62,0
DA:63,0
DA:64,0
DA:65,0
DA:66,0
DA:69,0
DA:70,0
DA:73,0
DA:74,0
DA:75,0
DA:76,0
DA:77,0
DA:78,0
DA:79,0
DA:80,0
DA:81,0
DA:85,0
DA:88,0
DA:89,0
DA:90,0
DA:93,0
DA:95,0
DA:99,0
DA:104,0
DA:105,0
DA:106,0
DA:107,0
DA:108,0
DA:109,0
DA:110,0
DA:112,0
DA:113,0
DA:116,0
DA:117,0
DA:120,0
DA:121,0
DA:122,0
DA:123,0
DA:125,0
DA:127,0
DA:128,0
DA:129,0
DA:131,0
DA:136,0
DA:137,0
DA:140,0
DA:141,0
DA:142,0
DA:143,0
DA:144,0
DA:145,0
DA:147,0
DA:148,0
DA:149,0
DA:151,0
DA:154,0
DA:155,0
DA:157,0
DA:158,0
DA:160,0
DA:161,0
DA:162,0
DA:164,0
DA:165,0
DA:166,0
DA:167,0
DA:168,0
DA:169,0
DA:173,0
DA:174,0
DA:175,0
DA:176,0
DA:178,0
DA:181,0
DA:183,0
DA:185,0
DA:186,0
DA:187,0
DA:188,0
DA:192,0
DA:193,0
DA:196,0
DA:197,0
DA:198,0
DA:200,0
DA:204,0
DA:205,0
DA:211,0
DA:235,0
DA:244,0
DA:263,0
DA:282,0
DA:288,0
DA:289,0
DA:290,0
DA:309,0
DA:328,0
DA:345,0
DA:360,0
DA:367,0
DA:374,0
DA:380,0
DA:391,0
DA:400,0
DA:411,0
DA:427,0
LF:142
LH:0
BRDA:40,0,0,0
BRDA:40,0,1,0
BRDA:51,1,0,0
BRDA:51,1,1,0
BRDA:51,2,0,0
BRDA:51,2,1,0
BRDA:53,3,0,0
BRDA:53,3,1,0
BRDA:61,4,0,0
BRDA:61,4,1,0
BRDA:70,5,0,0
BRDA:70,5,1,0
BRDA:74,6,0,0
BRDA:74,6,1,0
BRDA:76,7,0,0
BRDA:76,7,1,0
BRDA:80,8,0,0
BRDA:80,8,1,0
BRDA:89,9,0,0
BRDA:89,9,1,0
BRDA:89,10,0,0
BRDA:89,10,1,0
BRDA:95,11,0,0
BRDA:95,11,1,0
BRDA:96,12,0,0
BRDA:96,12,1,0
BRDA:122,13,0,0
BRDA:122,13,1,0
BRDA:122,14,0,0
BRDA:122,14,1,0
BRDA:123,15,0,0
BRDA:123,15,1,0
BRDA:127,16,0,0
BRDA:127,16,1,0
BRDA:127,17,0,0
BRDA:127,17,1,0
BRDA:128,18,0,0
BRDA:128,18,1,0
BRDA:141,19,0,0
BRDA:141,19,1,0
BRDA:143,20,0,0
BRDA:143,20,1,0
BRDA:148,21,0,0
BRDA:148,21,1,0
BRDA:154,22,0,0
BRDA:154,22,1,0
BRDA:155,23,0,0
BRDA:155,23,1,0
BRDA:158,24,0,0
BRDA:158,24,1,0
BRDA:158,25,0,0
BRDA:158,25,1,0
BRDA:161,26,0,0
BRDA:161,26,1,0
BRDA:164,27,0,0
BRDA:164,27,1,0
BRDA:164,28,0,0
BRDA:164,28,1,0
BRDA:167,29,0,0
BRDA:167,29,1,0
BRDA:167,30,0,0
BRDA:167,30,1,0
BRDA:173,31,0,0
BRDA:173,31,1,0
BRDA:175,32,0,0
BRDA:175,32,1,0
BRDA:183,33,0,0
BRDA:183,33,1,0
BRDA:183,34,0,0
BRDA:183,34,1,0
BRDA:187,35,0,0
BRDA:187,35,1,0
BRDA:187,36,0,0
BRDA:187,36,1,0
BRDA:198,37,0,0
BRDA:198,37,1,0
BRDA:198,38,0,0
BRDA:198,38,1,0
BRDA:201,39,0,0
BRDA:201,39,1,0
BRDA:205,40,0,0
BRDA:205,40,1,0
BRDA:232,41,0,0
BRDA:232,41,1,0
BRDA:243,42,0,0
BRDA:243,42,1,0
BRDA:288,43,0,0
BRDA:288,43,1,0
BRDA:288,44,0,0
BRDA:288,44,1,0
BRDA:298,45,0,0
BRDA:298,45,1,0
BRF:92
BRH:0
end_of_record
TN:
SF:src\features\chats\ui\ChatList.tsx
FN:22,(anonymous_0)
FN:38,(anonymous_1)
FN:43,(anonymous_2)
FN:51,(anonymous_3)
FN:71,(anonymous_4)
FN:75,(anonymous_5)
FN:88,(anonymous_6)
FNF:7
FNH:0
FNDA:0,(anonymous_0)
FNDA:0,(anonymous_1)
FNDA:0,(anonymous_2)
FNDA:0,(anonymous_3)
FNDA:0,(anonymous_4)
FNDA:0,(anonymous_5)
FNDA:0,(anonymous_6)
DA:1,0
DA:4,0
DA:5,0
DA:6,0
DA:7,0
DA:22,0
DA:34,0
DA:35,0
DA:36,0
DA:38,0
DA:39,0
DA:40,0
DA:42,0
DA:44,0
DA:45,0
DA:50,0
DA:51,0
DA:54,0
DA:72,0
DA:75,0
DA:88,0
DA:89,0
DA:106,0
DA:114,0
LF:24
LH:0
BRDA:27,0,0,0
BRDA:28,1,0,0
BRDA:34,2,0,0
BRDA:34,2,1,0
BRDA:40,3,0,0
BRDA:40,3,1,0
BRDA:40,4,0,0
BRDA:40,4,1,0
BRDA:40,4,2,0
BRDA:44,5,0,0
BRDA:44,5,1,0
BRDA:44,6,0,0
BRDA:44,6,1,0
BRDA:67,7,0,0
BRDA:67,7,1,0
BRDA:69,8,0,0
BRDA:69,8,1,0
BRDA:79,9,0,0
BRDA:79,9,1,0
BRDA:82,10,0,0
BRDA:82,10,1,0
BRDA:96,11,0,0
BRDA:96,11,1,0
BRF:23
BRH:0
end_of_record
TN:
SF:src\features\chats\ui\EmptyDialog.tsx
FN:6,(anonymous_0)
FNF:1
FNH:0
FNDA:0,(anonymous_0)
DA:1,0
DA:4,0
DA:6,0
DA:8,0
LF:4
LH:0
BRF:0
BRH:0
end_of_record
TN:
SF:src\features\comments\api\commentsApi.ts
FN:5,(anonymous_0)
FN:6,(anonymous_1)
FN:8,(anonymous_2)
FN:9,(anonymous_3)
FNF:4
FNH:0
FNDA:0,(anonymous_0)
FNDA:0,(anonymous_1)
FNDA:0,(anonymous_2)
FNDA:0,(anonymous_3)
DA:1,0
DA:5,0
DA:6,0
DA:8,0
DA:9,0
LF:5
LH:0
BRF:0
BRH:0
end_of_record
TN:
SF:src\features\comments\hooks\useComment.tsx
FN:14,(anonymous_0)
FN:16,(anonymous_1)
FN:19,(anonymous_2)
FN:22,(anonymous_3)
FN:26,(anonymous_4)
FN:30,(anonymous_5)
FN:31,(anonymous_6)
FN:34,(anonymous_7)
FN:38,(anonymous_8)
FN:54,(anonymous_9)
FN:58,(anonymous_10)
FN:59,(anonymous_11)
FN:62,(anonymous_12)
FN:66,(anonymous_13)
FN:68,(anonymous_14)
FNF:15
FNH:0
FNDA:0,(anonymous_0)
FNDA:0,(anonymous_1)
FNDA:0,(anonymous_2)
FNDA:0,(anonymous_3)
FNDA:0,(anonymous_4)
FNDA:0,(anonymous_5)
FNDA:0,(anonymous_6)
FNDA:0,(anonymous_7)
FNDA:0,(anonymous_8)
FNDA:0,(anonymous_9)
FNDA:0,(anonymous_10)
FNDA:0,(anonymous_11)
FNDA:0,(anonymous_12)
FNDA:0,(anonymous_13)
FNDA:0,(anonymous_14)
DA:1,0
DA:7,0
DA:9,0
DA:12,0
DA:14,0
DA:16,0
DA:17,0
DA:20,0
DA:22,0
DA:26,0
DA:27,0
DA:29,0
DA:30,0
DA:32,0
DA:35,0
DA:36,0
DA:37,0
DA:38,0
DA:39,0
DA:48,0
DA:49,0
DA:54,0
DA:55,0
DA:57,0
DA:58,0
DA:60,0
DA:63,0
DA:64,0
DA:66,0
DA:68,0
DA:73,0
LF:31
LH:0
BRDA:20,0,0,0
BRDA:20,0,1,0
BRDA:35,1,0,0
BRDA:35,1,1,0
BRDA:37,2,0,0
BRDA:37,2,1,0
BRDA:38,3,0,0
BRDA:38,3,1,0
BRDA:63,4,0,0
BRDA:63,4,1,0
BRF:10
BRH:0
end_of_record
TN:
SF:src\features\comments\ui\CommentForm.tsx
FN:23,(anonymous_1)
FN:30,(anonymous_2)
FN:31,(anonymous_3)
FN:38,(anonymous_4)
FN:46,(anonymous_5)
FN:76,(anonymous_6)
FN:111,(anonymous_7)
FN:111,(anonymous_8)
FN:132,(anonymous_9)
FNF:9
FNH:3
FNDA:18,(anonymous_1)
FNDA:0,(anonymous_2)
FNDA:0,(anonymous_3)
FNDA:1,(anonymous_4)
FNDA:0,(anonymous_5)
FNDA:0,(anonymous_6)
FNDA:0,(anonymous_7)
FNDA:0,(anonymous_8)
FNDA:12,(anonymous_9)
DA:1,1
DA:2,1
DA:3,1
DA:6,1
DA:7,1
DA:8,1
DA:9,1
DA:10,1
DA:11,1
DA:12,1
DA:13,1
DA:14,1
DA:17,1
DA:23,1
DA:24,18
DA:25,18
DA:26,18
DA:27,18
DA:28,18
DA:30,18
DA:31,0
DA:34,18
DA:35,18
DA:36,18
DA:38,18
DA:39,1
DA:41,1
DA:45,1
DA:46,0
DA:50,18
DA:76,0
DA:111,0
DA:132,12
DA:170,1
LF:34
LH:30
BRDA:36,0,0,18
BRDA:36,0,1,12
BRDA:39,1,0,0
BRDA:39,1,1,1
BRDA:75,2,0,18
BRDA:75,2,1,0
BRDA:101,3,0,1
BRDA:101,3,1,17
BRDA:162,4,0,18
BRDA:162,4,1,1
BRF:10
BRH:8
end_of_record
TN:
SF:src\features\comments\ui\CommentMenu.tsx
FN:15,(anonymous_1)
FN:29,(anonymous_2)
FN:34,(anonymous_3)
FN:46,(anonymous_4)
FNF:4
FNH:4
FNDA:5,(anonymous_1)
FNDA:5,(anonymous_2)
FNDA:1,(anonymous_3)
FNDA:1,(anonymous_4)
DA:1,1
DA:2,1
DA:3,1
DA:4,1
DA:15,1
DA:23,5
DA:25,5
DA:27,5
DA:30,5
DA:35,1
DA:36,1
DA:37,1
DA:47,1
DA:48,1
LF:14
LH:14
BRDA:18,0,0,0
BRDA:19,1,0,5
BRDA:20,2,0,2
BRDA:25,3,0,5
BRDA:25,3,1,3
BRDA:30,4,0,2
BRDA:30,4,1,3
BRDA:35,5,0,0
BRDA:35,5,1,1
BRDA:43,6,0,3
BRDA:43,6,1,2
BRF:11
BRH:9
end_of_record
TN:
SF:src\features\follows\api\followsApi.ts
FN:5,(anonymous_0)
FN:6,(anonymous_1)
FN:8,(anonymous_2)
FN:9,(anonymous_3)
FN:11,(anonymous_4)
FN:12,(anonymous_5)
FNF:6
FNH:0
FNDA:0,(anonymous_0)
FNDA:0,(anonymous_1)
FNDA:0,(anonymous_2)
FNDA:0,(anonymous_3)
FNDA:0,(anonymous_4)
FNDA:0,(anonymous_5)
DA:1,0
DA:5,0
DA:6,0
DA:8,0
DA:9,0
DA:11,0
DA:12,0
LF:7
LH:0
BRF:0
BRH:0
end_of_record
TN:
SF:src\features\follows\hooks\useFollow.ts
FN:9,(anonymous_0)
FN:11,(anonymous_1)
FN:14,(anonymous_2)
FN:19,(anonymous_3)
FN:23,(anonymous_4)
FN:25,(anonymous_5)
FNF:6
FNH:0
FNDA:0,(anonymous_0)
FNDA:0,(anonymous_1)
FNDA:0,(anonymous_2)
FNDA:0,(anonymous_3)
FNDA:0,(anonymous_4)
FNDA:0,(anonymous_5)
DA:1,0
DA:2,0
DA:9,0
DA:11,0
DA:12,0
DA:14,0
DA:19,0
DA:20,0
DA:22,0
DA:24,0
DA:26,0
DA:27,0
DA:28,0
LF:13
LH:0
BRDA:11,0,0,0
BRDA:15,1,0,0
BRDA:15,1,1,0
BRDA:24,2,0,0
BRDA:24,2,1,0
BRF:5
BRH:0
end_of_record
TN:
SF:src\features\follows\ui\UserFollowRow.tsx
FN:15,(anonymous_0)
FN:24,(anonymous_1)
FNF:2
FNH:0
FNDA:0,(anonymous_0)
FNDA:0,(anonymous_1)
DA:1,0
DA:4,0
DA:5,0
DA:6,0
DA:8,0
DA:15,0
DA:16,0
DA:17,0
DA:18,0
DA:19,0
DA:20,0
DA:22,0
DA:24,0
DA:25,0
DA:26,0
DA:27,0
DA:28,0
DA:31,0
DA:48,0
DA:52,0
DA:72,0
LF:21
LH:0
BRDA:15,0,0,0
BRDA:22,1,0,0
BRDA:22,1,1,0
BRDA:27,2,0,0
BRDA:27,2,1,0
BRDA:35,3,0,0
BRDA:35,3,1,0
BRDA:35,3,2,0
BRDA:38,4,0,0
BRDA:38,4,1,0
BRDA:39,5,0,0
BRDA:39,5,1,0
BRDA:41,6,0,0
BRDA:41,6,1,0
BRF:14
BRH:0
end_of_record
TN:
SF:src\features\notifications\api\notificationsApi.ts
FN:9,(anonymous_0)
FN:16,(anonymous_1)
FN:19,(anonymous_2)
FN:21,(anonymous_3)
FN:22,(anonymous_4)
FN:24,(anonymous_5)
FN:27,(anonymous_6)
FNF:7
FNH:7
FNDA:2,(anonymous_0)
FNDA:2,(anonymous_1)
FNDA:2,(anonymous_2)
FNDA:1,(anonymous_3)
FNDA:1,(anonymous_4)
FNDA:1,(anonymous_5)
FNDA:1,(anonymous_6)
DA:1,1
DA:9,1
DA:10,2
DA:11,2
DA:12,2
DA:13,2
DA:16,1
DA:17,2
DA:19,2
DA:21,1
DA:22,1
DA:24,1
DA:25,1
DA:27,1
LF:14
LH:14
BRDA:11,0,0,1
BRDA:11,0,1,1
BRDA:12,1,0,1
BRDA:12,1,1,1
BRDA:13,2,0,1
BRDA:13,2,1,1
BRF:6
BRH:6
end_of_record
TN:
SF:src\features\notifications\hooks\useNotifications.ts
FN:23,(anonymous_0)
FN:26,(anonymous_1)
FN:29,(anonymous_2)
FN:32,(anonymous_3)
FN:41,(anonymous_4)
FN:46,(anonymous_5)
FN:47,(anonymous_6)
FN:51,(anonymous_7)
FN:53,(anonymous_8)
FNF:9
FNH:0
FNDA:0,(anonymous_0)
FNDA:0,(anonymous_1)
FNDA:0,(anonymous_2)
FNDA:0,(anonymous_3)
FNDA:0,(anonymous_4)
FNDA:0,(anonymous_5)
FNDA:0,(anonymous_6)
FNDA:0,(anonymous_7)
FNDA:0,(anonymous_8)
DA:1,0
DA:9,0
DA:16,0
DA:18,0
DA:19,0
DA:23,0
DA:24,0
DA:27,0
DA:29,0
DA:32,0
DA:33,0
DA:41,0
DA:42,0
DA:44,0
DA:47,0
DA:48,0
DA:49,0
DA:51,0
DA:53,0
DA:57,0
LF:20
LH:0
BRDA:27,0,0,0
BRDA:27,0,1,0
BRDA:32,1,0,0
BRDA:48,2,0,0
BRDA:48,2,1,0
BRF:5
BRH:0
end_of_record
TN:
SF:src\features\posts\api\postApi.ts
FN:5,(anonymous_0)
FN:6,(anonymous_1)
FN:10,(anonymous_2)
FN:13,(anonymous_3)
FN:15,(anonymous_4)
FN:18,(anonymous_5)
FN:20,(anonymous_6)
FN:21,(anonymous_7)
FNF:8
FNH:0
FNDA:0,(anonymous_0)
FNDA:0,(anonymous_1)
FNDA:0,(anonymous_2)
FNDA:0,(anonymous_3)
FNDA:0,(anonymous_4)
FNDA:0,(anonymous_5)
FNDA:0,(anonymous_6)
FNDA:0,(anonymous_7)
DA:1,0
DA:5,0
DA:6,0
DA:10,0
DA:11,0
DA:13,0
DA:15,0
DA:16,0
DA:18,0
DA:20,0
DA:21,0
LF:11
LH:0
BRF:0
BRH:0
end_of_record
TN:
SF:src\features\posts\hooks\usePosts.tsx
FN:27,(anonymous_0)
FN:28,(anonymous_1)
FN:35,(anonymous_2)
FN:41,(anonymous_3)
FN:44,(anonymous_4)
FN:48,(anonymous_5)
FN:51,(anonymous_6)
FN:52,(anonymous_7)
FN:61,(anonymous_8)
FN:64,(anonymous_9)
FN:65,(anonymous_10)
FN:73,(anonymous_11)
FN:78,(anonymous_12)
FN:79,(anonymous_13)
FN:88,(anonymous_14)
FN:91,(anonymous_15)
FN:95,(anonymous_16)
FN:101,(anonymous_17)
FN:105,(anonymous_18)
FN:107,(anonymous_19)
FN:113,(anonymous_20)
FN:119,(anonymous_21)
FN:124,(anonymous_22)
FN:128,(anonymous_23)
FN:130,(anonymous_24)
FN:138,(anonymous_25)
FN:142,(anonymous_26)
FN:153,(anonymous_27)
FN:157,(anonymous_28)
FN:158,(anonymous_29)
FN:165,(anonymous_30)
FN:166,(anonymous_31)
FN:168,(anonymous_32)
FN:170,(anonymous_33)
FN:171,(anonymous_34)
FN:182,(anonymous_35)
FN:186,(anonymous_36)
FN:187,(anonymous_37)
FNF:38
FNH:0
FNDA:0,(anonymous_0)
FNDA:0,(anonymous_1)
FNDA:0,(anonymous_2)
FNDA:0,(anonymous_3)
FNDA:0,(anonymous_4)
FNDA:0,(anonymous_5)
FNDA:0,(anonymous_6)
FNDA:0,(anonymous_7)
FNDA:0,(anonymous_8)
FNDA:0,(anonymous_9)
FNDA:0,(anonymous_10)
FNDA:0,(anonymous_11)
FNDA:0,(anonymous_12)
FNDA:0,(anonymous_13)
FNDA:0,(anonymous_14)
FNDA:0,(anonymous_15)
FNDA:0,(anonymous_16)
FNDA:0,(anonymous_17)
FNDA:0,(anonymous_18)
FNDA:0,(anonymous_19)
FNDA:0,(anonymous_20)
FNDA:0,(anonymous_21)
FNDA:0,(anonymous_22)
FNDA:0,(anonymous_23)
FNDA:0,(anonymous_24)
FNDA:0,(anonymous_25)
FNDA:0,(anonymous_26)
FNDA:0,(anonymous_27)
FNDA:0,(anonymous_28)
FNDA:0,(anonymous_29)
FNDA:0,(anonymous_30)
FNDA:0,(anonymous_31)
FNDA:0,(anonymous_32)
FNDA:0,(anonymous_33)
FNDA:0,(anonymous_34)
FNDA:0,(anonymous_35)
FNDA:0,(anonymous_36)
FNDA:0,(anonymous_37)
DA:1,0
DA:9,0
DA:10,0
DA:18,0
DA:25,0
DA:27,0
DA:28,0
DA:29,0
DA:35,0
DA:39,0
DA:42,0
DA:44,0
DA:48,0
DA:49,0
DA:50,0
DA:52,0
DA:53,0
DA:54,0
DA:58,0
DA:61,0
DA:62,0
DA:63,0
DA:65,0
DA:66,0
DA:67,0
DA:73,0
DA:74,0
DA:75,0
DA:79,0
DA:80,0
DA:81,0
DA:88,0
DA:89,0
DA:91,0
DA:95,0
DA:101,0
DA:102,0
DA:103,0
DA:105,0
DA:107,0
DA:113,0
DA:114,0
DA:115,0
DA:116,0
DA:117,0
DA:119,0
DA:120,0
DA:124,0
DA:125,0
DA:127,0
DA:129,0
DA:131,0
DA:132,0
DA:133,0
DA:139,0
DA:140,0
DA:143,0
DA:144,0
DA:145,0
DA:153,0
DA:154,0
DA:156,0
DA:157,0
DA:159,0
DA:160,0
DA:165,0
DA:166,0
DA:168,0
DA:170,0
DA:171,0
DA:172,0
DA:175,0
DA:176,0
DA:177,0
DA:178,0
DA:179,0
DA:182,0
DA:183,0
DA:185,0
DA:186,0
DA:188,0
LF:81
LH:0
BRDA:38,0,0,0
BRDA:42,1,0,0
BRDA:42,1,1,0
BRDA:102,2,0,0
BRDA:102,2,1,0
BRDA:107,3,0,0
BRDA:107,3,1,0
BRDA:120,4,0,0
BRDA:120,4,1,0
BRDA:129,5,0,0
BRDA:129,5,1,0
BRDA:132,6,0,0
BRDA:132,6,1,0
BRDA:135,7,0,0
BRDA:135,7,1,0
BRDA:144,8,0,0
BRDA:144,8,1,0
BRDA:147,9,0,0
BRDA:147,9,1,0
BRDA:172,10,0,0
BRDA:172,10,1,0
BRF:21
BRH:0
end_of_record
TN:
SF:src\features\posts\ui\CreatePost.tsx
FN:10,(anonymous_0)
FN:46,(anonymous_1)
FNF:2
FNH:0
FNDA:0,(anonymous_0)
FNDA:0,(anonymous_1)
DA:1,0
DA:2,0
DA:3,0
DA:4,0
DA:5,0
DA:6,0
DA:7,0
DA:8,0
DA:10,0
DA:11,0
DA:12,0
DA:14,0
DA:16,0
DA:46,0
LF:14
LH:0
BRDA:14,0,0,0
BRDA:14,0,1,0
BRDA:52,1,0,0
BRDA:52,1,1,0
BRF:4
BRH:0
end_of_record
TN:
SF:src\features\posts\ui\CreatePostModal.tsx
FN:18,(anonymous_1)
FN:28,(anonymous_2)
FN:29,(anonymous_3)
FN:32,(anonymous_4)
FN:43,(anonymous_5)
FN:45,(anonymous_6)
FN:46,(anonymous_7)
FN:49,(anonymous_8)
FN:50,(anonymous_9)
FN:56,(anonymous_10)
FN:57,(anonymous_11)
FN:61,(anonymous_12)
FN:68,(anonymous_13)
FN:77,(anonymous_14)
FN:82,(anonymous_15)
FN:86,(anonymous_16)
FN:90,(anonymous_17)
FN:92,(anonymous_18)
FN:100,(anonymous_19)
FN:125,(anonymous_20)
FN:131,(anonymous_21)
FN:196,(anonymous_22)
FN:211,(anonymous_23)
FN:234,(anonymous_24)
FN:276,(anonymous_25)
FN:276,(anonymous_26)
FN:308,(anonymous_27)
FNF:27
FNH:0
FNDA:0,(anonymous_1)
FNDA:0,(anonymous_2)
FNDA:0,(anonymous_3)
FNDA:0,(anonymous_4)
FNDA:0,(anonymous_5)
FNDA:0,(anonymous_6)
FNDA:0,(anonymous_7)
FNDA:0,(anonymous_8)
FNDA:0,(anonymous_9)
FNDA:0,(anonymous_10)
FNDA:0,(anonymous_11)
FNDA:0,(anonymous_12)
FNDA:0,(anonymous_13)
FNDA:0,(anonymous_14)
FNDA:0,(anonymous_15)
FNDA:0,(anonymous_16)
FNDA:0,(anonymous_17)
FNDA:0,(anonymous_18)
FNDA:0,(anonymous_19)
FNDA:0,(anonymous_20)
FNDA:0,(anonymous_21)
FNDA:0,(anonymous_22)
FNDA:0,(anonymous_23)
FNDA:0,(anonymous_24)
FNDA:0,(anonymous_25)
FNDA:0,(anonymous_26)
FNDA:0,(anonymous_27)
DA:1,0
DA:2,0
DA:3,0
DA:4,0
DA:5,0
DA:6,0
DA:7,0
DA:8,0
DA:9,0
DA:10,0
DA:11,0
DA:12,0
DA:18,0
DA:19,0
DA:20,0
DA:21,0
DA:22,0
DA:23,0
DA:24,0
DA:25,0
DA:26,0
DA:28,0
DA:29,0
DA:32,0
DA:33,0
DA:34,0
DA:36,0
DA:37,0
DA:38,0
DA:39,0
DA:40,0
DA:43,0
DA:45,0
DA:46,0
DA:49,0
DA:50,0
DA:53,0
DA:56,0
DA:57,0
DA:58,0
DA:61,0
DA:62,0
DA:63,0
DA:64,0
DA:68,0
DA:69,0
DA:70,0
DA:71,0
DA:73,0
DA:75,0
DA:77,0
DA:78,0
DA:81,0
DA:82,0
DA:86,0
DA:87,0
DA:90,0
DA:91,0
DA:92,0
DA:95,0
DA:97,0
DA:100,0
DA:125,0
DA:131,0
DA:196,0
DA:212,0
DA:234,0
DA:276,0
DA:308,0
LF:69
LH:0
BRDA:33,0,0,0
BRDA:33,0,1,0
BRDA:34,1,0,0
BRDA:34,1,1,0
BRDA:38,2,0,0
BRDA:38,2,1,0
BRDA:63,3,0,0
BRDA:63,3,1,0
BRDA:70,4,0,0
BRDA:70,4,1,0
BRDA:70,5,0,0
BRDA:70,5,1,0
BRDA:71,6,0,0
BRDA:71,6,1,0
BRDA:71,7,0,0
BRDA:71,7,1,0
BRDA:95,8,0,0
BRDA:95,8,1,0
BRDA:132,9,0,0
BRDA:132,9,1,0
BRDA:132,9,2,0
BRDA:207,10,0,0
BRDA:207,10,1,0
BRDA:307,11,0,0
BRDA:307,11,1,0
BRF:25
BRH:0
end_of_record
TN:
SF:src\features\posts\ui\PostActions.tsx
FN:14,(anonymous_0)
FN:23,(anonymous_1)
FNF:2
FNH:2
FNDA:5,(anonymous_0)
FNDA:1,(anonymous_1)
DA:1,1
DA:2,1
DA:3,1
DA:4,1
DA:14,1
DA:21,5
DA:23,5
DA:24,1
DA:25,1
DA:28,5
LF:10
LH:10
BRDA:24,0,0,0
BRDA:24,0,1,1
BRF:2
BRH:1
end_of_record
TN:
SF:src\features\posts\ui\PostMenu.tsx
FN:17,(anonymous_1)
FN:28,(anonymous_2)
FN:32,(anonymous_3)
FN:43,(anonymous_4)
FN:45,(anonymous_5)
FN:55,(anonymous_6)
FNF:6
FNH:4
FNDA:6,(anonymous_1)
FNDA:6,(anonymous_2)
FNDA:1,(anonymous_3)
FNDA:0,(anonymous_4)
FNDA:0,(anonymous_5)
FNDA:1,(anonymous_6)
DA:1,1
DA:2,1
DA:3,1
DA:4,1
DA:5,1
DA:6,1
DA:7,1
DA:17,1
DA:24,6
DA:26,6
DA:29,6
DA:33,1
DA:34,1
DA:44,0
DA:45,0
DA:46,0
DA:56,1
DA:57,1
LF:18
LH:15
BRDA:19,0,0,2
BRDA:20,1,0,3
BRDA:39,2,0,1
BRDA:39,2,1,5
BRDA:44,3,0,0
BRDA:44,3,1,0
BRDA:52,4,0,5
BRDA:52,4,1,4
BRF:8
BRH:6
end_of_record
TN:
SF:src\features\profile\validator.ts
FN:9,validateProfile
FNF:1
FNH:1
FNDA:13,validateProfile
DA:1,1
DA:2,1
DA:3,1
DA:4,1
DA:5,1
DA:9,1
DA:14,13
DA:15,13
DA:16,13
DA:18,13
DA:19,12
DA:20,1
DA:22,13
DA:24,13
DA:25,7
DA:26,7
DA:27,6
DA:28,5
DA:29,4
DA:32,13
LF:20
LH:20
BRDA:16,0,0,13
BRDA:16,0,1,10
BRDA:18,1,0,1
BRDA:18,1,1,12
BRDA:19,2,0,1
BRDA:19,2,1,11
BRDA:22,3,0,1
BRDA:22,3,1,12
BRDA:24,4,0,7
BRDA:24,4,1,6
BRDA:26,5,0,1
BRDA:26,5,1,6
BRDA:27,6,0,1
BRDA:27,6,1,5
BRDA:28,7,0,1
BRDA:28,7,1,4
BRDA:29,8,0,1
BRDA:29,8,1,3
BRF:18
BRH:18
end_of_record
TN:
SF:src\features\profile\api\profileApi.tsx
FN:5,(anonymous_0)
FN:15,(anonymous_1)
FN:16,(anonymous_2)
FNF:3
FNH:3
FNDA:5,(anonymous_0)
FNDA:5,(anonymous_1)
FNDA:5,(anonymous_2)
DA:1,1
DA:5,1
DA:6,5
DA:7,5
DA:8,5
DA:9,5
DA:10,5
DA:11,5
DA:12,5
DA:15,1
DA:16,5
LF:11
LH:11
BRDA:7,0,0,2
BRDA:7,0,1,3
BRDA:8,1,0,1
BRDA:8,1,1,4
BRDA:9,2,0,1
BRDA:9,2,1,4
BRDA:10,3,0,0
BRDA:10,3,1,5
BRDA:11,4,0,0
BRDA:11,4,1,5
BRF:10
BRH:8
end_of_record
TN:
SF:src\features\profile\hooks\useProfile.tsx
FN:5,(anonymous_0)
FN:8,(anonymous_1)
FN:13,(anonymous_2)
FN:17,(anonymous_3)
FNF:4
FNH:0
FNDA:0,(anonymous_0)
FNDA:0,(anonymous_1)
FNDA:0,(anonymous_2)
FNDA:0,(anonymous_3)
DA:1,0
DA:2,0
DA:3,0
DA:5,0
DA:6,0
DA:8,0
DA:13,0
DA:14,0
DA:15,0
DA:18,0
DA:19,0
DA:20,0
LF:12
LH:0
BRF:0
BRH:0
end_of_record
TN:
SF:src\features\profile\ui\EditProfileModal.tsx
FN:21,(anonymous_1)
FN:34,(anonymous_2)
FN:44,(anonymous_3)
FN:47,(anonymous_4)
FN:57,(anonymous_5)
FN:60,(anonymous_6)
FN:66,(anonymous_7)
FN:72,(anonymous_8)
FN:78,(anonymous_9)
FN:89,(anonymous_10)
FN:97,(anonymous_11)
FN:98,(anonymous_12)
FN:245,(anonymous_13)
FN:261,(anonymous_14)
FN:263,(anonymous_15)
FN:264,(anonymous_16)
FN:275,(anonymous_17)
FN:285,(anonymous_18)
FN:287,(anonymous_19)
FN:288,(anonymous_20)
FN:299,(anonymous_21)
FN:320,(anonymous_22)
FN:321,(anonymous_23)
FN:322,(anonymous_24)
FNF:24
FNH:0
FNDA:0,(anonymous_1)
FNDA:0,(anonymous_2)
FNDA:0,(anonymous_3)
FNDA:0,(anonymous_4)
FNDA:0,(anonymous_5)
FNDA:0,(anonymous_6)
FNDA:0,(anonymous_7)
FNDA:0,(anonymous_8)
FNDA:0,(anonymous_9)
FNDA:0,(anonymous_10)
FNDA:0,(anonymous_11)
FNDA:0,(anonymous_12)
FNDA:0,(anonymous_13)
FNDA:0,(anonymous_14)
FNDA:0,(anonymous_15)
FNDA:0,(anonymous_16)
FNDA:0,(anonymous_17)
FNDA:0,(anonymous_18)
FNDA:0,(anonymous_19)
FNDA:0,(anonymous_20)
FNDA:0,(anonymous_21)
FNDA:0,(anonymous_22)
FNDA:0,(anonymous_23)
FNDA:0,(anonymous_24)
DA:1,0
DA:2,0
DA:3,0
DA:4,0
DA:5,0
DA:7,0
DA:8,0
DA:9,0
DA:10,0
DA:12,0
DA:19,0
DA:21,0
DA:22,0
DA:23,0
DA:24,0
DA:25,0
DA:26,0
DA:27,0
DA:28,0
DA:29,0
DA:30,0
DA:31,0
DA:32,0
DA:34,0
DA:35,0
DA:36,0
DA:38,0
DA:39,0
DA:41,0
DA:42,0
DA:43,0
DA:44,0
DA:47,0
DA:48,0
DA:49,0
DA:51,0
DA:52,0
DA:54,0
DA:55,0
DA:56,0
DA:57,0
DA:60,0
DA:61,0
DA:62,0
DA:63,0
DA:66,0
DA:67,0
DA:68,0
DA:69,0
DA:72,0
DA:73,0
DA:74,0
DA:75,0
DA:78,0
DA:79,0
DA:81,0
DA:82,0
DA:83,0
DA:84,0
DA:85,0
DA:86,0
DA:88,0
DA:90,0
DA:91,0
DA:92,0
DA:97,0
DA:98,0
DA:99,0
DA:100,0
DA:102,0
DA:103,0
DA:108,0
DA:110,0
DA:246,0
DA:247,0
DA:248,0
DA:261,0
DA:263,0
DA:264,0
DA:276,0
DA:277,0
DA:278,0
DA:285,0
DA:287,0
DA:288,0
DA:300,0
DA:301,0
DA:302,0
DA:320,0
DA:321,0
DA:322,0
DA:332,0
DA:338,0
DA:348,0
DA:366,0
DA:381,0
LF:96
LH:0
BRDA:36,0,0,0
BRDA:36,0,1,0
BRDA:38,1,0,0
BRDA:38,1,1,0
BRDA:49,2,0,0
BRDA:49,2,1,0
BRDA:51,3,0,0
BRDA:51,3,1,0
BRDA:79,4,0,0
BRDA:79,4,1,0
BRDA:82,5,0,0
BRDA:82,5,1,0
BRDA:83,6,0,0
BRDA:83,6,1,0
BRDA:84,7,0,0
BRDA:84,7,1,0
BRDA:84,8,0,0
BRDA:84,8,1,0
BRDA:84,9,0,0
BRDA:84,9,1,0
BRDA:84,10,0,0
BRDA:84,10,1,0
BRDA:85,11,0,0
BRDA:85,11,1,0
BRDA:86,12,0,0
BRDA:86,12,1,0
BRDA:99,13,0,0
BRDA:99,13,1,0
BRDA:102,14,0,0
BRDA:102,14,1,0
BRDA:108,15,0,0
BRDA:108,15,1,0
BRDA:174,16,0,0
BRDA:174,16,1,0
BRDA:212,17,0,0
BRDA:212,17,1,0
BRDA:246,18,0,0
BRDA:246,18,1,0
BRDA:247,19,0,0
BRDA:247,19,1,0
BRDA:267,20,0,0
BRDA:267,20,1,0
BRDA:276,21,0,0
BRDA:276,21,1,0
BRDA:277,22,0,0
BRDA:277,22,1,0
BRDA:291,23,0,0
BRDA:291,23,1,0
BRDA:300,24,0,0
BRDA:300,24,1,0
BRDA:301,25,0,0
BRDA:301,25,1,0
BRDA:325,26,0,0
BRDA:325,26,1,0
BRF:54
BRH:0
end_of_record
TN:
SF:src\features\reports\api\metricsApi.ts
FN:21,(anonymous_0)
FN:22,(anonymous_1)
FNF:2
FNH:2
FNDA:2,(anonymous_0)
FNDA:1,(anonymous_1)
DA:1,1
DA:21,1
DA:22,2
LF:3
LH:3
BRF:0
BRH:0
end_of_record
TN:
SF:src\features\reports\api\reportsApi.ts
FN:11,(anonymous_0)
FN:15,(anonymous_1)
FN:17,(anonymous_2)
FN:26,(anonymous_3)
FN:28,(anonymous_4)
FN:29,(anonymous_5)
FNF:6
FNH:6
FNDA:1,(anonymous_0)
FNDA:1,(anonymous_1)
FNDA:2,(anonymous_2)
FNDA:2,(anonymous_3)
FNDA:1,(anonymous_4)
FNDA:1,(anonymous_5)
DA:1,1
DA:11,1
DA:15,1
DA:17,1
DA:22,2
DA:26,2
DA:28,1
DA:29,1
LF:8
LH:8
BRDA:18,0,0,1
BRDA:19,1,0,1
BRF:2
BRH:2
end_of_record
TN:
SF:src\features\reports\api\statsApi.ts
FN:17,(anonymous_0)
FN:18,(anonymous_1)
FNF:2
FNH:2
FNDA:2,(anonymous_0)
FNDA:1,(anonymous_1)
DA:1,1
DA:17,1
DA:18,2
LF:3
LH:3
BRF:0
BRH:0
end_of_record
TN:
SF:src\features\reports\api\usersAdminApi.ts
FN:13,(anonymous_0)
FN:14,(anonymous_1)
FN:16,(anonymous_2)
FN:17,(anonymous_3)
FN:19,(anonymous_4)
FN:20,(anonymous_5)
FNF:6
FNH:6
FNDA:2,(anonymous_0)
FNDA:1,(anonymous_1)
FNDA:2,(anonymous_2)
FNDA:1,(anonymous_3)
FNDA:2,(anonymous_4)
FNDA:1,(anonymous_5)
DA:1,1
DA:13,1
DA:14,2
DA:16,1
DA:17,2
DA:19,1
DA:20,2
LF:7
LH:7
BRF:0
BRH:0
end_of_record
TN:
SF:src\features\reports\hooks\useAdminStats.ts
FN:6,(anonymous_0)
FNF:1
FNH:0
FNDA:0,(anonymous_0)
DA:1,0
DA:2,0
DA:4,0
DA:6,0
DA:7,0
LF:5
LH:0
BRF:0
BRH:0
end_of_record
TN:
SF:src\features\reports\hooks\useAdminUsers.ts
FN:4,(anonymous_0)
FN:7,(anonymous_1)
FN:10,(anonymous_2)
FN:11,(anonymous_3)
FN:18,(anonymous_4)
FN:21,(anonymous_5)
FN:22,(anonymous_6)
FNF:7
FNH:0
FNDA:0,(anonymous_0)
FNDA:0,(anonymous_1)
FNDA:0,(anonymous_2)
FNDA:0,(anonymous_3)
FNDA:0,(anonymous_4)
FNDA:0,(anonymous_5)
FNDA:0,(anonymous_6)
DA:1,0
DA:2,0
DA:4,0
DA:5,0
DA:7,0
DA:8,0
DA:9,0
DA:10,0
DA:12,0
DA:13,0
DA:18,0
DA:19,0
DA:20,0
DA:21,0
DA:22,0
LF:15
LH:0
BRF:0
BRH:0
end_of_record
TN:
SF:src\features\reports\hooks\useMetricsSummary.ts
FN:4,(anonymous_0)
FNF:1
FNH:0
FNDA:0,(anonymous_0)
DA:1,0
DA:2,0
DA:4,0
DA:5,0
LF:4
LH:0
BRF:0
BRH:0
end_of_record
TN:
SF:src\features\reports\hooks\usePendingReportsCount.ts
FN:6,(anonymous_0)
FN:7,(anonymous_1)
FN:9,(anonymous_2)
FN:10,(anonymous_3)
FN:12,(anonymous_4)
FN:21,(anonymous_5)
FN:25,(anonymous_6)
FNF:7
FNH:0
FNDA:0,(anonymous_0)
FNDA:0,(anonymous_1)
FNDA:0,(anonymous_2)
FNDA:0,(anonymous_3)
FNDA:0,(anonymous_4)
FNDA:0,(anonymous_5)
FNDA:0,(anonymous_6)
DA:1,0
DA:2,0
DA:4,0
DA:6,0
DA:7,0
DA:9,0
DA:10,0
DA:12,0
DA:13,0
DA:21,0
DA:22,0
DA:23,0
DA:26,0
LF:13
LH:0
BRF:0
BRH:0
end_of_record
TN:
SF:src\features\reports\hooks\useReports.ts
FN:18,(anonymous_0)
FN:26,(anonymous_1)
FN:29,(anonymous_2)
FN:32,(anonymous_3)
FN:38,(anonymous_4)
FN:40,(anonymous_5)
FN:47,(anonymous_6)
FN:53,(anonymous_7)
FN:54,(anonymous_8)
FN:58,(anonymous_9)
FN:60,(anonymous_10)
FN:61,(anonymous_11)
FN:68,(anonymous_12)
FN:71,(anonymous_13)
FN:73,(anonymous_14)
FNF:15
FNH:0
FNDA:0,(anonymous_0)
FNDA:0,(anonymous_1)
FNDA:0,(anonymous_2)
FNDA:0,(anonymous_3)
FNDA:0,(anonymous_4)
FNDA:0,(anonymous_5)
FNDA:0,(anonymous_6)
FNDA:0,(anonymous_7)
FNDA:0,(anonymous_8)
FNDA:0,(anonymous_9)
FNDA:0,(anonymous_10)
FNDA:0,(anonymous_11)
FNDA:0,(anonymous_12)
FNDA:0,(anonymous_13)
FNDA:0,(anonymous_14)
DA:1,0
DA:8,0
DA:18,0
DA:19,0
DA:20,0
DA:21,0
DA:24,0
DA:26,0
DA:27,0
DA:30,0
DA:33,0
DA:34,0
DA:38,0
DA:39,0
DA:44,0
DA:47,0
DA:52,0
DA:53,0
DA:55,0
DA:58,0
DA:60,0
DA:61,0
DA:68,0
DA:69,0
DA:70,0
DA:72,0
DA:73,0
LF:27
LH:0
BRDA:19,0,0,0
BRDA:19,0,1,0
BRDA:20,1,0,0
BRDA:20,1,1,0
BRDA:30,2,0,0
BRDA:30,2,1,0
BRDA:34,3,0,0
BRDA:34,3,1,0
BRDA:53,4,0,0
BRDA:53,4,1,0
BRDA:55,5,0,0
BRDA:55,5,1,0
BRDA:60,6,0,0
BRDA:60,6,1,0
BRDA:60,7,0,0
BRDA:60,7,1,0
BRDA:61,8,0,0
BRDA:61,8,1,0
BRF:18
BRH:0
end_of_record
TN:
SF:src\features\reports\model\types.ts
FNF:0
FNH:0
DA:15,0
DA:24,0
LF:2
LH:0
BRF:0
BRH:0
end_of_record
TN:
SF:src\features\reports\ui\AdminReportRow.tsx
FN:21,(anonymous_0)
FN:42,(anonymous_1)
FN:51,(anonymous_2)
FN:72,(anonymous_3)
FN:92,(anonymous_4)
FN:99,(anonymous_5)
FN:100,(anonymous_6)
FNF:7
FNH:0
FNDA:0,(anonymous_0)
FNDA:0,(anonymous_1)
FNDA:0,(anonymous_2)
FNDA:0,(anonymous_3)
FNDA:0,(anonymous_4)
FNDA:0,(anonymous_5)
FNDA:0,(anonymous_6)
DA:1,0
DA:4,0
DA:5,0
DA:6,0
DA:7,0
DA:8,0
DA:9,0
DA:10,0
DA:11,0
DA:12,0
DA:13,0
DA:21,0
DA:22,0
DA:23,0
DA:24,0
DA:25,0
DA:26,0
DA:27,0
DA:28,0
DA:29,0
DA:31,0
DA:33,0
DA:43,0
DA:52,0
DA:53,0
DA:73,0
DA:74,0
DA:92,0
DA:100,0
DA:101,0
DA:102,0
DA:104,0
DA:117,0
DA:127,0
DA:131,0
DA:138,0
DA:145,0
DA:151,0
DA:158,0
DA:170,0
DA:177,0
DA:186,0
DA:193,0
LF:43
LH:0
BRDA:21,0,0,0
BRDA:21,1,0,0
BRDA:26,2,0,0
BRDA:26,2,1,0
BRDA:27,3,0,0
BRDA:27,3,1,0
BRDA:27,4,0,0
BRDA:27,4,1,0
BRDA:29,5,0,0
BRDA:29,5,1,0
BRDA:29,6,0,0
BRDA:29,6,1,0
BRDA:31,7,0,0
BRDA:31,7,1,0
BRDA:34,8,0,0
BRDA:34,8,1,0
BRDA:38,9,0,0
BRDA:38,9,1,0
BRDA:39,10,0,0
BRDA:39,10,1,0
BRDA:39,11,0,0
BRDA:39,11,1,0
BRDA:49,12,0,0
BRDA:49,12,1,0
BRDA:49,13,0,0
BRDA:49,13,1,0
BRDA:52,14,0,0
BRDA:52,14,1,0
BRDA:70,15,0,0
BRDA:70,15,1,0
BRDA:70,16,0,0
BRDA:70,16,1,0
BRDA:73,17,0,0
BRDA:73,17,1,0
BRDA:89,18,0,0
BRDA:89,18,1,0
BRDA:101,19,0,0
BRDA:101,19,1,0
BRF:38
BRH:0
end_of_record
TN:
SF:src\features\reports\ui\AdminReportsList.tsx
FN:16,(anonymous_0)
FN:18,(anonymous_1)
FN:22,(anonymous_2)
FN:27,(anonymous_3)
FN:31,(anonymous_4)
FN:39,(anonymous_5)
FN:50,(anonymous_6)
FNF:7
FNH:0
FNDA:0,(anonymous_0)
FNDA:0,(anonymous_1)
FNDA:0,(anonymous_2)
FNDA:0,(anonymous_3)
FNDA:0,(anonymous_4)
FNDA:0,(anonymous_5)
FNDA:0,(anonymous_6)
DA:1,0
DA:2,0
DA:3,0
DA:4,0
DA:5,0
DA:6,0
DA:16,0
DA:17,0
DA:18,0
DA:19,0
DA:20,0
DA:22,0
DA:23,0
DA:27,0
DA:28,0
DA:29,0
DA:30,0
DA:32,0
DA:33,0
DA:38,0
DA:39,0
DA:42,0
DA:51,0
LF:23
LH:0
BRDA:18,0,0,0
BRDA:18,0,1,0
BRDA:29,1,0,0
BRDA:29,1,1,0
BRDA:29,2,0,0
BRDA:29,2,1,0
BRDA:32,3,0,0
BRDA:32,3,1,0
BRDA:32,4,0,0
BRDA:32,4,1,0
BRDA:44,5,0,0
BRDA:44,5,1,0
BRDA:49,6,0,0
BRDA:49,6,1,0
BRDA:49,6,2,0
BRDA:55,7,0,0
BRDA:55,7,1,0
BRDA:58,8,0,0
BRDA:58,8,1,0
BRF:19
BRH:0
end_of_record
TN:
SF:src\features\reports\ui\AdminStatsView.tsx
FN:19,(anonymous_0)
FN:72,(anonymous_1)
FN:75,(anonymous_2)
FN:93,(anonymous_3)
FN:114,(anonymous_4)
FN:119,(anonymous_5)
FN:122,(anonymous_6)
FN:125,(anonymous_7)
FN:128,(anonymous_8)
FN:131,(anonymous_9)
FN:133,(anonymous_10)
FN:134,(anonymous_11)
FN:136,(anonymous_12)
FN:151,(anonymous_13)
FN:152,(anonymous_14)
FNF:15
FNH:0
FNDA:0,(anonymous_0)
FNDA:0,(anonymous_1)
FNDA:0,(anonymous_2)
FNDA:0,(anonymous_3)
FNDA:0,(anonymous_4)
FNDA:0,(anonymous_5)
FNDA:0,(anonymous_6)
FNDA:0,(anonymous_7)
FNDA:0,(anonymous_8)
FNDA:0,(anonymous_9)
FNDA:0,(anonymous_10)
FNDA:0,(anonymous_11)
FNDA:0,(anonymous_12)
FNDA:0,(anonymous_13)
FNDA:0,(anonymous_14)
DA:1,0
DA:4,0
DA:5,0
DA:6,0
DA:7,0
DA:12,0
DA:19,0
DA:20,0
DA:21,0
DA:22,0
DA:24,0
DA:25,0
DA:31,0
DA:33,0
DA:73,0
DA:75,0
DA:93,0
DA:102,0
DA:111,0
DA:112,0
DA:114,0
DA:115,0
DA:116,0
DA:117,0
DA:119,0
DA:120,0
DA:121,0
DA:122,0
DA:123,0
DA:124,0
DA:125,0
DA:128,0
DA:129,0
DA:130,0
DA:131,0
DA:133,0
DA:134,0
DA:136,0
DA:137,0
DA:139,0
DA:140,0
DA:141,0
DA:143,0
DA:151,0
DA:153,0
DA:154,0
DA:155,0
DA:156,0
DA:157,0
DA:210,0
DA:216,0
DA:224,0
DA:231,0
DA:238,0
DA:246,0
DA:253,0
DA:266,0
LF:57
LH:0
BRDA:24,0,0,0
BRDA:24,0,1,0
BRDA:31,1,0,0
BRDA:31,1,1,0
BRDA:56,2,0,0
BRDA:56,2,1,0
BRDA:76,3,0,0
BRDA:76,3,1,0
BRDA:83,4,0,0
BRDA:83,4,1,0
BRDA:84,5,0,0
BRDA:84,5,1,0
BRDA:85,6,0,0
BRDA:85,6,1,0
BRDA:96,7,0,0
BRDA:121,8,0,0
BRDA:121,8,1,0
BRDA:136,9,0,0
BRDA:136,9,1,0
BRDA:139,10,0,0
BRDA:139,10,1,0
BRDA:140,11,0,0
BRDA:140,11,1,0
BRDA:141,12,0,0
BRDA:141,12,1,0
BRDA:154,13,0,0
BRDA:154,13,1,0
BRDA:170,14,0,0
BRDA:170,14,1,0
BRDA:178,15,0,0
BRDA:178,15,1,0
BRDA:178,15,2,0
BRDA:184,16,0,0
BRDA:184,16,1,0
BRF:34
BRH:0
end_of_record
TN:
SF:src\features\reports\ui\ReportContentModal.tsx
FN:19,(anonymous_1)
FN:25,handleSubmit
FN:35,(anonymous_3)
FN:36,(anonymous_4)
FN:75,(anonymous_5)
FN:80,(anonymous_6)
FNF:6
FNH:0
FNDA:0,(anonymous_1)
FNDA:0,handleSubmit
FNDA:0,(anonymous_3)
FNDA:0,(anonymous_4)
FNDA:0,(anonymous_5)
FNDA:0,(anonymous_6)
DA:1,0
DA:2,0
DA:3,0
DA:4,0
DA:5,0
DA:6,0
DA:7,0
DA:19,0
DA:20,0
DA:21,0
DA:22,0
DA:23,0
DA:26,0
DA:27,0
DA:28,0
DA:35,0
DA:36,0
DA:41,0
DA:76,0
DA:77,0
DA:80,0
DA:130,0
DA:140,0
DA:149,0
DA:156,0
DA:158,0
DA:166,0
DA:178,0
DA:187,0
DA:197,0
LF:30
LH:0
BRDA:26,0,0,0
BRDA:26,0,1,0
BRDA:31,1,0,0
BRDA:31,1,1,0
BRDA:32,2,0,0
BRDA:32,2,1,0
BRDA:54,3,0,0
BRDA:54,3,1,0
BRDA:60,4,0,0
BRDA:60,4,1,0
BRDA:89,5,0,0
BRDA:89,5,1,0
BRDA:101,6,0,0
BRDA:101,6,1,0
BRDA:109,7,0,0
BRDA:109,7,1,0
BRDA:112,8,0,0
BRDA:112,8,1,0
BRDA:113,9,0,0
BRDA:113,9,1,0
BRDA:115,10,0,0
BRDA:115,10,1,0
BRDA:116,11,0,0
BRDA:116,11,1,0
BRDA:120,12,0,0
BRDA:120,12,1,0
BRF:26
BRH:0
end_of_record
TN:
SF:src\features\search\api\searchApi.ts
FN:15,(anonymous_0)
FN:22,(anonymous_1)
FN:23,(anonymous_2)
FN:25,(anonymous_3)
FN:26,(anonymous_4)
FNF:5
FNH:0
FNDA:0,(anonymous_0)
FNDA:0,(anonymous_1)
FNDA:0,(anonymous_2)
FNDA:0,(anonymous_3)
FNDA:0,(anonymous_4)
DA:2,0
DA:15,0
DA:16,0
DA:17,0
DA:18,0
DA:19,0
DA:22,0
DA:23,0
DA:25,0
DA:26,0
LF:10
LH:0
BRDA:17,0,0,0
BRDA:17,0,1,0
BRDA:18,1,0,0
BRDA:18,1,1,0
BRF:4
BRH:0
end_of_record
TN:
SF:src\features\search\hooks\useSearch.ts
FN:11,(anonymous_0)
FN:15,(anonymous_1)
FN:18,(anonymous_2)
FN:23,(anonymous_3)
FN:27,(anonymous_4)
FN:30,(anonymous_5)
FNF:6
FNH:0
FNDA:0,(anonymous_0)
FNDA:0,(anonymous_1)
FNDA:0,(anonymous_2)
FNDA:0,(anonymous_3)
FNDA:0,(anonymous_4)
FNDA:0,(anonymous_5)
DA:1,0
DA:2,0
DA:9,0
DA:11,0
DA:12,0
DA:13,0
DA:16,0
DA:18,0
DA:23,0
DA:24,0
DA:25,0
DA:28,0
DA:30,0
LF:13
LH:0
BRDA:16,0,0,0
BRDA:16,0,1,0
BRDA:28,1,0,0
BRDA:28,1,1,0
BRF:4
BRH:0
end_of_record
TN:
SF:src\features\search\ui\SearchControls.tsx
FN:18,(anonymous_0)
FN:30,(anonymous_1)
FN:35,(anonymous_2)
FN:59,(anonymous_3)
FNF:4
FNH:4
FNDA:5,(anonymous_0)
FNDA:10,(anonymous_1)
FNDA:2,(anonymous_2)
FNDA:10,(anonymous_3)
DA:1,1
DA:2,1
DA:3,1
DA:13,1
DA:18,1
DA:19,5
DA:31,10
DA:32,10
DA:35,2
DA:47,1
DA:52,1
DA:59,10
LF:12
LH:12
BRDA:25,0,0,2
BRDA:25,0,1,3
BRDA:63,1,0,5
BRDA:63,1,1,5
BRDA:64,2,0,5
BRDA:64,2,1,5
BRDA:65,3,0,5
BRDA:65,3,1,5
BRDA:70,4,0,5
BRDA:70,4,1,5
BRF:10
BRH:10
end_of_record
TN:
SF:src\pages\AuthPage.tsx
FN:9,(anonymous_0)
FN:18,(anonymous_1)
FNF:2
FNH:2
FNDA:5,(anonymous_0)
FNDA:4,(anonymous_1)
DA:1,1
DA:2,1
DA:3,1
DA:4,1
DA:5,1
DA:6,1
DA:7,1
DA:9,1
DA:10,5
DA:11,5
DA:12,5
DA:14,5
DA:15,5
DA:16,5
DA:18,5
DA:19,4
DA:22,5
LF:17
LH:17
BRDA:15,0,0,1
BRDA:15,0,1,4
BRDA:16,1,0,1
BRDA:16,1,1,4
BRDA:19,2,0,0
BRDA:19,2,1,4
BRF:6
BRH:5
end_of_record
TN:
SF:src\pages\ChatPage.tsx
FN:13,(anonymous_0)
FN:26,(anonymous_1)
FN:33,(anonymous_2)
FN:35,(anonymous_3)
FN:42,(anonymous_4)
FN:43,(anonymous_5)
FN:47,(anonymous_6)
FN:51,(anonymous_7)
FN:55,(anonymous_8)
FN:71,(anonymous_9)
FN:93,(anonymous_10)
FNF:11
FNH:0
FNDA:0,(anonymous_0)
FNDA:0,(anonymous_1)
FNDA:0,(anonymous_2)
FNDA:0,(anonymous_3)
FNDA:0,(anonymous_4)
FNDA:0,(anonymous_5)
FNDA:0,(anonymous_6)
FNDA:0,(anonymous_7)
FNDA:0,(anonymous_8)
FNDA:0,(anonymous_9)
FNDA:0,(anonymous_10)
DA:1,0
DA:4,0
DA:5,0
DA:6,0
DA:7,0
DA:8,0
DA:9,0
DA:10,0
DA:11,0
DA:13,0
DA:14,0
DA:15,0
DA:16,0
DA:17,0
DA:19,0
DA:20,0
DA:22,0
DA:23,0
DA:24,0
DA:26,0
DA:27,0
DA:28,0
DA:29,0
DA:33,0
DA:34,0
DA:35,0
DA:36,0
DA:40,0
DA:42,0
DA:43,0
DA:45,0
DA:47,0
DA:48,0
DA:51,0
DA:52,0
DA:55,0
DA:56,0
DA:59,0
DA:61,0
DA:71,0
DA:93,0
DA:94,0
DA:104,0
LF:43
LH:0
BRDA:19,0,0,0
BRDA:19,0,1,0
BRDA:20,1,0,0
BRDA:20,1,1,0
BRDA:23,2,0,0
BRDA:23,2,1,0
BRDA:23,3,0,0
BRDA:23,3,1,0
BRDA:24,4,0,0
BRDA:24,4,1,0
BRDA:24,5,0,0
BRDA:24,5,1,0
BRDA:28,6,0,0
BRDA:28,6,1,0
BRDA:28,7,0,0
BRDA:28,7,1,0
BRDA:28,7,2,0
BRDA:34,8,0,0
BRDA:34,8,1,0
BRDA:40,9,0,0
BRDA:40,9,1,0
BRDA:42,10,0,0
BRDA:42,10,1,0
BRDA:43,11,0,0
BRDA:43,11,1,0
BRDA:43,12,0,0
BRDA:43,12,1,0
BRDA:45,13,0,0
BRDA:45,13,1,0
BRDA:45,14,0,0
BRDA:45,14,1,0
BRDA:45,15,0,0
BRDA:45,15,1,0
BRDA:59,16,0,0
BRDA:59,16,1,0
BRDA:62,17,0,0
BRDA:62,17,1,0
BRDA:67,18,0,0
BRDA:67,18,1,0
BRDA:77,19,0,0
BRDA:77,19,1,0
BRDA:100,20,0,0
BRDA:100,20,1,0
BRF:43
BRH:0
end_of_record
TN:
SF:src\pages\FeedPage.tsx
FN:18,(anonymous_0)
FN:25,(anonymous_1)
FN:45,(anonymous_2)
FNF:3
FNH:1
FNDA:5,(anonymous_0)
FNDA:0,(anonymous_1)
FNDA:0,(anonymous_2)
DA:1,1
DA:2,1
DA:3,1
DA:4,1
DA:5,1
DA:6,1
DA:7,1
DA:8,1
DA:9,1
DA:11,1
DA:13,1
DA:18,1
DA:19,5
DA:20,5
DA:21,5
DA:22,5
DA:23,5
DA:25,5
DA:27,5
DA:45,0
DA:54,1
LF:21
LH:20
BRDA:23,0,0,4
BRDA:23,0,1,1
BRDA:25,1,0,5
BRDA:25,1,1,5
BRDA:29,2,0,5
BRDA:29,2,1,0
BRDA:39,3,0,5
BRDA:39,3,1,4
BRDA:40,4,0,5
BRDA:40,4,1,0
BRDA:48,5,0,5
BRDA:48,5,1,0
BRF:12
BRH:9
end_of_record
TN:
SF:src\pages\NotificationsPage.tsx
FN:10,(anonymous_0)
FN:16,(anonymous_1)
FN:22,(anonymous_2)
FN:26,(anonymous_3)
FN:30,(anonymous_4)
FN:35,(anonymous_5)
FN:40,(anonymous_6)
FN:48,(anonymous_7)
FN:76,(anonymous_8)
FNF:9
FNH:6
FNDA:3,(anonymous_0)
FNDA:3,(anonymous_1)
FNDA:3,(anonymous_2)
FNDA:3,(anonymous_3)
FNDA:3,(anonymous_4)
FNDA:3,(anonymous_5)
FNDA:0,(anonymous_6)
FNDA:0,(anonymous_7)
FNDA:0,(anonymous_8)
DA:1,1
DA:4,1
DA:5,1
DA:6,1
DA:7,1
DA:8,1
DA:10,1
DA:11,3
DA:12,3
DA:15,3
DA:16,3
DA:18,3
DA:19,3
DA:20,3
DA:22,3
DA:23,3
DA:26,3
DA:27,3
DA:30,3
DA:31,3
DA:35,3
DA:36,3
DA:37,3
DA:39,0
DA:41,0
DA:42,0
DA:47,0
DA:48,0
DA:51,3
DA:77,0
DA:88,1
DA:94,1
LF:32
LH:26
BRDA:16,0,0,3
BRDA:16,0,1,0
BRDA:37,1,0,3
BRDA:37,1,1,0
BRDA:37,2,0,3
BRDA:37,2,1,0
BRDA:41,3,0,0
BRDA:41,3,1,0
BRDA:41,4,0,0
BRDA:41,4,1,0
BRDA:65,5,0,3
BRDA:65,5,1,0
BRDA:66,6,0,3
BRDA:66,6,1,0
BRDA:67,7,0,3
BRDA:67,7,1,3
BRDA:67,7,2,3
BRDA:74,8,0,3
BRDA:74,8,1,0
BRDA:79,9,0,0
BRDA:79,9,1,0
BRF:21
BRH:9
end_of_record
TN:
SF:src\pages\PostPage.tsx
FN:19,(anonymous_1)
FN:27,(anonymous_2)
FN:30,(anonymous_3)
FN:41,(anonymous_4)
FN:68,(anonymous_5)
FN:84,(anonymous_6)
FN:101,(anonymous_7)
FN:102,(anonymous_8)
FN:108,(anonymous_9)
FNF:9
FNH:3
FNDA:5,(anonymous_1)
FNDA:0,(anonymous_2)
FNDA:5,(anonymous_3)
FNDA:1,(anonymous_4)
FNDA:0,(anonymous_5)
FNDA:0,(anonymous_6)
FNDA:0,(anonymous_7)
FNDA:0,(anonymous_8)
FNDA:0,(anonymous_9)
DA:1,1
DA:2,1
DA:5,1
DA:6,1
DA:7,1
DA:8,1
DA:9,1
DA:10,1
DA:11,1
DA:12,1
DA:13,1
DA:14,1
DA:15,1
DA:16,1
DA:17,1
DA:19,1
DA:20,5
DA:21,5
DA:22,5
DA:23,5
DA:24,5
DA:25,5
DA:26,5
DA:27,5
DA:28,5
DA:30,5
DA:31,5
DA:32,5
DA:33,5
DA:35,0
DA:36,0
DA:37,0
DA:38,0
DA:41,5
DA:42,1
DA:43,0
DA:45,1
DA:49,5
DA:68,0
DA:84,0
DA:101,0
DA:103,0
DA:108,0
DA:121,1
DA:133,1
DA:138,1
DA:149,1
LF:47
LH:37
BRDA:27,0,0,5
BRDA:27,0,1,5
BRDA:31,1,0,5
BRDA:31,1,1,0
BRDA:31,2,0,5
BRDA:31,2,1,0
BRDA:35,3,0,0
BRDA:35,3,1,0
BRDA:37,4,0,0
BRDA:37,4,1,0
BRDA:42,5,0,0
BRDA:42,5,1,1
BRDA:59,6,0,5
BRDA:59,6,1,5
BRDA:61,7,0,5
BRDA:61,7,1,0
BRDA:67,8,0,0
BRDA:67,8,1,0
BRDA:83,9,0,5
BRDA:83,9,1,0
BRDA:90,10,0,5
BRDA:90,10,1,0
BRDA:92,11,0,5
BRDA:92,11,1,0
BRDA:92,11,2,0
BRDA:96,12,0,5
BRDA:96,12,1,0
BRDA:96,12,2,0
BRDA:114,13,0,5
BRDA:114,13,1,0
BRDA:116,14,0,5
BRDA:116,14,1,0
BRF:32
BRH:14
end_of_record
TN:
SF:src\pages\ProfilePage.tsx
FN:19,(anonymous_1)
FN:33,(anonymous_2)
FN:36,(anonymous_3)
FN:40,(anonymous_4)
FN:71,(anonymous_5)
FN:89,(anonymous_6)
FN:97,(anonymous_7)
FNF:7
FNH:2
FNDA:3,(anonymous_1)
FNDA:0,(anonymous_2)
FNDA:2,(anonymous_3)
FNDA:0,(anonymous_4)
FNDA:0,(anonymous_5)
FNDA:0,(anonymous_6)
FNDA:0,(anonymous_7)
DA:1,1
DA:4,1
DA:5,1
DA:6,1
DA:7,1
DA:8,1
DA:9,1
DA:10,1
DA:11,1
DA:12,1
DA:13,1
DA:14,1
DA:15,1
DA:16,1
DA:17,1
DA:19,1
DA:20,3
DA:21,3
DA:22,3
DA:23,3
DA:25,3
DA:26,3
DA:27,3
DA:29,3
DA:31,2
DA:32,2
DA:33,2
DA:34,2
DA:36,2
DA:37,2
DA:40,2
DA:41,0
DA:42,0
DA:44,0
DA:48,2
DA:71,0
DA:89,0
DA:97,0
DA:102,1
DA:110,1
DA:121,1
LF:41
LH:35
BRDA:29,0,0,1
BRDA:29,0,1,2
BRDA:33,1,0,2
BRDA:33,1,1,2
BRDA:41,2,0,0
BRDA:41,2,1,0
BRDA:54,3,0,2
BRDA:54,3,1,0
BRDA:64,4,0,2
BRDA:64,4,1,0
BRDA:64,5,0,2
BRDA:64,5,1,0
BRDA:76,6,0,0
BRDA:76,6,1,2
BRDA:78,7,0,2
BRDA:78,7,1,0
BRDA:80,8,0,0
BRDA:80,8,1,2
BRDA:81,9,0,0
BRDA:81,9,1,2
BRDA:92,10,0,2
BRDA:92,10,1,0
BRDA:97,11,0,2
BRDA:97,11,1,0
BRF:24
BRH:13
end_of_record
TN:
SF:src\pages\SearchPage.tsx
FN:12,(anonymous_0)
FN:21,(anonymous_1)
FN:22,(anonymous_2)
FN:53,(anonymous_3)
FN:60,(anonymous_4)
FNF:5
FNH:1
FNDA:5,(anonymous_0)
FNDA:0,(anonymous_1)
FNDA:0,(anonymous_2)
FNDA:0,(anonymous_3)
FNDA:0,(anonymous_4)
DA:1,1
DA:2,1
DA:3,1
DA:4,1
DA:5,1
DA:6,1
DA:7,1
DA:8,1
DA:9,1
DA:10,1
DA:12,1
DA:13,5
DA:14,5
DA:15,5
DA:16,5
DA:18,5
DA:19,5
DA:21,5
DA:22,5
DA:24,5
DA:25,5
DA:26,5
DA:28,5
DA:53,0
DA:60,0
DA:71,1
LF:26
LH:24
BRDA:14,0,0,5
BRDA:14,0,1,5
BRDA:18,1,0,1
BRDA:18,1,1,4
BRDA:19,2,0,4
BRDA:19,2,1,1
BRDA:21,3,0,5
BRDA:21,3,1,5
BRDA:22,4,0,5
BRDA:22,4,1,5
BRDA:24,5,0,1
BRDA:24,5,1,4
BRDA:25,6,0,1
BRDA:25,6,1,4
BRDA:26,7,0,5
BRDA:26,7,1,0
BRDA:38,8,0,5
BRDA:38,8,1,5
BRDA:38,8,2,5
BRDA:38,8,3,5
BRDA:42,9,0,0
BRDA:42,9,1,5
BRDA:44,10,0,0
BRDA:44,10,1,5
BRDA:46,11,0,0
BRDA:46,11,1,5
BRDA:48,12,0,0
BRDA:48,12,1,5
BRDA:48,13,0,5
BRDA:48,13,1,1
BRDA:55,14,0,0
BRDA:55,14,1,5
BRDA:55,15,0,5
BRDA:55,15,1,4
BRDA:64,16,0,5
BRDA:64,16,1,0
BRF:36
BRH:29
end_of_record
TN:
SF:src\pages\admin\AdminHistoryPage.tsx
FN:3,(anonymous_0)
FNF:1
FNH:0
FNDA:0,(anonymous_0)
DA:1,0
DA:3,0
DA:4,0
LF:3
LH:0
BRF:0
BRH:0
end_of_record
TN:
SF:src\pages\admin\AdminLayout.tsx
FN:13,(anonymous_0)
FN:17,(anonymous_1)
FNF:2
FNH:0
FNDA:0,(anonymous_0)
FNDA:0,(anonymous_1)
DA:1,0
DA:4,0
DA:5,0
DA:6,0
DA:8,0
DA:13,0
DA:14,0
DA:18,0
DA:30,0
DA:36,0
DA:42,0
DA:60,0
LF:12
LH:0
BRF:0
BRH:0
end_of_record
TN:
SF:src\pages\admin\AdminReportsPage.tsx
FN:3,(anonymous_0)
FNF:1
FNH:0
FNDA:0,(anonymous_0)
DA:1,0
DA:3,0
DA:4,0
LF:3
LH:0
BRF:0
BRH:0
end_of_record
TN:
SF:src\pages\admin\AdminStatsPage.tsx
FN:5,(anonymous_0)
FNF:1
FNH:0
FNDA:0,(anonymous_0)
DA:1,0
DA:2,0
DA:3,0
DA:5,0
DA:6,0
LF:5
LH:0
BRF:0
BRH:0
end_of_record
TN:
SF:src\shared\api\axios.ts
FN:17,(anonymous_1)
FN:24,(anonymous_2)
FN:25,(anonymous_3)
FN:32,(anonymous_4)
FNF:4
FNH:1
FNDA:0,(anonymous_1)
FNDA:0,(anonymous_2)
FNDA:0,(anonymous_3)
FNDA:6,(anonymous_4)
DA:1,9
DA:2,9
DA:3,9
DA:13,9
DA:17,9
DA:18,0
DA:19,0
DA:20,0
DA:23,9
DA:24,0
DA:26,0
DA:27,0
DA:28,0
DA:32,9
DA:33,6
DA:34,2
DA:37,4
DA:38,1
DA:41,3
LF:19
LH:12
BRDA:19,0,0,0
BRDA:19,0,1,0
BRDA:27,1,0,0
BRDA:27,1,1,0
BRDA:33,2,0,2
BRDA:33,2,1,4
BRDA:34,3,0,2
BRDA:34,3,1,1
BRDA:34,3,2,0
BRDA:37,4,0,1
BRDA:37,4,1,3
BRF:11
BRH:6
end_of_record
TN:
SF:src\shared\api\handleError.ts
FN:12,(anonymous_1)
FN:16,(anonymous_2)
FN:24,(anonymous_3)
FNF:3
FNH:3
FNDA:10,(anonymous_1)
FNDA:1,(anonymous_2)
FNDA:11,(anonymous_3)
DA:1,10
DA:2,10
DA:12,10
DA:13,10
DA:16,10
DA:17,1
DA:18,1
DA:19,1
DA:20,1
DA:24,10
DA:25,11
DA:27,10
DA:29,10
DA:30,1
DA:31,1
DA:34,9
DA:35,9
DA:37,9
DA:38,9
DA:40,9
DA:41,3
DA:42,2
DA:43,2
DA:45,1
DA:46,1
DA:47,1
DA:50,6
DA:51,3
DA:52,3
DA:55,3
DA:56,2
DA:57,2
DA:60,1
LF:33
LH:33
BRDA:12,0,0,0
BRDA:19,1,0,1
BRDA:19,1,1,0
BRDA:25,2,0,1
BRDA:25,2,1,10
BRDA:29,3,0,1
BRDA:29,3,1,9
BRDA:35,4,0,9
BRDA:35,4,1,3
BRDA:37,5,0,9
BRDA:37,5,1,0
BRDA:38,6,0,9
BRDA:38,6,1,8
BRDA:40,7,0,3
BRDA:40,7,1,6
BRDA:41,8,0,2
BRDA:41,8,1,1
BRDA:42,9,0,2
BRDA:42,9,1,0
BRDA:50,10,0,3
BRDA:50,10,1,3
BRDA:50,11,0,6
BRDA:50,11,1,5
BRDA:50,11,2,4
BRDA:55,12,0,2
BRDA:55,12,1,1
BRDA:55,13,0,3
BRDA:55,13,1,3
BRF:28
BRH:24
end_of_record
TN:
SF:src\shared\api\socket.ts
FN:6,(anonymous_0)
FN:16,(anonymous_1)
FN:22,(anonymous_2)
FNF:3
FNH:0
FNDA:0,(anonymous_0)
FNDA:0,(anonymous_1)
FNDA:0,(anonymous_2)
DA:1,8
DA:2,8
DA:4,8
DA:6,8
DA:7,0
DA:8,0
DA:13,0
DA:16,8
DA:17,0
DA:18,0
DA:19,0
DA:22,8
DA:23,0
LF:13
LH:6
BRDA:7,0,0,0
BRDA:7,0,1,0
BRDA:19,1,0,0
BRDA:19,1,1,0
BRDA:23,2,0,0
BRDA:23,2,1,0
BRF:6
BRH:0
end_of_record
TN:
SF:src\shared\config\api.ts
FN:6,(anonymous_0)
FNF:1
FNH:0
FNDA:0,(anonymous_0)
DA:1,0
DA:2,0
DA:4,0
DA:6,0
DA:7,0
DA:8,0
DA:9,0
LF:7
LH:0
BRDA:2,0,0,0
BRDA:2,0,1,0
BRDA:7,1,0,0
BRDA:7,1,1,0
BRDA:8,2,0,0
BRDA:8,2,1,0
BRDA:9,3,0,0
BRDA:9,3,1,0
BRF:8
BRH:0
end_of_record
TN:
SF:src\shared\config\routes.ts
FN:23,(anonymous_0)
FN:24,(anonymous_1)
FN:25,(anonymous_2)
FNF:3
FNH:3
FNDA:68,(anonymous_0)
FNDA:2,(anonymous_1)
FNDA:1,(anonymous_2)
DA:1,28
DA:14,28
DA:23,68
DA:24,2
DA:25,1
LF:5
LH:5
BRF:0
BRH:0
end_of_record
TN:
SF:src\shared\hooks\redux.ts
FNF:0
FNH:0
DA:1,9
DA:7,9
DA:8,9
LF:3
LH:3
BRF:0
BRH:0
end_of_record
TN:
SF:src\shared\hooks\useLockBodyScroll.ts
FN:5,(anonymous_0)
FN:6,(anonymous_1)
FN:21,(anonymous_2)
FNF:3
FNH:3
FNDA:6,(anonymous_0)
FNDA:6,(anonymous_1)
FNDA:5,(anonymous_2)
DA:1,22
DA:5,22
DA:6,6
DA:7,6
DA:9,5
DA:10,5
DA:11,5
DA:13,5
DA:15,5
DA:16,2
DA:17,3
DA:18,0
DA:21,5
DA:22,5
DA:23,5
DA:24,5
LF:16
LH:15
BRDA:5,0,0,0
BRDA:5,1,0,3
BRDA:7,2,0,1
BRDA:7,2,1,5
BRDA:15,3,0,2
BRDA:15,3,1,3
BRDA:17,4,0,0
BRDA:17,4,1,3
BRF:8
BRH:6
end_of_record
TN:
SF:src\shared\lib\copyToClipboard.ts
FN:1,(anonymous_0)
FNF:1
FNH:1
FNDA:2,(anonymous_0)
DA:1,4
DA:2,2
DA:3,2
DA:4,1
DA:6,1
LF:5
LH:5
BRF:0
BRH:0
end_of_record
TN:
SF:src\shared\lib\formatRelativeTime.ts
FN:1,(anonymous_0)
FNF:1
FNH:1
FNDA:21,(anonymous_0)
DA:1,4
DA:2,21
DA:3,21
DA:5,21
DA:6,18
DA:7,16
DA:9,14
DA:10,14
DA:11,14
DA:12,14
DA:14,14
DA:15,13
LF:12
LH:12
BRDA:5,0,0,3
BRDA:5,0,1,18
BRDA:6,1,0,2
BRDA:6,1,1,16
BRDA:7,2,0,2
BRDA:7,2,1,14
BRDA:14,3,0,1
BRDA:14,3,1,13
BRF:8
BRH:8
end_of_record
TN:
SF:src\shared\lib\plural.ts
FN:9,(anonymous_0)
FNF:1
FNH:1
FNDA:7,(anonymous_0)
DA:1,4
DA:9,4
DA:10,7
DA:11,7
LF:4
LH:4
BRDA:11,0,0,7
BRDA:11,0,1,1
BRF:2
BRH:2
end_of_record
TN:
SF:src\shared\lib\useDebouncedValue.ts
FN:3,(anonymous_0)
FN:6,(anonymous_1)
FN:7,(anonymous_2)
FN:8,(anonymous_3)
FNF:4
FNH:4
FNDA:8,(anonymous_0)
FNDA:6,(anonymous_1)
FNDA:3,(anonymous_2)
FNDA:6,(anonymous_3)
DA:1,4
DA:3,4
DA:4,8
DA:6,8
DA:7,6
DA:8,6
DA:11,8
LF:7
LH:7
BRDA:3,0,0,1
BRF:1
BRH:1
end_of_record
TN:
SF:src\shared\styles\tokens.ts
FNF:0
FNH:0
DA:1,35
DA:29,35
DA:45,35
DA:52,35
DA:60,35
LF:5
LH:5
BRF:0
BRH:0
end_of_record
TN:
SF:src\shared\styles\zIndex.ts
FNF:0
FNH:0
DA:1,30
LF:1
LH:1
BRF:0
BRH:0
end_of_record
TN:
SF:src\shared\ui\Avatar.tsx
FN:9,(anonymous_0)
FNF:1
FNH:1
FNDA:48,(anonymous_0)
DA:1,19
DA:2,19
DA:9,19
DA:10,48
LF:4
LH:4
BRF:0
BRH:0
end_of_record
TN:
SF:src\shared\ui\CharacterCounter.tsx
FN:9,(anonymous_0)
FN:67,(anonymous_1)
FNF:2
FNH:2
FNDA:3,(anonymous_0)
FNDA:3,(anonymous_1)
DA:1,19
DA:9,19
DA:10,3
DA:11,3
DA:12,3
DA:13,3
DA:14,3
DA:15,3
DA:16,3
DA:17,3
DA:19,3
DA:67,19
DA:68,3
DA:70,2
DA:71,2
DA:72,2
DA:74,2
DA:75,1
DA:80,1
DA:81,1
DA:82,1
DA:84,1
LF:22
LH:22
BRDA:9,0,0,0
BRDA:9,1,0,2
BRDA:25,2,0,2
BRDA:25,2,1,1
BRDA:41,3,0,2
BRDA:41,3,1,1
BRDA:68,4,0,1
BRDA:68,4,1,2
BRDA:74,5,0,1
BRDA:74,5,1,1
BRDA:82,6,0,0
BRDA:82,6,1,1
BRF:12
BRH:10
end_of_record
TN:
SF:src\shared\ui\DropdownMenu.tsx
FN:16,(anonymous_1)
FN:20,(anonymous_2)
FN:22,(anonymous_3)
FN:36,(anonymous_4)
FN:38,(anonymous_5)
FN:41,(anonymous_6)
FN:44,(anonymous_7)
FN:78,(anonymous_8)
FNF:8
FNH:7
FNDA:17,(anonymous_1)
FNDA:3,(anonymous_2)
FNDA:7,(anonymous_3)
FNDA:17,(anonymous_4)
FNDA:1,(anonymous_5)
FNDA:0,(anonymous_6)
FNDA:6,(anonymous_7)
FNDA:5,(anonymous_8)
DA:1,19
DA:4,19
DA:5,19
DA:6,19
DA:7,19
DA:8,19
DA:16,19
DA:17,17
DA:18,17
DA:20,17
DA:22,17
DA:23,7
DA:24,7
DA:25,1
DA:26,1
DA:28,6
DA:29,6
DA:30,6
DA:36,17
DA:37,17
DA:38,6
DA:39,1
DA:41,6
DA:42,6
DA:43,6
DA:44,6
DA:45,6
DA:46,6
DA:50,17
DA:78,19
DA:79,5
DA:85,19
DA:91,19
DA:107,19
DA:121,19
DA:137,19
DA:142,19
LF:37
LH:37
BRDA:24,0,0,1
BRDA:24,0,1,6
BRDA:29,1,0,0
BRDA:29,1,1,6
BRDA:37,2,0,11
BRDA:37,2,1,6
BRDA:39,3,0,1
BRDA:39,3,1,0
BRDA:52,4,0,0
BRDA:52,4,1,17
BRDA:53,5,0,0
BRDA:53,5,1,17
BRDA:58,6,0,17
BRDA:58,6,1,6
BRDA:62,7,0,1
BRDA:62,7,1,5
BRDA:79,8,0,1
BRDA:79,8,1,4
BRF:18
BRH:14
end_of_record
TN:
SF:src\shared\ui\EmptyState.tsx
FN:9,(anonymous_0)
FNF:1
FNH:1
FNDA:8,(anonymous_0)
DA:1,19
DA:2,19
DA:9,19
DA:10,8
DA:18,19
DA:32,19
DA:39,19
LF:7
LH:7
BRDA:13,0,0,8
BRDA:13,0,1,6
BRF:2
BRH:2
end_of_record
TN:
SF:src\shared\ui\ImagePreviewModal.tsx
FN:15,(anonymous_1)
FN:19,(anonymous_2)
FN:20,(anonymous_3)
FN:26,(anonymous_4)
FN:27,(anonymous_5)
FN:33,(anonymous_6)
FN:34,(anonymous_7)
FN:46,(anonymous_8)
FNF:8
FNH:0
FNDA:0,(anonymous_1)
FNDA:0,(anonymous_2)
FNDA:0,(anonymous_3)
FNDA:0,(anonymous_4)
FNDA:0,(anonymous_5)
FNDA:0,(anonymous_6)
FNDA:0,(anonymous_7)
FNDA:0,(anonymous_8)
DA:1,18
DA:2,18
DA:3,18
DA:4,18
DA:5,18
DA:6,18
DA:15,18
DA:16,0
DA:17,0
DA:19,0
DA:20,0
DA:21,0
DA:22,0
DA:26,0
DA:27,0
DA:28,0
DA:29,0
DA:33,0
DA:34,0
DA:35,0
DA:36,0
DA:39,0
DA:40,0
DA:44,0
DA:46,0
DA:47,0
DA:51,0
DA:132,18
LF:28
LH:8
BRDA:21,0,0,0
BRDA:21,0,1,0
BRDA:28,1,0,0
BRDA:28,1,1,0
BRDA:35,2,0,0
BRDA:35,2,1,0
BRDA:35,3,0,0
BRDA:35,3,1,0
BRDA:39,4,0,0
BRDA:39,4,1,0
BRDA:39,5,0,0
BRDA:39,5,1,0
BRDA:72,6,0,0
BRDA:72,6,1,0
BRDA:72,6,2,0
BRDA:114,7,0,0
BRDA:114,7,1,0
BRDA:114,7,2,0
BRF:18
BRH:0
end_of_record
TN:
SF:src\shared\ui\MediaSkeleton.tsx
FN:20,(anonymous_0)
FN:29,(anonymous_1)
FN:37,(anonymous_2)
FNF:3
FNH:3
FNDA:22,(anonymous_0)
FNDA:88,(anonymous_1)
FNDA:22,(anonymous_2)
DA:1,18
DA:5,18
DA:6,18
DA:18,18
DA:20,18
DA:26,22
DA:30,88
DA:37,18
DA:38,22
DA:48,18
LF:10
LH:10
BRDA:21,0,0,0
BRDA:22,1,0,0
BRDA:24,2,0,0
BRDA:30,3,0,22
BRDA:30,3,1,66
BRDA:43,4,0,22
BRDA:43,4,1,21
BRF:7
BRH:4
end_of_record
TN:
SF:src\shared\ui\SearchInput.tsx
FN:15,(anonymous_1)
FN:47,(anonymous_2)
FNF:2
FNH:1
FNDA:5,(anonymous_1)
FNDA:0,(anonymous_2)
DA:1,18
DA:2,18
DA:3,18
DA:15,18
DA:24,5
DA:47,0
LF:6
LH:5
BRDA:19,0,0,0
BRDA:20,1,0,5
BRDA:21,2,0,0
BRDA:22,3,0,0
BRF:4
BRH:1
end_of_record
TN:
SF:src\shared\ui\Skeleton.tsx
FN:10,(anonymous_0)
FNF:1
FNH:1
FNDA:110,(anonymous_0)
DA:1,18
DA:2,18
DA:10,18
DA:11,110
LF:4
LH:4
BRDA:10,0,0,0
BRDA:10,1,0,0
BRDA:10,2,0,88
BRDA:15,3,0,22
BRDA:15,3,1,88
BRF:5
BRH:3
end_of_record
TN:
SF:src\shared\ui\StickyTopBar.tsx
FN:12,(anonymous_0)
FNF:1
FNH:1
FNDA:9,(anonymous_0)
DA:2,18
DA:5,18
DA:12,18
DA:13,9
DA:18,18
DA:31,18
LF:6
LH:6
BRDA:14,0,0,0
BRDA:14,0,1,9
BRF:2
BRH:1
end_of_record
TN:
SF:src\shared\ui\Title.tsx
FN:9,(anonymous_0)
FNF:1
FNH:0
FNDA:0,(anonymous_0)
DA:1,18
DA:2,18
DA:9,18
DA:10,0
LF:4
LH:3
BRF:0
BRH:0
end_of_record
TN:
SF:src\shared\ui\UnstyledLink.tsx
FN:6,(anonymous_0)
FNF:1
FNH:1
FNDA:40,(anonymous_0)
DA:1,20
DA:2,20
DA:6,20
DA:7,40
LF:4
LH:4
BRF:0
BRH:0
end_of_record
TN:
SF:src\shared\ui\UserInline.tsx
FN:14,(anonymous_0)
FNF:1
FNH:1
FNDA:20,(anonymous_0)
DA:1,19
DA:2,19
DA:3,19
DA:14,19
DA:15,20
LF:5
LH:5
BRF:0
BRH:0
end_of_record
TN:
SF:src\shared\ui\modal\Modal.tsx
FN:22,(anonymous_0)
FN:45,(anonymous_1)
FNF:2
FNH:2
FNDA:5,(anonymous_0)
FNDA:2,(anonymous_1)
DA:2,19
DA:5,19
DA:6,19
DA:7,19
DA:8,19
DA:22,19
DA:30,5
DA:32,5
DA:46,2
LF:9
LH:9
BRDA:25,0,0,3
BRDA:26,1,0,5
BRDA:27,2,0,5
BRDA:40,3,0,4
BRDA:40,3,1,1
BRDA:41,4,0,1
BRDA:41,4,1,4
BRDA:46,5,0,1
BRDA:46,5,1,1
BRF:9
BRH:9
end_of_record
TN:
SF:src\shared\ui\modal\ModalActionButton.tsx
FN:17,(anonymous_0)
FNF:1
FNH:1
FNDA:4,(anonymous_0)
DA:2,19
DA:5,19
DA:17,19
DA:24,4
LF:4
LH:4
BRDA:33,0,0,2
BRDA:33,0,1,2
BRF:2
BRH:2
end_of_record
TN:
SF:src\shared\ui\modal\ModalContent.tsx
FN:16,(anonymous_0)
FNF:1
FNH:1
FNDA:3,(anonymous_0)
DA:2,19
DA:5,19
DA:16,19
DA:24,3
LF:4
LH:4
BRDA:18,0,0,2
BRDA:19,1,0,3
BRF:2
BRH:2
end_of_record
TN:
SF:src\widgets\feed\ui\FeedHeader.tsx
FN:19,(anonymous_0)
FN:23,(anonymous_1)
FN:29,(anonymous_2)
FNF:3
FNH:3
FNDA:4,(anonymous_0)
FNDA:8,(anonymous_1)
FNDA:2,(anonymous_2)
DA:1,1
DA:4,1
DA:5,1
DA:19,1
DA:20,4
DA:24,8
DA:26,8
DA:29,2
DA:57,1
DA:65,1
DA:75,1
DA:82,1
LF:12
LH:12
BRDA:32,0,0,4
BRDA:32,0,1,4
BRDA:33,1,0,4
BRDA:33,1,1,4
BRDA:42,2,0,4
BRDA:42,2,1,4
BRDA:43,3,0,4
BRDA:43,3,1,4
BRF:8
BRH:8
end_of_record
TN:
SF:src\widgets\posts\PostsList.tsx
FN:21,(anonymous_0)
FN:34,(anonymous_1)
FN:39,(anonymous_2)
FN:47,(anonymous_3)
FN:67,(anonymous_4)
FN:76,(anonymous_5)
FN:85,(anonymous_6)
FN:100,(anonymous_7)
FNF:8
FNH:6
FNDA:11,(anonymous_0)
FNDA:8,(anonymous_1)
FNDA:0,(anonymous_2)
FNDA:1,(anonymous_3)
FNDA:11,(anonymous_4)
FNDA:2,(anonymous_5)
FNDA:0,(anonymous_6)
FNDA:1,(anonymous_7)
DA:1,1
DA:2,1
DA:3,1
DA:4,1
DA:5,1
DA:6,1
DA:7,1
DA:8,1
DA:9,1
DA:10,1
DA:21,1
DA:29,11
DA:30,11
DA:31,11
DA:32,11
DA:34,11
DA:35,8
DA:36,8
DA:38,1
DA:40,0
DA:41,0
DA:46,1
DA:47,1
DA:50,11
DA:52,10
DA:68,11
DA:76,2
DA:86,0
DA:100,1
LF:29
LH:26
BRDA:23,0,0,11
BRDA:24,1,0,11
BRDA:25,2,0,9
BRDA:26,3,0,11
BRDA:36,4,0,7
BRDA:36,4,1,1
BRDA:36,5,0,8
BRDA:36,5,1,1
BRDA:36,5,2,1
BRDA:40,6,0,0
BRDA:40,6,1,0
BRDA:40,7,0,0
BRDA:40,7,1,0
BRDA:50,8,0,1
BRDA:50,8,1,10
BRDA:74,9,0,11
BRDA:74,9,1,11
BRDA:86,10,0,0
BRDA:86,10,1,0
BRDA:93,11,0,10
BRDA:93,11,1,1
BRDA:97,12,0,10
BRDA:97,12,1,2
BRF:23
BRH:17
end_of_record
TN:
SF:src\widgets\profile\Profile.tsx
FN:25,(anonymous_1)
FN:36,(anonymous_2)
FN:74,(anonymous_3)
FN:78,(anonymous_4)
FN:92,(anonymous_5)
FN:93,(anonymous_6)
FN:102,(anonymous_7)
FN:116,(anonymous_8)
FNF:8
FNH:0
FNDA:0,(anonymous_1)
FNDA:0,(anonymous_2)
FNDA:0,(anonymous_3)
FNDA:0,(anonymous_4)
FNDA:0,(anonymous_5)
FNDA:0,(anonymous_6)
FNDA:0,(anonymous_7)
FNDA:0,(anonymous_8)
DA:1,0
DA:4,0
DA:5,0
DA:6,0
DA:7,0
DA:8,0
DA:9,0
DA:10,0
DA:11,0
DA:12,0
DA:13,0
DA:15,0
DA:16,0
DA:25,0
DA:26,0
DA:27,0
DA:28,0
DA:29,0
DA:30,0
DA:31,0
DA:33,0
DA:34,0
DA:36,0
DA:37,0
DA:38,0
DA:41,0
DA:75,0
DA:79,0
DA:83,0
DA:93,0
DA:102,0
DA:116,0
DA:171,0
DA:182,0
DA:194,0
DA:205,0
DA:218,0
DA:233,0
DA:247,0
LF:39
LH:0
BRDA:33,0,0,0
BRDA:33,0,1,0
BRDA:34,1,0,0
BRDA:34,1,1,0
BRDA:37,2,0,0
BRDA:37,2,1,0
BRDA:51,3,0,0
BRDA:51,3,1,0
BRDA:59,4,0,0
BRDA:59,4,1,0
BRDA:72,5,0,0
BRDA:72,5,1,0
BRDA:72,5,2,0
BRDA:81,6,0,0
BRDA:81,6,1,0
BRDA:86,7,0,0
BRDA:86,7,1,0
BRDA:88,8,0,0
BRDA:88,8,1,0
BRDA:112,9,0,0
BRDA:112,9,1,0
BRDA:122,10,0,0
BRDA:122,10,1,0
BRDA:123,11,0,0
BRDA:123,11,1,0
BRDA:138,12,0,0
BRDA:138,12,1,0
BRDA:146,13,0,0
BRDA:146,13,1,0
BRDA:158,14,0,0
BRDA:158,14,1,0
BRF:31
BRH:0
end_of_record
TN:
SF:src\widgets\profile\ProfileSkeleton.tsx
FN:7,(anonymous_0)
FNF:1
FNH:0
FNDA:0,(anonymous_0)
DA:1,0
DA:4,0
DA:5,0
DA:7,0
DA:8,0
DA:44,0
DA:53,0
DA:66,0
DA:73,0
DA:79,0
LF:10
LH:0
BRF:0
BRH:0
end_of_record
TN:
SF:src\widgets\search\EmptyResults.tsx
FN:3,(anonymous_0)
FNF:1
FNH:0
FNDA:0,(anonymous_0)
DA:1,0
DA:3,0
DA:4,0
LF:3
LH:0
BRF:0
BRH:0
end_of_record
TN:
SF:src\widgets\search\SearchPanel.tsx
FN:19,(anonymous_1)
FN:31,(anonymous_2)
FN:52,(anonymous_3)
FN:59,(anonymous_4)
FN:82,(anonymous_5)
FN:84,(anonymous_6)
FN:96,(anonymous_7)
FNF:7
FNH:0
FNDA:0,(anonymous_1)
FNDA:0,(anonymous_2)
FNDA:0,(anonymous_3)
FNDA:0,(anonymous_4)
FNDA:0,(anonymous_5)
FNDA:0,(anonymous_6)
FNDA:0,(anonymous_7)
DA:1,0
DA:2,0
DA:5,0
DA:6,0
DA:7,0
DA:8,0
DA:9,0
DA:10,0
DA:11,0
DA:12,0
DA:13,0
DA:19,0
DA:20,0
DA:21,0
DA:22,0
DA:23,0
DA:24,0
DA:25,0
DA:27,0
DA:28,0
DA:29,0
DA:31,0
DA:32,0
DA:33,0
DA:35,0
DA:36,0
DA:38,0
DA:44,0
DA:52,0
DA:59,0
DA:82,0
DA:84,0
DA:97,0
DA:107,0
DA:115,0
DA:128,0
DA:135,0
LF:37
LH:0
BRDA:29,0,0,0
BRDA:29,0,1,0
BRDA:33,1,0,0
BRDA:33,1,1,0
BRDA:47,2,0,0
BRDA:47,2,1,0
BRDA:56,3,0,0
BRDA:56,3,1,0
BRDA:56,3,2,0
BRDA:91,4,0,0
BRDA:91,4,1,0
BRF:11
BRH:0
end_of_record
TN:
SF:src\widgets\search\UsersResults.tsx
FN:16,(anonymous_0)
FN:24,(anonymous_1)
FN:29,(anonymous_2)
FN:37,(anonymous_3)
FN:42,(anonymous_4)
FNF:5
FNH:0
FNDA:0,(anonymous_0)
FNDA:0,(anonymous_1)
FNDA:0,(anonymous_2)
FNDA:0,(anonymous_3)
FNDA:0,(anonymous_4)
DA:1,0
DA:4,0
DA:5,0
DA:6,0
DA:16,0
DA:22,0
DA:24,0
DA:25,0
DA:26,0
DA:28,0
DA:30,0
DA:31,0
DA:36,0
DA:37,0
DA:40,0
DA:43,0
DA:52,0
DA:67,0
LF:18
LH:0
BRDA:18,0,0,0
BRDA:19,1,0,0
BRDA:26,2,0,0
BRDA:26,2,1,0
BRDA:26,3,0,0
BRDA:26,3,1,0
BRDA:26,3,2,0
BRDA:30,4,0,0
BRDA:30,4,1,0
BRDA:30,5,0,0
BRDA:30,5,1,0
BRDA:47,6,0,0
BRDA:47,6,1,0
BRF:13
BRH:0
end_of_record
TN:
SF:src\widgets\sidebar\SideBar.tsx
FN:24,(anonymous_1)
FN:39,(anonymous_2)
FN:79,(anonymous_3)
FN:93,(anonymous_4)
FN:93,(anonymous_5)
FNF:5
FNH:5
FNDA:12,(anonymous_1)
FNDA:1,(anonymous_2)
FNDA:1,(anonymous_3)
FNDA:1,(anonymous_4)
FNDA:1,(anonymous_5)
DA:1,1
DA:4,1
DA:5,1
DA:6,1
DA:7,1
DA:8,1
DA:9,1
DA:10,1
DA:11,1
DA:12,1
DA:13,1
DA:14,1
DA:15,1
DA:16,1
DA:17,1
DA:18,1
DA:24,1
DA:25,12
DA:26,12
DA:27,12
DA:28,12
DA:29,12
DA:30,12
DA:31,12
DA:32,12
DA:33,12
DA:34,9
DA:35,9
DA:36,9
DA:37,9
DA:39,9
DA:40,1
DA:41,1
DA:43,1
DA:44,1
DA:45,1
DA:47,1
DA:50,9
DA:79,1
DA:93,1
DA:103,1
DA:134,1
DA:160,1
DA:176,1
DA:194,1
DA:225,1
DA:257,1
LF:47
LH:47
BRDA:30,0,0,12
BRDA:30,0,1,9
BRDA:31,1,0,12
BRDA:31,1,1,9
BRDA:32,2,0,12
BRDA:32,2,1,9
BRDA:33,3,0,3
BRDA:33,3,1,9
BRDA:35,4,0,9
BRDA:35,4,1,0
BRDA:36,5,0,9
BRDA:36,5,1,0
BRDA:37,6,0,9
BRDA:37,6,1,0
BRDA:56,7,0,0
BRDA:56,7,1,9
BRDA:76,8,0,9
BRDA:76,8,1,8
BRDA:98,9,0,9
BRDA:98,9,1,1
BRF:20
BRH:16
end_of_record
TN:
SF:src\widgets\sidebar\SideBarNav.tsx
FN:23,(anonymous_0)
FN:45,(anonymous_1)
FN:52,(anonymous_2)
FN:64,(anonymous_3)
FN:69,(anonymous_4)
FNF:5
FNH:5
FNDA:77,(anonymous_0)
FNDA:77,(anonymous_1)
FNDA:16,(anonymous_2)
FNDA:112,(anonymous_3)
FNDA:77,(anonymous_4)
DA:1,2
DA:4,2
DA:5,2
DA:6,2
DA:7,2
DA:8,2
DA:9,2
DA:23,2
DA:24,77
DA:25,77
DA:27,77
DA:45,2
DA:46,77
DA:47,64
DA:48,51
DA:49,48
DA:52,2
DA:58,16
DA:59,16
DA:61,16
DA:65,112
DA:66,86
DA:67,77
DA:70,77
DA:72,77
DA:84,2
DA:98,2
DA:141,2
DA:148,2
DA:166,2
LF:30
LH:30
BRDA:25,0,0,16
BRDA:25,0,1,61
BRDA:25,1,0,77
BRDA:25,1,1,16
BRDA:32,2,0,77
BRDA:32,2,1,19
BRDA:34,3,0,1
BRDA:34,3,1,18
BRDA:46,4,0,13
BRDA:46,4,1,64
BRDA:47,5,0,13
BRDA:47,5,1,51
BRDA:48,6,0,3
BRDA:48,6,1,48
BRDA:65,7,0,26
BRDA:65,7,1,86
BRDA:65,8,0,112
BRDA:65,8,1,32
BRDA:66,9,0,9
BRDA:66,9,1,77
BRDA:66,10,0,86
BRDA:66,10,1,48
BRDA:70,11,0,2
BRDA:70,11,1,75
BRF:24
BRH:24
end_of_record
TN:
SF:src\widgets\sidebar\SideBarProfile.tsx
FN:17,(anonymous_1)
FN:20,(anonymous_2)
FNF:2
FNH:2
FNDA:15,(anonymous_1)
FNDA:1,(anonymous_2)
DA:1,2
DA:4,2
DA:5,2
DA:7,2
DA:8,2
DA:17,2
DA:18,15
DA:20,15
DA:21,1
DA:24,15
DA:63,2
DA:81,2
DA:123,2
DA:149,2
DA:160,2
DA:168,2
LF:16
LH:16
BRDA:21,0,0,0
BRDA:21,0,1,1
BRDA:37,1,0,15
BRDA:37,1,1,3
BRF:4
BRH:3
end_of_record
TN:
SF:src\widgets\sidebar\model\menuItems.ts
FNF:0
FNH:0
DA:2,3
DA:3,3
DA:4,3
DA:5,3
DA:6,3
DA:7,3
DA:8,3
DA:9,3
DA:10,3
DA:11,3
DA:12,3
DA:13,3
DA:14,3
DA:15,3
DA:16,3
DA:29,3
LF:16
LH:16
BRF:0
BRH:0
end_of_record
