TN:
SF:src\features\profile\validator.ts
FN:6,validateProfile
FNF:1
FNH:1
FNDA:4,validateProfile
DA:1,1
DA:2,1
DA:6,1
DA:7,4
DA:8,4
DA:9,4
DA:11,4
DA:12,3
DA:13,1
DA:15,4
DA:17,4
LF:11
LH:11
BRDA:9,0,0,4
BRDA:9,0,1,2
BRDA:11,1,0,1
BRDA:11,1,1,3
BRDA:12,2,0,1
BRDA:12,2,1,2
BRDA:15,3,0,1
BRDA:15,3,1,3
BRF:8
BRH:8
end_of_record
TN:
SF:src\shared\lib\copyToClipboard.ts
FN:1,(anonymous_0)
FNF:1
FNH:1
FNDA:2,(anonymous_0)
DA:1,1
DA:2,2
DA:3,2
DA:4,1
DA:6,1
LF:5
LH:5
BRF:0
BRH:0
end_of_record
TN:
SF:src\shared\lib\plural.ts
FN:9,(anonymous_0)
FNF:1
FNH:1
FNDA:7,(anonymous_0)
DA:1,1
DA:9,1
DA:10,7
DA:11,7
LF:4
LH:4
BRDA:11,0,0,7
BRDA:11,0,1,1
BRF:2
BRH:2
end_of_record
TN:
SF:src\shared\lib\useDebouncedValue.ts
FN:3,(anonymous_0)
FN:6,(anonymous_1)
FN:7,(anonymous_2)
FN:8,(anonymous_3)
FNF:4
FNH:4
FNDA:8,(anonymous_0)
FNDA:6,(anonymous_1)
FNDA:3,(anonymous_2)
FNDA:6,(anonymous_3)
DA:1,1
DA:3,1
DA:4,8
DA:6,8
DA:7,6
DA:8,6
DA:11,8
LF:7
LH:7
BRDA:3,0,0,1
BRF:1
BRH:1
end_of_record
TN:
SF:src\shared\ui\CharacterCounter.tsx
FN:9,(anonymous_0)
FN:67,(anonymous_1)
FNF:2
FNH:2
FNDA:3,(anonymous_0)
FNDA:3,(anonymous_1)
DA:1,1
DA:9,1
DA:10,3
DA:11,3
DA:12,3
DA:13,3
DA:14,3
DA:15,3
DA:16,3
DA:17,3
DA:19,3
DA:67,1
DA:68,3
DA:70,2
DA:71,2
DA:72,2
DA:74,2
DA:75,1
DA:80,1
DA:81,1
DA:82,1
DA:84,1
LF:22
LH:22
BRDA:9,0,0,0
BRDA:9,1,0,2
BRDA:25,2,0,2
BRDA:25,2,1,1
BRDA:41,3,0,2
BRDA:41,3,1,1
BRDA:68,4,0,1
BRDA:68,4,1,2
BRDA:74,5,0,1
BRDA:74,5,1,1
BRDA:82,6,0,0
BRDA:82,6,1,1
BRF:12
BRH:10
end_of_record
